CRITICAL - 2022-11-21 17:10:23 --> Invalid file: situs/landing.php
in SYSTEMPATH\Exceptions\FrameworkException.php on line 33.
 1 SYSTEMPATH\View\View.php(201): CodeIgniter\Exceptions\FrameworkException::forInvalidFile('situs/landing.php')
 2 SYSTEMPATH\Common.php(1134): CodeIgniter\View\View->render('situs/landing', [], true)
 3 APPPATH\Controllers\Root.php(9): view('situs/landing')
 4 SYSTEMPATH\CodeIgniter.php(927): App\Controllers\Root->index()
 5 SYSTEMPATH\CodeIgniter.php(482): CodeIgniter\CodeIgniter->runController(Object(App\Controllers\Root))
 6 SYSTEMPATH\CodeIgniter.php(351): CodeIgniter\CodeIgniter->handleRequest(null, Object(Config\Cache), false)
 7 FCPATH\index.php(67): CodeIgniter\CodeIgniter->run()
 8 SYSTEMPATH\Commands\Server\rewrite.php(46): require_once('FCPATH\\index.php')
CRITICAL - 2022-11-21 18:05:43 --> Invalid file: situs/login.php
in SYSTEMPATH\Exceptions\FrameworkException.php on line 33.
 1 SYSTEMPATH\View\View.php(201): CodeIgniter\Exceptions\FrameworkException::forInvalidFile('situs/login.php')
 2 SYSTEMPATH\Common.php(1134): CodeIgniter\View\View->render('situs/login', [], true)
 3 APPPATH\Controllers\Root.php(31): view('situs/login')
 4 SYSTEMPATH\CodeIgniter.php(927): App\Controllers\Root->tampillogin()
 5 SYSTEMPATH\CodeIgniter.php(482): CodeIgniter\CodeIgniter->runController(Object(App\Controllers\Root))
 6 SYSTEMPATH\CodeIgniter.php(351): CodeIgniter\CodeIgniter->handleRequest(null, Object(Config\Cache), false)
 7 FCPATH\index.php(67): CodeIgniter\CodeIgniter->run()
 8 SYSTEMPATH\Commands\Server\rewrite.php(46): require_once('FCPATH\\index.php')
CRITICAL - 2022-11-21 18:41:42 --> Undefined array key "kodepengguna"
in APPPATH\Controllers\Root.php on line 39.
 1 APPPATH\Controllers\Root.php(39): CodeIgniter\Debug\Exceptions->errorHandler(2, 'Undefined array key "kodepengguna"', 'APPPATH\\Controllers\\Root.php', 39)
 2 SYSTEMPATH\CodeIgniter.php(927): App\Controllers\Root->proseslogin()
 3 SYSTEMPATH\CodeIgniter.php(482): CodeIgniter\CodeIgniter->runController(Object(App\Controllers\Root))
 4 SYSTEMPATH\CodeIgniter.php(351): CodeIgniter\CodeIgniter->handleRequest(null, Object(Config\Cache), false)
 5 FCPATH\index.php(67): CodeIgniter\CodeIgniter->run()
 6 SYSTEMPATH\Commands\Server\rewrite.php(46): require_once('FCPATH\\index.php')
CRITICAL - 2022-11-21 18:51:03 --> Invalid file: admin/analisa.php
in SYSTEMPATH\Exceptions\FrameworkException.php on line 33.
 1 SYSTEMPATH\View\View.php(201): CodeIgniter\Exceptions\FrameworkException::forInvalidFile('admin/analisa.php')
 2 SYSTEMPATH\Common.php(1134): CodeIgniter\View\View->render('admin/analisa', [], true)
 3 APPPATH\Controllers\Analisa.php(10): view('admin/analisa', [...])
 4 SYSTEMPATH\CodeIgniter.php(927): App\Controllers\Analisa->index()
 5 SYSTEMPATH\CodeIgniter.php(482): CodeIgniter\CodeIgniter->runController(Object(App\Controllers\Analisa))
 6 SYSTEMPATH\CodeIgniter.php(351): CodeIgniter\CodeIgniter->handleRequest(null, Object(Config\Cache), false)
 7 FCPATH\index.php(67): CodeIgniter\CodeIgniter->run()
 8 SYSTEMPATH\Commands\Server\rewrite.php(46): require_once('FCPATH\\index.php')
CRITICAL - 2022-11-21 18:56:57 --> Undefined property: App\Controllers\Analisa::$mod
in APPPATH\Controllers\Analisa.php on line 12.
 1 APPPATH\Controllers\Analisa.php(12): CodeIgniter\Debug\Exceptions->errorHandler(2, 'Undefined property: App\\Controllers\\Analisa::$mod', 'APPPATH\\Controllers\\Analisa.php', 12)
 2 SYSTEMPATH\CodeIgniter.php(927): App\Controllers\Analisa->index()
 3 SYSTEMPATH\CodeIgniter.php(482): CodeIgniter\CodeIgniter->runController(Object(App\Controllers\Analisa))
 4 SYSTEMPATH\CodeIgniter.php(351): CodeIgniter\CodeIgniter->handleRequest(null, Object(Config\Cache), false)
 5 FCPATH\index.php(67): CodeIgniter\CodeIgniter->run()
 6 SYSTEMPATH\Commands\Server\rewrite.php(46): require_once('FCPATH\\index.php')
CRITICAL - 2022-11-21 18:57:35 --> Invalid file: admin/analisa.php
in SYSTEMPATH\Exceptions\FrameworkException.php on line 33.
 1 SYSTEMPATH\View\View.php(201): CodeIgniter\Exceptions\FrameworkException::forInvalidFile('admin/analisa.php')
 2 SYSTEMPATH\Common.php(1134): CodeIgniter\View\View->render('admin/analisa', [], true)
 3 APPPATH\Controllers\Analisa.php(21): view('admin/analisa', [...])
 4 SYSTEMPATH\CodeIgniter.php(927): App\Controllers\Analisa->index()
 5 SYSTEMPATH\CodeIgniter.php(482): CodeIgniter\CodeIgniter->runController(Object(App\Controllers\Analisa))
 6 SYSTEMPATH\CodeIgniter.php(351): CodeIgniter\CodeIgniter->handleRequest(null, Object(Config\Cache), false)
 7 FCPATH\index.php(67): CodeIgniter\CodeIgniter->run()
 8 SYSTEMPATH\Commands\Server\rewrite.php(46): require_once('FCPATH\\index.php')
CRITICAL - 2022-11-21 18:57:47 --> Cannot use object of type mysqli as array
in APPPATH\Views\admin\analisa.php on line 68.
 1 SYSTEMPATH\View\View.php(213): include()
 2 SYSTEMPATH\View\View.php(216): CodeIgniter\View\View->CodeIgniter\View\{closure}()
 3 SYSTEMPATH\Common.php(1134): CodeIgniter\View\View->render('admin/analisa', [], true)
 4 APPPATH\Controllers\Analisa.php(21): view('admin/analisa', [...])
 5 SYSTEMPATH\CodeIgniter.php(927): App\Controllers\Analisa->index()
 6 SYSTEMPATH\CodeIgniter.php(482): CodeIgniter\CodeIgniter->runController(Object(App\Controllers\Analisa))
 7 SYSTEMPATH\CodeIgniter.php(351): CodeIgniter\CodeIgniter->handleRequest(null, Object(Config\Cache), false)
 8 FCPATH\index.php(67): CodeIgniter\CodeIgniter->run()
 9 SYSTEMPATH\Commands\Server\rewrite.php(46): require_once('FCPATH\\index.php')
CRITICAL - 2022-11-21 18:58:15 --> Undefined array key "nip"
in APPPATH\Views\admin\analisa.php on line 69.
 1 APPPATH\Views\admin\analisa.php(69): CodeIgniter\Debug\Exceptions->errorHandler(2, 'Undefined array key "nip"', 'APPPATH\\Views\\admin\\analisa.php', 69)
 2 SYSTEMPATH\View\View.php(213): include('APPPATH\\Views\\admin\\analisa.php')
 3 SYSTEMPATH\View\View.php(216): CodeIgniter\View\View->CodeIgniter\View\{closure}()
 4 SYSTEMPATH\Common.php(1134): CodeIgniter\View\View->render('admin/analisa', [], true)
 5 APPPATH\Controllers\Analisa.php(21): view('admin/analisa', [...])
 6 SYSTEMPATH\CodeIgniter.php(927): App\Controllers\Analisa->index()
 7 SYSTEMPATH\CodeIgniter.php(482): CodeIgniter\CodeIgniter->runController(Object(App\Controllers\Analisa))
 8 SYSTEMPATH\CodeIgniter.php(351): CodeIgniter\CodeIgniter->handleRequest(null, Object(Config\Cache), false)
 9 FCPATH\index.php(67): CodeIgniter\CodeIgniter->run()
10 SYSTEMPATH\Commands\Server\rewrite.php(46): require_once('FCPATH\\index.php')
ERROR - 2022-11-21 18:58:35 --> mysqli_sql_exception: You have an error in your SQL syntax; check the manual that corresponds to your MariaDB server version for the right syntax to use near 'from nilai join karyawan on nilai.kodekaryawan = karyawan.kodekaryawan where ...' at line 1 in C:\xampp\htdocs\estu\system\Database\MySQLi\Connection.php:292
Stack trace:
#0 C:\xampp\htdocs\estu\system\Database\MySQLi\Connection.php(292): mysqli->query('select karyawan...', 0)
#1 C:\xampp\htdocs\estu\system\Database\BaseConnection.php(666): CodeIgniter\Database\MySQLi\Connection->execute('select karyawan...')
#2 C:\xampp\htdocs\estu\system\Database\BaseConnection.php(593): CodeIgniter\Database\BaseConnection->simpleQuery('select karyawan...')
#3 C:\xampp\htdocs\estu\app\Controllers\Analisa.php(17): CodeIgniter\Database\BaseConnection->query('select karyawan...')
#4 C:\xampp\htdocs\estu\system\CodeIgniter.php(927): App\Controllers\Analisa->index()
#5 C:\xampp\htdocs\estu\system\CodeIgniter.php(482): CodeIgniter\CodeIgniter->runController(Object(App\Controllers\Analisa))
#6 C:\xampp\htdocs\estu\system\CodeIgniter.php(351): CodeIgniter\CodeIgniter->handleRequest(NULL, Object(Config\Cache), false)
#7 C:\xampp\htdocs\estu\public\index.php(67): CodeIgniter\CodeIgniter->run()
#8 C:\xampp\htdocs\estu\system\Commands\Server\rewrite.php(46): require_once('C:\\xampp\\htdocs...')
#9 {main}
CRITICAL - 2022-11-21 18:58:35 --> Call to a member function getResultArray() on bool
in APPPATH\Controllers\Analisa.php on line 17.
 1 SYSTEMPATH\CodeIgniter.php(927): App\Controllers\Analisa->index()
 2 SYSTEMPATH\CodeIgniter.php(482): CodeIgniter\CodeIgniter->runController(Object(App\Controllers\Analisa))
 3 SYSTEMPATH\CodeIgniter.php(351): CodeIgniter\CodeIgniter->handleRequest(null, Object(Config\Cache), false)
 4 FCPATH\index.php(67): CodeIgniter\CodeIgniter->run()
 5 SYSTEMPATH\Commands\Server\rewrite.php(46): require_once('FCPATH\\index.php')
CRITICAL - 2022-11-21 18:58:44 --> Undefined array key "kodekaryawan"
in APPPATH\Views\admin\analisa.php on line 74.
 1 APPPATH\Views\admin\analisa.php(74): CodeIgniter\Debug\Exceptions->errorHandler(2, 'Undefined array key "kodekaryawan"', 'APPPATH\\Views\\admin\\analisa.php', 74)
 2 SYSTEMPATH\View\View.php(213): include('APPPATH\\Views\\admin\\analisa.php')
 3 SYSTEMPATH\View\View.php(216): CodeIgniter\View\View->CodeIgniter\View\{closure}()
 4 SYSTEMPATH\Common.php(1134): CodeIgniter\View\View->render('admin/analisa', [], true)
 5 APPPATH\Controllers\Analisa.php(21): view('admin/analisa', [...])
 6 SYSTEMPATH\CodeIgniter.php(927): App\Controllers\Analisa->index()
 7 SYSTEMPATH\CodeIgniter.php(482): CodeIgniter\CodeIgniter->runController(Object(App\Controllers\Analisa))
 8 SYSTEMPATH\CodeIgniter.php(351): CodeIgniter\CodeIgniter->handleRequest(null, Object(Config\Cache), false)
 9 FCPATH\index.php(67): CodeIgniter\CodeIgniter->run()
10 SYSTEMPATH\Commands\Server\rewrite.php(46): require_once('FCPATH\\index.php')
CRITICAL - 2022-11-21 19:23:16 --> Undefined variable $k
in APPPATH\Controllers\Analisa.php on line 74.
 1 APPPATH\Controllers\Analisa.php(74): CodeIgniter\Debug\Exceptions->errorHandler(2, 'Undefined variable $k', 'APPPATH\\Controllers\\Analisa.php', 74)
 2 SYSTEMPATH\CodeIgniter.php(927): App\Controllers\Analisa->prosesdata([...])
 3 SYSTEMPATH\CodeIgniter.php(482): CodeIgniter\CodeIgniter->runController(Object(App\Controllers\Analisa))
 4 SYSTEMPATH\CodeIgniter.php(351): CodeIgniter\CodeIgniter->handleRequest(null, Object(Config\Cache), false)
 5 FCPATH\index.php(67): CodeIgniter\CodeIgniter->run()
 6 SYSTEMPATH\Commands\Server\rewrite.php(46): require_once('FCPATH\\index.php')
CRITICAL - 2022-11-21 19:23:28 --> Undefined array key "kodekaryawan"
in APPPATH\Controllers\Analisa.php on line 74.
 1 APPPATH\Controllers\Analisa.php(74): CodeIgniter\Debug\Exceptions->errorHandler(2, 'Undefined array key "kodekaryawan"', 'APPPATH\\Controllers\\Analisa.php', 74)
 2 SYSTEMPATH\CodeIgniter.php(927): App\Controllers\Analisa->prosesdata([...])
 3 SYSTEMPATH\CodeIgniter.php(482): CodeIgniter\CodeIgniter->runController(Object(App\Controllers\Analisa))
 4 SYSTEMPATH\CodeIgniter.php(351): CodeIgniter\CodeIgniter->handleRequest(null, Object(Config\Cache), false)
 5 FCPATH\index.php(67): CodeIgniter\CodeIgniter->run()
 6 SYSTEMPATH\Commands\Server\rewrite.php(46): require_once('FCPATH\\index.php')
CRITICAL - 2022-11-21 19:23:30 --> Undefined array key "kodekaryawan"
in APPPATH\Controllers\Analisa.php on line 74.
 1 APPPATH\Controllers\Analisa.php(74): CodeIgniter\Debug\Exceptions->errorHandler(2, 'Undefined array key "kodekaryawan"', 'APPPATH\\Controllers\\Analisa.php', 74)
 2 SYSTEMPATH\CodeIgniter.php(927): App\Controllers\Analisa->prosesdata([...])
 3 SYSTEMPATH\CodeIgniter.php(482): CodeIgniter\CodeIgniter->runController(Object(App\Controllers\Analisa))
 4 SYSTEMPATH\CodeIgniter.php(351): CodeIgniter\CodeIgniter->handleRequest(null, Object(Config\Cache), false)
 5 FCPATH\index.php(67): CodeIgniter\CodeIgniter->run()
 6 SYSTEMPATH\Commands\Server\rewrite.php(46): require_once('FCPATH\\index.php')
CRITICAL - 2022-11-21 19:23:30 --> Undefined array key "kodekaryawan"
in APPPATH\Controllers\Analisa.php on line 74.
 1 APPPATH\Controllers\Analisa.php(74): CodeIgniter\Debug\Exceptions->errorHandler(2, 'Undefined array key "kodekaryawan"', 'APPPATH\\Controllers\\Analisa.php', 74)
 2 SYSTEMPATH\CodeIgniter.php(927): App\Controllers\Analisa->prosesdata([...])
 3 SYSTEMPATH\CodeIgniter.php(482): CodeIgniter\CodeIgniter->runController(Object(App\Controllers\Analisa))
 4 SYSTEMPATH\CodeIgniter.php(351): CodeIgniter\CodeIgniter->handleRequest(null, Object(Config\Cache), false)
 5 FCPATH\index.php(67): CodeIgniter\CodeIgniter->run()
 6 SYSTEMPATH\Commands\Server\rewrite.php(46): require_once('FCPATH\\index.php')
ERROR - 2022-11-21 19:27:55 --> mysqli_sql_exception: Column 'kodekriteria' in field list is ambiguous in C:\xampp\htdocs\estu\system\Database\MySQLi\Connection.php:292
Stack trace:
#0 C:\xampp\htdocs\estu\system\Database\MySQLi\Connection.php(292): mysqli->query('select kriteria...', 0)
#1 C:\xampp\htdocs\estu\system\Database\BaseConnection.php(666): CodeIgniter\Database\MySQLi\Connection->execute('select kriteria...')
#2 C:\xampp\htdocs\estu\system\Database\BaseConnection.php(593): CodeIgniter\Database\BaseConnection->simpleQuery('select kriteria...')
#3 C:\xampp\htdocs\estu\app\Controllers\Analisa.php(72): CodeIgniter\Database\BaseConnection->query('select kriteria...')
#4 C:\xampp\htdocs\estu\system\CodeIgniter.php(927): App\Controllers\Analisa->prosesdata(Array)
#5 C:\xampp\htdocs\estu\system\CodeIgniter.php(482): CodeIgniter\CodeIgniter->runController(Object(App\Controllers\Analisa))
#6 C:\xampp\htdocs\estu\system\CodeIgniter.php(351): CodeIgniter\CodeIgniter->handleRequest(NULL, Object(Config\Cache), false)
#7 C:\xampp\htdocs\estu\public\index.php(67): CodeIgniter\CodeIgniter->run()
#8 C:\xampp\htdocs\estu\system\Commands\Server\rewrite.php(46): require_once('C:\\xampp\\htdocs...')
#9 {main}
CRITICAL - 2022-11-21 19:27:55 --> Call to a member function getResultArray() on bool
in APPPATH\Controllers\Analisa.php on line 72.
 1 SYSTEMPATH\CodeIgniter.php(927): App\Controllers\Analisa->prosesdata([...])
 2 SYSTEMPATH\CodeIgniter.php(482): CodeIgniter\CodeIgniter->runController(Object(App\Controllers\Analisa))
 3 SYSTEMPATH\CodeIgniter.php(351): CodeIgniter\CodeIgniter->handleRequest(null, Object(Config\Cache), false)
 4 FCPATH\index.php(67): CodeIgniter\CodeIgniter->run()
 5 SYSTEMPATH\Commands\Server\rewrite.php(46): require_once('FCPATH\\index.php')
CRITICAL - 2022-11-21 21:16:05 --> syntax error, unexpected token "if", expecting "function" or "const"
in APPPATH\Controllers\Admin.php on line 5.
 1 SYSTEMPATH\Autoloader\Autoloader.php(259): CodeIgniter\Autoloader\Autoloader->includeFile('APPPATH\\Controllers\\Admin.php')
 2 SYSTEMPATH\Autoloader\Autoloader.php(237): CodeIgniter\Autoloader\Autoloader->loadInNamespace('App\\Controllers\\Admin')
 3 [internal function]: CodeIgniter\Autoloader\Autoloader->loadClass('App\\Controllers\\Admin')
 4 SYSTEMPATH\CodeIgniter.php(877): class_exists('\\App\\Controllers\\Admin', true)
 5 SYSTEMPATH\CodeIgniter.php(469): CodeIgniter\CodeIgniter->startController()
 6 SYSTEMPATH\CodeIgniter.php(351): CodeIgniter\CodeIgniter->handleRequest(null, Object(Config\Cache), false)
 7 FCPATH\index.php(67): CodeIgniter\CodeIgniter->run()
 8 SYSTEMPATH\Commands\Server\rewrite.php(46): require_once('FCPATH\\index.php')
CRITICAL - 2022-11-21 21:16:36 --> Undefined array key "kodena"
in APPPATH\Controllers\Analisa.php on line 85.
 1 APPPATH\Controllers\Analisa.php(85): CodeIgniter\Debug\Exceptions->errorHandler(2, 'Undefined array key "kodena"', 'APPPATH\\Controllers\\Analisa.php', 85)
 2 SYSTEMPATH\CodeIgniter.php(927): App\Controllers\Analisa->prosesdata('75')
 3 SYSTEMPATH\CodeIgniter.php(482): CodeIgniter\CodeIgniter->runController(Object(App\Controllers\Analisa))
 4 SYSTEMPATH\CodeIgniter.php(351): CodeIgniter\CodeIgniter->handleRequest(null, Object(Config\Cache), false)
 5 FCPATH\index.php(67): CodeIgniter\CodeIgniter->run()
 6 SYSTEMPATH\Commands\Server\rewrite.php(46): require_once('FCPATH\\index.php')
CRITICAL - 2022-11-21 21:17:10 --> Attempt to read property "kodena" on array
in APPPATH\Controllers\Analisa.php on line 85.
 1 APPPATH\Controllers\Analisa.php(85): CodeIgniter\Debug\Exceptions->errorHandler(2, 'Attempt to read property "kodena" on array', 'APPPATH\\Controllers\\Analisa.php', 85)
 2 SYSTEMPATH\CodeIgniter.php(927): App\Controllers\Analisa->prosesdata('75')
 3 SYSTEMPATH\CodeIgniter.php(482): CodeIgniter\CodeIgniter->runController(Object(App\Controllers\Analisa))
 4 SYSTEMPATH\CodeIgniter.php(351): CodeIgniter\CodeIgniter->handleRequest(null, Object(Config\Cache), false)
 5 FCPATH\index.php(67): CodeIgniter\CodeIgniter->run()
 6 SYSTEMPATH\Commands\Server\rewrite.php(46): require_once('FCPATH\\index.php')
CRITICAL - 2022-11-21 21:17:28 --> Undefined array key "kodena"
in APPPATH\Controllers\Analisa.php on line 85.
 1 APPPATH\Controllers\Analisa.php(85): CodeIgniter\Debug\Exceptions->errorHandler(2, 'Undefined array key "kodena"', 'APPPATH\\Controllers\\Analisa.php', 85)
 2 SYSTEMPATH\CodeIgniter.php(927): App\Controllers\Analisa->prosesdata('75')
 3 SYSTEMPATH\CodeIgniter.php(482): CodeIgniter\CodeIgniter->runController(Object(App\Controllers\Analisa))
 4 SYSTEMPATH\CodeIgniter.php(351): CodeIgniter\CodeIgniter->handleRequest(null, Object(Config\Cache), false)
 5 FCPATH\index.php(67): CodeIgniter\CodeIgniter->run()
 6 SYSTEMPATH\Commands\Server\rewrite.php(46): require_once('FCPATH\\index.php')
CRITICAL - 2022-11-21 21:22:06 --> count(): Argument #1 ($value) must be of type Countable|array, null given
in APPPATH\Controllers\Analisa.php on line 86.
 1 APPPATH\Controllers\Analisa.php(86): count(null)
 2 SYSTEMPATH\CodeIgniter.php(927): App\Controllers\Analisa->prosesdata('75')
 3 SYSTEMPATH\CodeIgniter.php(482): CodeIgniter\CodeIgniter->runController(Object(App\Controllers\Analisa))
 4 SYSTEMPATH\CodeIgniter.php(351): CodeIgniter\CodeIgniter->handleRequest(null, Object(Config\Cache), false)
 5 FCPATH\index.php(67): CodeIgniter\CodeIgniter->run()
 6 SYSTEMPATH\Commands\Server\rewrite.php(46): require_once('FCPATH\\index.php')
CRITICAL - 2022-11-21 21:27:24 --> Invalid file: admin/profil.php
in SYSTEMPATH\Exceptions\FrameworkException.php on line 33.
 1 SYSTEMPATH\View\View.php(201): CodeIgniter\Exceptions\FrameworkException::forInvalidFile('admin/profil.php')
 2 SYSTEMPATH\Common.php(1134): CodeIgniter\View\View->render('admin/profil', [], true)
 3 APPPATH\Controllers\Admin.php(17): view('admin/profil', [...])
 4 SYSTEMPATH\CodeIgniter.php(927): App\Controllers\Admin->tampilprofil()
 5 SYSTEMPATH\CodeIgniter.php(482): CodeIgniter\CodeIgniter->runController(Object(App\Controllers\Admin))
 6 SYSTEMPATH\CodeIgniter.php(351): CodeIgniter\CodeIgniter->handleRequest(null, Object(Config\Cache), false)
 7 FCPATH\index.php(67): CodeIgniter\CodeIgniter->run()
 8 SYSTEMPATH\Commands\Server\rewrite.php(46): require_once('FCPATH\\index.php')
CRITICAL - 2022-11-21 21:27:40 --> Undefined variable $jabatan
in APPPATH\Views\admin\profil.php on line 45.
 1 APPPATH\Views\admin\profil.php(45): CodeIgniter\Debug\Exceptions->errorHandler(2, 'Undefined variable $jabatan', 'APPPATH\\Views\\admin\\profil.php', 45)
 2 SYSTEMPATH\View\View.php(213): include('APPPATH\\Views\\admin\\profil.php')
 3 SYSTEMPATH\View\View.php(216): CodeIgniter\View\View->CodeIgniter\View\{closure}()
 4 SYSTEMPATH\Common.php(1134): CodeIgniter\View\View->render('admin/profil', [], true)
 5 APPPATH\Controllers\Admin.php(17): view('admin/profil', [...])
 6 SYSTEMPATH\CodeIgniter.php(927): App\Controllers\Admin->tampilprofil()
 7 SYSTEMPATH\CodeIgniter.php(482): CodeIgniter\CodeIgniter->runController(Object(App\Controllers\Admin))
 8 SYSTEMPATH\CodeIgniter.php(351): CodeIgniter\CodeIgniter->handleRequest(null, Object(Config\Cache), false)
 9 FCPATH\index.php(67): CodeIgniter\CodeIgniter->run()
10 SYSTEMPATH\Commands\Server\rewrite.php(46): require_once('FCPATH\\index.php')
CRITICAL - 2022-11-21 21:27:50 --> Undefined array key "kodekaryawan"
in APPPATH\Views\admin\profil.php on line 33.
 1 APPPATH\Views\admin\profil.php(33): CodeIgniter\Debug\Exceptions->errorHandler(2, 'Undefined array key "kodekaryawan"', 'APPPATH\\Views\\admin\\profil.php', 33)
 2 SYSTEMPATH\View\View.php(213): include('APPPATH\\Views\\admin\\profil.php')
 3 SYSTEMPATH\View\View.php(216): CodeIgniter\View\View->CodeIgniter\View\{closure}()
 4 SYSTEMPATH\Common.php(1134): CodeIgniter\View\View->render('admin/profil', [], true)
 5 APPPATH\Controllers\Admin.php(17): view('admin/profil', [...])
 6 SYSTEMPATH\CodeIgniter.php(927): App\Controllers\Admin->tampilprofil()
 7 SYSTEMPATH\CodeIgniter.php(482): CodeIgniter\CodeIgniter->runController(Object(App\Controllers\Admin))
 8 SYSTEMPATH\CodeIgniter.php(351): CodeIgniter\CodeIgniter->handleRequest(null, Object(Config\Cache), false)
 9 FCPATH\index.php(67): CodeIgniter\CodeIgniter->run()
10 SYSTEMPATH\Commands\Server\rewrite.php(46): require_once('FCPATH\\index.php')
CRITICAL - 2022-11-21 21:29:09 --> Undefined array key "nama"
in APPPATH\Views\admin\profil.php on line 34.
 1 APPPATH\Views\admin\profil.php(34): CodeIgniter\Debug\Exceptions->errorHandler(2, 'Undefined array key "nama"', 'APPPATH\\Views\\admin\\profil.php', 34)
 2 SYSTEMPATH\View\View.php(213): include('APPPATH\\Views\\admin\\profil.php')
 3 SYSTEMPATH\View\View.php(216): CodeIgniter\View\View->CodeIgniter\View\{closure}()
 4 SYSTEMPATH\Common.php(1134): CodeIgniter\View\View->render('admin/profil', [], true)
 5 APPPATH\Controllers\Admin.php(17): view('admin/profil', [...])
 6 SYSTEMPATH\CodeIgniter.php(927): App\Controllers\Admin->tampilprofil()
 7 SYSTEMPATH\CodeIgniter.php(482): CodeIgniter\CodeIgniter->runController(Object(App\Controllers\Admin))
 8 SYSTEMPATH\CodeIgniter.php(351): CodeIgniter\CodeIgniter->handleRequest(null, Object(Config\Cache), false)
 9 FCPATH\index.php(67): CodeIgniter\CodeIgniter->run()
10 SYSTEMPATH\Commands\Server\rewrite.php(46): require_once('FCPATH\\index.php')
CRITICAL - 2022-11-21 22:03:57 --> Undefined variable $mod
in APPPATH\Controllers\Admin.php on line 34.
 1 APPPATH\Controllers\Admin.php(34): CodeIgniter\Debug\Exceptions->errorHandler(2, 'Undefined variable $mod', 'APPPATH\\Controllers\\Admin.php', 34)
 2 SYSTEMPATH\CodeIgniter.php(927): App\Controllers\Admin->ubahprofil()
 3 SYSTEMPATH\CodeIgniter.php(482): CodeIgniter\CodeIgniter->runController(Object(App\Controllers\Admin))
 4 SYSTEMPATH\CodeIgniter.php(351): CodeIgniter\CodeIgniter->handleRequest(null, Object(Config\Cache), false)
 5 FCPATH\index.php(67): CodeIgniter\CodeIgniter->run()
 6 SYSTEMPATH\Commands\Server\rewrite.php(46): require_once('FCPATH\\index.php')
