CRITICAL - 2024-01-06 20:13:52 --> Undefined property: CodeIgniter\View\View::$db
in APPPATH\Views\operator\order.php on line 53.
 1 APPPATH\Views\operator\order.php(53): CodeIgniter\Debug\Exceptions->errorHandler(2, 'Undefined property: CodeIgniter\\View\\View::$db', 'APPPATH\\Views\\operator\\order.php', 53)
 2 SYSTEMPATH\View\View.php(213): include('APPPATH\\Views\\operator\\order.php')
 3 SYSTEMPATH\View\View.php(216): CodeIgniter\View\View->CodeIgniter\View\{closure}()
 4 SYSTEMPATH\Common.php(1134): CodeIgniter\View\View->render('operator/order', [], true)
 5 APPPATH\Controllers\Operator_order.php(16): view('operator/order', [...])
 6 SYSTEMPATH\CodeIgniter.php(927): App\Controllers\Operator_order->index()
 7 SYSTEMPATH\CodeIgniter.php(482): CodeIgniter\CodeIgniter->runController(Object(App\Controllers\Operator_order))
 8 SYSTEMPATH\CodeIgniter.php(351): CodeIgniter\CodeIgniter->handleRequest(null, Object(Config\Cache), false)
 9 FCPATH\index.php(67): CodeIgniter\CodeIgniter->run()
10 SYSTEMPATH\Commands\Server\rewrite.php(46): require_once('FCPATH\\index.php')
CRITICAL - 2024-01-06 20:13:52 --> Uncaught ErrorException: file_get_contents(C:\xampp\htdocs\dewibesani\app\Views\errors\html\debug.js): Failed to open stream: No such file or directory in C:\xampp\htdocs\dewibesani\app\Views\errors\html\error_exception.php:14
Stack trace:
#0 [internal function]: CodeIgniter\Debug\Exceptions->errorHandler(2, 'file_get_conten...', 'C:\\xampp\\htdocs...', 14)
#1 C:\xampp\htdocs\dewibesani\app\Views\errors\html\error_exception.php(14): file_get_contents('C:\\xampp\\htdocs...')
#2 C:\xampp\htdocs\dewibesani\system\Debug\Exceptions.php(284): include('C:\\xampp\\htdocs...')
#3 C:\xampp\htdocs\dewibesani\system\Debug\Exceptions.php(287): CodeIgniter\Debug\Exceptions->CodeIgniter\Debug\{closure}()
#4 C:\xampp\htdocs\dewibesani\system\Debug\Exceptions.php(139): CodeIgniter\Debug\Exceptions->render(Object(ErrorException), 500)
#5 [internal function]: CodeIgniter\Debug\Exceptions->exceptionHandler(Object(ErrorException))
#6 {main}
  thrown
in APPPATH\Views\errors\html\error_exception.php on line 14.
 1 [internal function]: CodeIgniter\Debug\Exceptions->shutdownHandler()
CRITICAL - 2024-01-06 20:14:07 --> Undefined property: CodeIgniter\View\View::$db
in APPPATH\Views\operator\order.php on line 53.
 1 APPPATH\Views\operator\order.php(53): CodeIgniter\Debug\Exceptions->errorHandler(2, 'Undefined property: CodeIgniter\\View\\View::$db', 'APPPATH\\Views\\operator\\order.php', 53)
 2 SYSTEMPATH\View\View.php(213): include('APPPATH\\Views\\operator\\order.php')
 3 SYSTEMPATH\View\View.php(216): CodeIgniter\View\View->CodeIgniter\View\{closure}()
 4 SYSTEMPATH\Common.php(1134): CodeIgniter\View\View->render('operator/order', [], true)
 5 APPPATH\Controllers\Operator_order.php(16): view('operator/order', [...])
 6 SYSTEMPATH\CodeIgniter.php(927): App\Controllers\Operator_order->index()
 7 SYSTEMPATH\CodeIgniter.php(482): CodeIgniter\CodeIgniter->runController(Object(App\Controllers\Operator_order))
 8 SYSTEMPATH\CodeIgniter.php(351): CodeIgniter\CodeIgniter->handleRequest(null, Object(Config\Cache), false)
 9 FCPATH\index.php(67): CodeIgniter\CodeIgniter->run()
10 SYSTEMPATH\Commands\Server\rewrite.php(46): require_once('FCPATH\\index.php')
CRITICAL - 2024-01-06 20:14:07 --> Uncaught ErrorException: file_get_contents(C:\xampp\htdocs\dewibesani\app\Views\errors\html\debug.js): Failed to open stream: No such file or directory in C:\xampp\htdocs\dewibesani\app\Views\errors\html\error_exception.php:14
Stack trace:
#0 [internal function]: CodeIgniter\Debug\Exceptions->errorHandler(2, 'file_get_conten...', 'C:\\xampp\\htdocs...', 14)
#1 C:\xampp\htdocs\dewibesani\app\Views\errors\html\error_exception.php(14): file_get_contents('C:\\xampp\\htdocs...')
#2 C:\xampp\htdocs\dewibesani\system\Debug\Exceptions.php(284): include('C:\\xampp\\htdocs...')
#3 C:\xampp\htdocs\dewibesani\system\Debug\Exceptions.php(287): CodeIgniter\Debug\Exceptions->CodeIgniter\Debug\{closure}()
#4 C:\xampp\htdocs\dewibesani\system\Debug\Exceptions.php(139): CodeIgniter\Debug\Exceptions->render(Object(ErrorException), 500)
#5 [internal function]: CodeIgniter\Debug\Exceptions->exceptionHandler(Object(ErrorException))
#6 {main}
  thrown
in APPPATH\Views\errors\html\error_exception.php on line 14.
 1 [internal function]: CodeIgniter\Debug\Exceptions->shutdownHandler()
CRITICAL - 2024-01-06 20:14:08 --> Undefined property: CodeIgniter\View\View::$db
in APPPATH\Views\operator\order.php on line 53.
 1 APPPATH\Views\operator\order.php(53): CodeIgniter\Debug\Exceptions->errorHandler(2, 'Undefined property: CodeIgniter\\View\\View::$db', 'APPPATH\\Views\\operator\\order.php', 53)
 2 SYSTEMPATH\View\View.php(213): include('APPPATH\\Views\\operator\\order.php')
 3 SYSTEMPATH\View\View.php(216): CodeIgniter\View\View->CodeIgniter\View\{closure}()
 4 SYSTEMPATH\Common.php(1134): CodeIgniter\View\View->render('operator/order', [], true)
 5 APPPATH\Controllers\Operator_order.php(16): view('operator/order', [...])
 6 SYSTEMPATH\CodeIgniter.php(927): App\Controllers\Operator_order->index()
 7 SYSTEMPATH\CodeIgniter.php(482): CodeIgniter\CodeIgniter->runController(Object(App\Controllers\Operator_order))
 8 SYSTEMPATH\CodeIgniter.php(351): CodeIgniter\CodeIgniter->handleRequest(null, Object(Config\Cache), false)
 9 FCPATH\index.php(67): CodeIgniter\CodeIgniter->run()
10 SYSTEMPATH\Commands\Server\rewrite.php(46): require_once('FCPATH\\index.php')
CRITICAL - 2024-01-06 20:14:08 --> Uncaught ErrorException: file_get_contents(C:\xampp\htdocs\dewibesani\app\Views\errors\html\debug.js): Failed to open stream: No such file or directory in C:\xampp\htdocs\dewibesani\app\Views\errors\html\error_exception.php:14
Stack trace:
#0 [internal function]: CodeIgniter\Debug\Exceptions->errorHandler(2, 'file_get_conten...', 'C:\\xampp\\htdocs...', 14)
#1 C:\xampp\htdocs\dewibesani\app\Views\errors\html\error_exception.php(14): file_get_contents('C:\\xampp\\htdocs...')
#2 C:\xampp\htdocs\dewibesani\system\Debug\Exceptions.php(284): include('C:\\xampp\\htdocs...')
#3 C:\xampp\htdocs\dewibesani\system\Debug\Exceptions.php(287): CodeIgniter\Debug\Exceptions->CodeIgniter\Debug\{closure}()
#4 C:\xampp\htdocs\dewibesani\system\Debug\Exceptions.php(139): CodeIgniter\Debug\Exceptions->render(Object(ErrorException), 500)
#5 [internal function]: CodeIgniter\Debug\Exceptions->exceptionHandler(Object(ErrorException))
#6 {main}
  thrown
in APPPATH\Views\errors\html\error_exception.php on line 14.
 1 [internal function]: CodeIgniter\Debug\Exceptions->shutdownHandler()
CRITICAL - 2024-01-06 20:14:08 --> Undefined property: CodeIgniter\View\View::$db
in APPPATH\Views\operator\order.php on line 53.
 1 APPPATH\Views\operator\order.php(53): CodeIgniter\Debug\Exceptions->errorHandler(2, 'Undefined property: CodeIgniter\\View\\View::$db', 'APPPATH\\Views\\operator\\order.php', 53)
 2 SYSTEMPATH\View\View.php(213): include('APPPATH\\Views\\operator\\order.php')
 3 SYSTEMPATH\View\View.php(216): CodeIgniter\View\View->CodeIgniter\View\{closure}()
 4 SYSTEMPATH\Common.php(1134): CodeIgniter\View\View->render('operator/order', [], true)
 5 APPPATH\Controllers\Operator_order.php(16): view('operator/order', [...])
 6 SYSTEMPATH\CodeIgniter.php(927): App\Controllers\Operator_order->index()
 7 SYSTEMPATH\CodeIgniter.php(482): CodeIgniter\CodeIgniter->runController(Object(App\Controllers\Operator_order))
 8 SYSTEMPATH\CodeIgniter.php(351): CodeIgniter\CodeIgniter->handleRequest(null, Object(Config\Cache), false)
 9 FCPATH\index.php(67): CodeIgniter\CodeIgniter->run()
10 SYSTEMPATH\Commands\Server\rewrite.php(46): require_once('FCPATH\\index.php')
CRITICAL - 2024-01-06 20:14:08 --> Uncaught ErrorException: file_get_contents(C:\xampp\htdocs\dewibesani\app\Views\errors\html\debug.js): Failed to open stream: No such file or directory in C:\xampp\htdocs\dewibesani\app\Views\errors\html\error_exception.php:14
Stack trace:
#0 [internal function]: CodeIgniter\Debug\Exceptions->errorHandler(2, 'file_get_conten...', 'C:\\xampp\\htdocs...', 14)
#1 C:\xampp\htdocs\dewibesani\app\Views\errors\html\error_exception.php(14): file_get_contents('C:\\xampp\\htdocs...')
#2 C:\xampp\htdocs\dewibesani\system\Debug\Exceptions.php(284): include('C:\\xampp\\htdocs...')
#3 C:\xampp\htdocs\dewibesani\system\Debug\Exceptions.php(287): CodeIgniter\Debug\Exceptions->CodeIgniter\Debug\{closure}()
#4 C:\xampp\htdocs\dewibesani\system\Debug\Exceptions.php(139): CodeIgniter\Debug\Exceptions->render(Object(ErrorException), 500)
#5 [internal function]: CodeIgniter\Debug\Exceptions->exceptionHandler(Object(ErrorException))
#6 {main}
  thrown
in APPPATH\Views\errors\html\error_exception.php on line 14.
 1 [internal function]: CodeIgniter\Debug\Exceptions->shutdownHandler()
