ERROR - 2023-10-29 20:02:05 --> mysqli_sql_exception: You have an error in your SQL syntax; check the manual that corresponds to your MariaDB server version for the right syntax to use near 'date(waktu) = '2023-10-29'' at line 1 in C:\xampp\htdocs\dewibesani\system\Database\MySQLi\Connection.php:292
Stack trace:
#0 C:\xampp\htdocs\dewibesani\system\Database\MySQLi\Connection.php(292): mysqli->query('select sum(kuot...', 0)
#1 C:\xampp\htdocs\dewibesani\system\Database\BaseConnection.php(666): CodeIgniter\Database\MySQLi\Connection->execute('select sum(kuot...')
#2 C:\xampp\htdocs\dewibesani\system\Database\BaseConnection.php(593): CodeIgniter\Database\BaseConnection->simpleQuery('select sum(kuot...')
#3 C:\xampp\htdocs\dewibesani\app\Views\admin\landing.php(16): CodeIgniter\Database\BaseConnection->query('select sum(kuot...')
#4 C:\xampp\htdocs\dewibesani\system\View\View.php(213): include('C:\\xampp\\htdocs...')
#5 C:\xampp\htdocs\dewibesani\system\View\View.php(216): CodeIgniter\View\View->CodeIgniter\View\{closure}()
#6 C:\xampp\htdocs\dewibesani\system\Common.php(1134): CodeIgniter\View\View->render('admin/landing', Array, true)
#7 C:\xampp\htdocs\dewibesani\app\Controllers\Admin.php(14): view('admin/landing', Array)
#8 C:\xampp\htdocs\dewibesani\system\CodeIgniter.php(927): App\Controllers\Admin->index()
#9 C:\xampp\htdocs\dewibesani\system\CodeIgniter.php(482): CodeIgniter\CodeIgniter->runController(Object(App\Controllers\Admin))
#10 C:\xampp\htdocs\dewibesani\system\CodeIgniter.php(351): CodeIgniter\CodeIgniter->handleRequest(NULL, Object(Config\Cache), false)
#11 C:\xampp\htdocs\dewibesani\public\index.php(67): CodeIgniter\CodeIgniter->run()
#12 C:\xampp\htdocs\dewibesani\system\Commands\Server\rewrite.php(46): require_once('C:\\xampp\\htdocs...')
#13 {main}
CRITICAL - 2023-10-29 20:02:05 --> Call to a member function getRowArray() on bool
in APPPATH\Views\admin\landing.php on line 16.
 1 SYSTEMPATH\View\View.php(213): include()
 2 SYSTEMPATH\View\View.php(216): CodeIgniter\View\View->CodeIgniter\View\{closure}()
 3 SYSTEMPATH\Common.php(1134): CodeIgniter\View\View->render('admin/landing', [], true)
 4 APPPATH\Controllers\Admin.php(14): view('admin/landing', [...])
 5 SYSTEMPATH\CodeIgniter.php(927): App\Controllers\Admin->index()
 6 SYSTEMPATH\CodeIgniter.php(482): CodeIgniter\CodeIgniter->runController(Object(App\Controllers\Admin))
 7 SYSTEMPATH\CodeIgniter.php(351): CodeIgniter\CodeIgniter->handleRequest(null, Object(Config\Cache), false)
 8 FCPATH\index.php(67): CodeIgniter\CodeIgniter->run()
 9 SYSTEMPATH\Commands\Server\rewrite.php(46): require_once('FCPATH\\index.php')
CRITICAL - 2023-10-29 20:02:06 --> Uncaught ErrorException: file_get_contents(C:\xampp\htdocs\dewibesani\app\Views\errors\html\debug.js): Failed to open stream: No such file or directory in C:\xampp\htdocs\dewibesani\app\Views\errors\html\error_exception.php:14
Stack trace:
#0 [internal function]: CodeIgniter\Debug\Exceptions->errorHandler(2, 'file_get_conten...', 'C:\\xampp\\htdocs...', 14)
#1 C:\xampp\htdocs\dewibesani\app\Views\errors\html\error_exception.php(14): file_get_contents('C:\\xampp\\htdocs...')
#2 C:\xampp\htdocs\dewibesani\system\Debug\Exceptions.php(284): include('C:\\xampp\\htdocs...')
#3 C:\xampp\htdocs\dewibesani\system\Debug\Exceptions.php(287): CodeIgniter\Debug\Exceptions->CodeIgniter\Debug\{closure}()
#4 C:\xampp\htdocs\dewibesani\system\Debug\Exceptions.php(139): CodeIgniter\Debug\Exceptions->render(Object(Error), 500)
#5 [internal function]: CodeIgniter\Debug\Exceptions->exceptionHandler(Object(Error))
#6 {main}
  thrown
in APPPATH\Views\errors\html\error_exception.php on line 14.
 1 [internal function]: CodeIgniter\Debug\Exceptions->shutdownHandler()
CRITICAL - 2023-10-29 20:08:07 --> number_format(): Argument #1 ($num) must be of type float, string given
in APPPATH\Views\admin\landing.php on line 175.
 1 APPPATH\Views\admin\landing.php(175): number_format('25 pengunjung')
 2 SYSTEMPATH\View\View.php(213): include('APPPATH\\Views\\admin\\landing.php')
 3 SYSTEMPATH\View\View.php(216): CodeIgniter\View\View->CodeIgniter\View\{closure}()
 4 SYSTEMPATH\Common.php(1134): CodeIgniter\View\View->render('admin/landing', [], true)
 5 APPPATH\Controllers\Admin.php(14): view('admin/landing', [...])
 6 SYSTEMPATH\CodeIgniter.php(927): App\Controllers\Admin->index()
 7 SYSTEMPATH\CodeIgniter.php(482): CodeIgniter\CodeIgniter->runController(Object(App\Controllers\Admin))
 8 SYSTEMPATH\CodeIgniter.php(351): CodeIgniter\CodeIgniter->handleRequest(null, Object(Config\Cache), false)
 9 FCPATH\index.php(67): CodeIgniter\CodeIgniter->run()
10 SYSTEMPATH\Commands\Server\rewrite.php(46): require_once('FCPATH\\index.php')
CRITICAL - 2023-10-29 20:08:07 --> Uncaught ErrorException: file_get_contents(C:\xampp\htdocs\dewibesani\app\Views\errors\html\debug.js): Failed to open stream: No such file or directory in C:\xampp\htdocs\dewibesani\app\Views\errors\html\error_exception.php:14
Stack trace:
#0 [internal function]: CodeIgniter\Debug\Exceptions->errorHandler(2, 'file_get_conten...', 'C:\\xampp\\htdocs...', 14)
#1 C:\xampp\htdocs\dewibesani\app\Views\errors\html\error_exception.php(14): file_get_contents('C:\\xampp\\htdocs...')
#2 C:\xampp\htdocs\dewibesani\system\Debug\Exceptions.php(284): include('C:\\xampp\\htdocs...')
#3 C:\xampp\htdocs\dewibesani\system\Debug\Exceptions.php(287): CodeIgniter\Debug\Exceptions->CodeIgniter\Debug\{closure}()
#4 C:\xampp\htdocs\dewibesani\system\Debug\Exceptions.php(139): CodeIgniter\Debug\Exceptions->render(Object(TypeError), 500)
#5 [internal function]: CodeIgniter\Debug\Exceptions->exceptionHandler(Object(TypeError))
#6 {main}
  thrown
in APPPATH\Views\errors\html\error_exception.php on line 14.
 1 [internal function]: CodeIgniter\Debug\Exceptions->shutdownHandler()
CRITICAL - 2023-10-29 20:13:28 --> Undefined array key "judul"
in APPPATH\Controllers\Operator_culinary.php on line 31.
 1 APPPATH\Controllers\Operator_culinary.php(31): CodeIgniter\Debug\Exceptions->errorHandler(2, 'Undefined array key "judul"', 'APPPATH\\Controllers\\Operator_culinary.php', 31)
 2 SYSTEMPATH\CodeIgniter.php(927): App\Controllers\Operator_culinary->save()
 3 SYSTEMPATH\CodeIgniter.php(482): CodeIgniter\CodeIgniter->runController(Object(App\Controllers\Operator_culinary))
 4 SYSTEMPATH\CodeIgniter.php(351): CodeIgniter\CodeIgniter->handleRequest(null, Object(Config\Cache), false)
 5 FCPATH\index.php(67): CodeIgniter\CodeIgniter->run()
 6 SYSTEMPATH\Commands\Server\rewrite.php(46): require_once('FCPATH\\index.php')
CRITICAL - 2023-10-29 20:13:28 --> Uncaught ErrorException: file_get_contents(C:\xampp\htdocs\dewibesani\app\Views\errors\html\debug.js): Failed to open stream: No such file or directory in C:\xampp\htdocs\dewibesani\app\Views\errors\html\error_exception.php:14
Stack trace:
#0 [internal function]: CodeIgniter\Debug\Exceptions->errorHandler(2, 'file_get_conten...', 'C:\\xampp\\htdocs...', 14)
#1 C:\xampp\htdocs\dewibesani\app\Views\errors\html\error_exception.php(14): file_get_contents('C:\\xampp\\htdocs...')
#2 C:\xampp\htdocs\dewibesani\system\Debug\Exceptions.php(284): include('C:\\xampp\\htdocs...')
#3 C:\xampp\htdocs\dewibesani\system\Debug\Exceptions.php(287): CodeIgniter\Debug\Exceptions->CodeIgniter\Debug\{closure}()
#4 C:\xampp\htdocs\dewibesani\system\Debug\Exceptions.php(139): CodeIgniter\Debug\Exceptions->render(Object(ErrorException), 500)
#5 [internal function]: CodeIgniter\Debug\Exceptions->exceptionHandler(Object(ErrorException))
#6 {main}
  thrown
in APPPATH\Views\errors\html\error_exception.php on line 14.
 1 [internal function]: CodeIgniter\Debug\Exceptions->shutdownHandler()
CRITICAL - 2023-10-29 20:15:13 --> Undefined array key "judul"
in APPPATH\Controllers\Operator_culinary.php on line 31.
 1 APPPATH\Controllers\Operator_culinary.php(31): CodeIgniter\Debug\Exceptions->errorHandler(2, 'Undefined array key "judul"', 'APPPATH\\Controllers\\Operator_culinary.php', 31)
 2 SYSTEMPATH\CodeIgniter.php(927): App\Controllers\Operator_culinary->save()
 3 SYSTEMPATH\CodeIgniter.php(482): CodeIgniter\CodeIgniter->runController(Object(App\Controllers\Operator_culinary))
 4 SYSTEMPATH\CodeIgniter.php(351): CodeIgniter\CodeIgniter->handleRequest(null, Object(Config\Cache), false)
 5 FCPATH\index.php(67): CodeIgniter\CodeIgniter->run()
 6 SYSTEMPATH\Commands\Server\rewrite.php(46): require_once('FCPATH\\index.php')
CRITICAL - 2023-10-29 20:15:13 --> Uncaught ErrorException: file_get_contents(C:\xampp\htdocs\dewibesani\app\Views\errors\html\debug.js): Failed to open stream: No such file or directory in C:\xampp\htdocs\dewibesani\app\Views\errors\html\error_exception.php:14
Stack trace:
#0 [internal function]: CodeIgniter\Debug\Exceptions->errorHandler(2, 'file_get_conten...', 'C:\\xampp\\htdocs...', 14)
#1 C:\xampp\htdocs\dewibesani\app\Views\errors\html\error_exception.php(14): file_get_contents('C:\\xampp\\htdocs...')
#2 C:\xampp\htdocs\dewibesani\system\Debug\Exceptions.php(284): include('C:\\xampp\\htdocs...')
#3 C:\xampp\htdocs\dewibesani\system\Debug\Exceptions.php(287): CodeIgniter\Debug\Exceptions->CodeIgniter\Debug\{closure}()
#4 C:\xampp\htdocs\dewibesani\system\Debug\Exceptions.php(139): CodeIgniter\Debug\Exceptions->render(Object(ErrorException), 500)
#5 [internal function]: CodeIgniter\Debug\Exceptions->exceptionHandler(Object(ErrorException))
#6 {main}
  thrown
in APPPATH\Views\errors\html\error_exception.php on line 14.
 1 [internal function]: CodeIgniter\Debug\Exceptions->shutdownHandler()
CRITICAL - 2023-10-29 20:15:18 --> Undefined array key "judul"
in APPPATH\Controllers\Operator_culinary.php on line 31.
 1 APPPATH\Controllers\Operator_culinary.php(31): CodeIgniter\Debug\Exceptions->errorHandler(2, 'Undefined array key "judul"', 'APPPATH\\Controllers\\Operator_culinary.php', 31)
 2 SYSTEMPATH\CodeIgniter.php(927): App\Controllers\Operator_culinary->save()
 3 SYSTEMPATH\CodeIgniter.php(482): CodeIgniter\CodeIgniter->runController(Object(App\Controllers\Operator_culinary))
 4 SYSTEMPATH\CodeIgniter.php(351): CodeIgniter\CodeIgniter->handleRequest(null, Object(Config\Cache), false)
 5 FCPATH\index.php(67): CodeIgniter\CodeIgniter->run()
 6 SYSTEMPATH\Commands\Server\rewrite.php(46): require_once('FCPATH\\index.php')
CRITICAL - 2023-10-29 20:15:18 --> Uncaught ErrorException: file_get_contents(C:\xampp\htdocs\dewibesani\app\Views\errors\html\debug.js): Failed to open stream: No such file or directory in C:\xampp\htdocs\dewibesani\app\Views\errors\html\error_exception.php:14
Stack trace:
#0 [internal function]: CodeIgniter\Debug\Exceptions->errorHandler(2, 'file_get_conten...', 'C:\\xampp\\htdocs...', 14)
#1 C:\xampp\htdocs\dewibesani\app\Views\errors\html\error_exception.php(14): file_get_contents('C:\\xampp\\htdocs...')
#2 C:\xampp\htdocs\dewibesani\system\Debug\Exceptions.php(284): include('C:\\xampp\\htdocs...')
#3 C:\xampp\htdocs\dewibesani\system\Debug\Exceptions.php(287): CodeIgniter\Debug\Exceptions->CodeIgniter\Debug\{closure}()
#4 C:\xampp\htdocs\dewibesani\system\Debug\Exceptions.php(139): CodeIgniter\Debug\Exceptions->render(Object(ErrorException), 500)
#5 [internal function]: CodeIgniter\Debug\Exceptions->exceptionHandler(Object(ErrorException))
#6 {main}
  thrown
in APPPATH\Views\errors\html\error_exception.php on line 14.
 1 [internal function]: CodeIgniter\Debug\Exceptions->shutdownHandler()
CRITICAL - 2023-10-29 20:23:28 --> The original file is not a valid file.
in SYSTEMPATH\HTTP\Files\UploadedFile.php on line 137.
 1 SYSTEMPATH\HTTP\Files\UploadedFile.php(137): CodeIgniter\HTTP\Exceptions\HTTPException::forInvalidFile()
 2 APPPATH\Controllers\Admin_user.php(45): CodeIgniter\HTTP\Files\UploadedFile->move('FCPATH\\assets\\gambar\\profil', '1698629008_fc2ce994db1d9233da01')
 3 SYSTEMPATH\CodeIgniter.php(927): App\Controllers\Admin_user->save()
 4 SYSTEMPATH\CodeIgniter.php(482): CodeIgniter\CodeIgniter->runController(Object(App\Controllers\Admin_user))
 5 SYSTEMPATH\CodeIgniter.php(351): CodeIgniter\CodeIgniter->handleRequest(null, Object(Config\Cache), false)
 6 FCPATH\index.php(67): CodeIgniter\CodeIgniter->run()
 7 SYSTEMPATH\Commands\Server\rewrite.php(46): require_once('FCPATH\\index.php')
CRITICAL - 2023-10-29 20:23:28 --> Uncaught ErrorException: file_get_contents(C:\xampp\htdocs\dewibesani\app\Views\errors\html\debug.js): Failed to open stream: No such file or directory in C:\xampp\htdocs\dewibesani\app\Views\errors\html\error_exception.php:14
Stack trace:
#0 [internal function]: CodeIgniter\Debug\Exceptions->errorHandler(2, 'file_get_conten...', 'C:\\xampp\\htdocs...', 14)
#1 C:\xampp\htdocs\dewibesani\app\Views\errors\html\error_exception.php(14): file_get_contents('C:\\xampp\\htdocs...')
#2 C:\xampp\htdocs\dewibesani\system\Debug\Exceptions.php(284): include('C:\\xampp\\htdocs...')
#3 C:\xampp\htdocs\dewibesani\system\Debug\Exceptions.php(287): CodeIgniter\Debug\Exceptions->CodeIgniter\Debug\{closure}()
#4 C:\xampp\htdocs\dewibesani\system\Debug\Exceptions.php(139): CodeIgniter\Debug\Exceptions->render(Object(CodeIgniter\HTTP\Exceptions\HTTPException), 500)
#5 [internal function]: CodeIgniter\Debug\Exceptions->exceptionHandler(Object(CodeIgniter\HTTP\Exceptions\HTTPException))
#6 {main}
  thrown
in APPPATH\Views\errors\html\error_exception.php on line 14.
 1 [internal function]: CodeIgniter\Debug\Exceptions->shutdownHandler()
CRITICAL - 2023-10-29 21:15:55 --> Trying to access array offset on value of type null
in APPPATH\Views\admin\tourdetail.php on line 29.
 1 APPPATH\Views\admin\tourdetail.php(29): CodeIgniter\Debug\Exceptions->errorHandler(2, 'Trying to access array offset on value of type null', 'APPPATH\\Views\\admin\\tourdetail.php', 29)
 2 SYSTEMPATH\View\View.php(213): include('APPPATH\\Views\\admin\\tourdetail.php')
 3 SYSTEMPATH\View\View.php(216): CodeIgniter\View\View->CodeIgniter\View\{closure}()
 4 SYSTEMPATH\Common.php(1134): CodeIgniter\View\View->render('admin/tourdetail', [], true)
 5 APPPATH\Controllers\Admin_posting.php(32): view('admin/tourdetail', [...])
 6 SYSTEMPATH\CodeIgniter.php(927): App\Controllers\Admin_posting->detailtour('FCPATH\\assets', 'images', 'samples', 'banana.jpg')
 7 SYSTEMPATH\CodeIgniter.php(482): CodeIgniter\CodeIgniter->runController(Object(App\Controllers\Admin_posting))
 8 SYSTEMPATH\CodeIgniter.php(351): CodeIgniter\CodeIgniter->handleRequest(null, Object(Config\Cache), false)
 9 FCPATH\index.php(67): CodeIgniter\CodeIgniter->run()
10 SYSTEMPATH\Commands\Server\rewrite.php(46): require_once('FCPATH\\index.php')
CRITICAL - 2023-10-29 21:15:55 --> Trying to access array offset on value of type null
in APPPATH\Views\admin\tourdetail.php on line 29.
 1 APPPATH\Views\admin\tourdetail.php(29): CodeIgniter\Debug\Exceptions->errorHandler(2, 'Trying to access array offset on value of type null', 'APPPATH\\Views\\admin\\tourdetail.php', 29)
 2 SYSTEMPATH\View\View.php(213): include('APPPATH\\Views\\admin\\tourdetail.php')
 3 SYSTEMPATH\View\View.php(216): CodeIgniter\View\View->CodeIgniter\View\{closure}()
 4 SYSTEMPATH\Common.php(1134): CodeIgniter\View\View->render('admin/tourdetail', [], true)
 5 APPPATH\Controllers\Admin_posting.php(32): view('admin/tourdetail', [...])
 6 SYSTEMPATH\CodeIgniter.php(927): App\Controllers\Admin_posting->detailtour('FCPATH\\assets', 'images', 'samples', 'bg-mountain.jpg')
 7 SYSTEMPATH\CodeIgniter.php(482): CodeIgniter\CodeIgniter->runController(Object(App\Controllers\Admin_posting))
 8 SYSTEMPATH\CodeIgniter.php(351): CodeIgniter\CodeIgniter->handleRequest(null, Object(Config\Cache), false)
 9 FCPATH\index.php(67): CodeIgniter\CodeIgniter->run()
10 SYSTEMPATH\Commands\Server\rewrite.php(46): require_once('FCPATH\\index.php')
CRITICAL - 2023-10-29 21:41:13 --> Trying to access array offset on value of type null
in APPPATH\Views\admin\tourdetail.php on line 29.
 1 APPPATH\Views\admin\tourdetail.php(29): CodeIgniter\Debug\Exceptions->errorHandler(2, 'Trying to access array offset on value of type null', 'APPPATH\\Views\\admin\\tourdetail.php', 29)
 2 SYSTEMPATH\View\View.php(213): include('APPPATH\\Views\\admin\\tourdetail.php')
 3 SYSTEMPATH\View\View.php(216): CodeIgniter\View\View->CodeIgniter\View\{closure}()
 4 SYSTEMPATH\Common.php(1134): CodeIgniter\View\View->render('admin/tourdetail', [], true)
 5 APPPATH\Controllers\Admin_posting.php(32): view('admin/tourdetail', [...])
 6 SYSTEMPATH\CodeIgniter.php(927): App\Controllers\Admin_posting->detailtour('FCPATH\\assets', 'images', 'samples', 'banana.jpg')
 7 SYSTEMPATH\CodeIgniter.php(482): CodeIgniter\CodeIgniter->runController(Object(App\Controllers\Admin_posting))
 8 SYSTEMPATH\CodeIgniter.php(351): CodeIgniter\CodeIgniter->handleRequest(null, Object(Config\Cache), false)
 9 FCPATH\index.php(67): CodeIgniter\CodeIgniter->run()
10 SYSTEMPATH\Commands\Server\rewrite.php(46): require_once('FCPATH\\index.php')
CRITICAL - 2023-10-29 21:41:14 --> Trying to access array offset on value of type null
in APPPATH\Views\admin\tourdetail.php on line 29.
 1 APPPATH\Views\admin\tourdetail.php(29): CodeIgniter\Debug\Exceptions->errorHandler(2, 'Trying to access array offset on value of type null', 'APPPATH\\Views\\admin\\tourdetail.php', 29)
 2 SYSTEMPATH\View\View.php(213): include('APPPATH\\Views\\admin\\tourdetail.php')
 3 SYSTEMPATH\View\View.php(216): CodeIgniter\View\View->CodeIgniter\View\{closure}()
 4 SYSTEMPATH\Common.php(1134): CodeIgniter\View\View->render('admin/tourdetail', [], true)
 5 APPPATH\Controllers\Admin_posting.php(32): view('admin/tourdetail', [...])
 6 SYSTEMPATH\CodeIgniter.php(927): App\Controllers\Admin_posting->detailtour('FCPATH\\assets', 'images', 'samples', 'bg-mountain.jpg')
 7 SYSTEMPATH\CodeIgniter.php(482): CodeIgniter\CodeIgniter->runController(Object(App\Controllers\Admin_posting))
 8 SYSTEMPATH\CodeIgniter.php(351): CodeIgniter\CodeIgniter->handleRequest(null, Object(Config\Cache), false)
 9 FCPATH\index.php(67): CodeIgniter\CodeIgniter->run()
10 SYSTEMPATH\Commands\Server\rewrite.php(46): require_once('FCPATH\\index.php')
CRITICAL - 2023-10-29 21:41:58 --> Trying to access array offset on value of type null
in APPPATH\Views\admin\tourdetail.php on line 29.
 1 APPPATH\Views\admin\tourdetail.php(29): CodeIgniter\Debug\Exceptions->errorHandler(2, 'Trying to access array offset on value of type null', 'APPPATH\\Views\\admin\\tourdetail.php', 29)
 2 SYSTEMPATH\View\View.php(213): include('APPPATH\\Views\\admin\\tourdetail.php')
 3 SYSTEMPATH\View\View.php(216): CodeIgniter\View\View->CodeIgniter\View\{closure}()
 4 SYSTEMPATH\Common.php(1134): CodeIgniter\View\View->render('admin/tourdetail', [], true)
 5 APPPATH\Controllers\Admin_posting.php(32): view('admin/tourdetail', [...])
 6 SYSTEMPATH\CodeIgniter.php(927): App\Controllers\Admin_posting->detailtour('FCPATH\\assets', 'images', 'samples', 'banana.jpg')
 7 SYSTEMPATH\CodeIgniter.php(482): CodeIgniter\CodeIgniter->runController(Object(App\Controllers\Admin_posting))
 8 SYSTEMPATH\CodeIgniter.php(351): CodeIgniter\CodeIgniter->handleRequest(null, Object(Config\Cache), false)
 9 FCPATH\index.php(67): CodeIgniter\CodeIgniter->run()
10 SYSTEMPATH\Commands\Server\rewrite.php(46): require_once('FCPATH\\index.php')
CRITICAL - 2023-10-29 21:41:58 --> Trying to access array offset on value of type null
in APPPATH\Views\admin\tourdetail.php on line 29.
 1 APPPATH\Views\admin\tourdetail.php(29): CodeIgniter\Debug\Exceptions->errorHandler(2, 'Trying to access array offset on value of type null', 'APPPATH\\Views\\admin\\tourdetail.php', 29)
 2 SYSTEMPATH\View\View.php(213): include('APPPATH\\Views\\admin\\tourdetail.php')
 3 SYSTEMPATH\View\View.php(216): CodeIgniter\View\View->CodeIgniter\View\{closure}()
 4 SYSTEMPATH\Common.php(1134): CodeIgniter\View\View->render('admin/tourdetail', [], true)
 5 APPPATH\Controllers\Admin_posting.php(32): view('admin/tourdetail', [...])
 6 SYSTEMPATH\CodeIgniter.php(927): App\Controllers\Admin_posting->detailtour('FCPATH\\assets', 'images', 'samples', 'bg-mountain.jpg')
 7 SYSTEMPATH\CodeIgniter.php(482): CodeIgniter\CodeIgniter->runController(Object(App\Controllers\Admin_posting))
 8 SYSTEMPATH\CodeIgniter.php(351): CodeIgniter\CodeIgniter->handleRequest(null, Object(Config\Cache), false)
 9 FCPATH\index.php(67): CodeIgniter\CodeIgniter->run()
10 SYSTEMPATH\Commands\Server\rewrite.php(46): require_once('FCPATH\\index.php')
CRITICAL - 2023-10-29 21:45:16 --> Undefined variable $isi
in APPPATH\Views\admin\tourdetail.php on line 60.
 1 APPPATH\Views\admin\tourdetail.php(60): CodeIgniter\Debug\Exceptions->errorHandler(2, 'Undefined variable $isi', 'APPPATH\\Views\\admin\\tourdetail.php', 60)
 2 SYSTEMPATH\View\View.php(213): include('APPPATH\\Views\\admin\\tourdetail.php')
 3 SYSTEMPATH\View\View.php(216): CodeIgniter\View\View->CodeIgniter\View\{closure}()
 4 SYSTEMPATH\Common.php(1134): CodeIgniter\View\View->render('admin/tourdetail', [], true)
 5 APPPATH\Controllers\Admin_posting.php(32): view('admin/tourdetail', [...])
 6 SYSTEMPATH\CodeIgniter.php(927): App\Controllers\Admin_posting->detailtour('1')
 7 SYSTEMPATH\CodeIgniter.php(482): CodeIgniter\CodeIgniter->runController(Object(App\Controllers\Admin_posting))
 8 SYSTEMPATH\CodeIgniter.php(351): CodeIgniter\CodeIgniter->handleRequest(null, Object(Config\Cache), false)
 9 FCPATH\index.php(67): CodeIgniter\CodeIgniter->run()
10 SYSTEMPATH\Commands\Server\rewrite.php(46): require_once('FCPATH\\index.php')
CRITICAL - 2023-10-29 21:45:16 --> Uncaught ErrorException: file_get_contents(C:\xampp\htdocs\dewibesani\app\Views\errors\html\debug.js): Failed to open stream: No such file or directory in C:\xampp\htdocs\dewibesani\app\Views\errors\html\error_exception.php:14
Stack trace:
#0 [internal function]: CodeIgniter\Debug\Exceptions->errorHandler(2, 'file_get_conten...', 'C:\\xampp\\htdocs...', 14)
#1 C:\xampp\htdocs\dewibesani\app\Views\errors\html\error_exception.php(14): file_get_contents('C:\\xampp\\htdocs...')
#2 C:\xampp\htdocs\dewibesani\system\Debug\Exceptions.php(284): include('C:\\xampp\\htdocs...')
#3 C:\xampp\htdocs\dewibesani\system\Debug\Exceptions.php(287): CodeIgniter\Debug\Exceptions->CodeIgniter\Debug\{closure}()
#4 C:\xampp\htdocs\dewibesani\system\Debug\Exceptions.php(139): CodeIgniter\Debug\Exceptions->render(Object(ErrorException), 500)
#5 [internal function]: CodeIgniter\Debug\Exceptions->exceptionHandler(Object(ErrorException))
#6 {main}
  thrown
in APPPATH\Views\errors\html\error_exception.php on line 14.
 1 [internal function]: CodeIgniter\Debug\Exceptions->shutdownHandler()
CRITICAL - 2023-10-29 21:45:23 --> Undefined variable $isi
in APPPATH\Views\admin\tourdetail.php on line 60.
 1 APPPATH\Views\admin\tourdetail.php(60): CodeIgniter\Debug\Exceptions->errorHandler(2, 'Undefined variable $isi', 'APPPATH\\Views\\admin\\tourdetail.php', 60)
 2 SYSTEMPATH\View\View.php(213): include('APPPATH\\Views\\admin\\tourdetail.php')
 3 SYSTEMPATH\View\View.php(216): CodeIgniter\View\View->CodeIgniter\View\{closure}()
 4 SYSTEMPATH\Common.php(1134): CodeIgniter\View\View->render('admin/tourdetail', [], true)
 5 APPPATH\Controllers\Admin_posting.php(32): view('admin/tourdetail', [...])
 6 SYSTEMPATH\CodeIgniter.php(927): App\Controllers\Admin_posting->detailtour('1')
 7 SYSTEMPATH\CodeIgniter.php(482): CodeIgniter\CodeIgniter->runController(Object(App\Controllers\Admin_posting))
 8 SYSTEMPATH\CodeIgniter.php(351): CodeIgniter\CodeIgniter->handleRequest(null, Object(Config\Cache), false)
 9 FCPATH\index.php(67): CodeIgniter\CodeIgniter->run()
10 SYSTEMPATH\Commands\Server\rewrite.php(46): require_once('FCPATH\\index.php')
CRITICAL - 2023-10-29 21:45:23 --> Uncaught ErrorException: file_get_contents(C:\xampp\htdocs\dewibesani\app\Views\errors\html\debug.js): Failed to open stream: No such file or directory in C:\xampp\htdocs\dewibesani\app\Views\errors\html\error_exception.php:14
Stack trace:
#0 [internal function]: CodeIgniter\Debug\Exceptions->errorHandler(2, 'file_get_conten...', 'C:\\xampp\\htdocs...', 14)
#1 C:\xampp\htdocs\dewibesani\app\Views\errors\html\error_exception.php(14): file_get_contents('C:\\xampp\\htdocs...')
#2 C:\xampp\htdocs\dewibesani\system\Debug\Exceptions.php(284): include('C:\\xampp\\htdocs...')
#3 C:\xampp\htdocs\dewibesani\system\Debug\Exceptions.php(287): CodeIgniter\Debug\Exceptions->CodeIgniter\Debug\{closure}()
#4 C:\xampp\htdocs\dewibesani\system\Debug\Exceptions.php(139): CodeIgniter\Debug\Exceptions->render(Object(ErrorException), 500)
#5 [internal function]: CodeIgniter\Debug\Exceptions->exceptionHandler(Object(ErrorException))
#6 {main}
  thrown
in APPPATH\Views\errors\html\error_exception.php on line 14.
 1 [internal function]: CodeIgniter\Debug\Exceptions->shutdownHandler()
CRITICAL - 2023-10-29 21:50:48 --> Invalid file: admin/culinarydetail.php
in SYSTEMPATH\Exceptions\FrameworkException.php on line 33.
 1 SYSTEMPATH\View\View.php(201): CodeIgniter\Exceptions\FrameworkException::forInvalidFile('admin/culinarydetail.php')
 2 SYSTEMPATH\Common.php(1134): CodeIgniter\View\View->render('admin/culinarydetail', [], true)
 3 APPPATH\Controllers\Admin_posting.php(44): view('admin/culinarydetail', [...])
 4 SYSTEMPATH\CodeIgniter.php(927): App\Controllers\Admin_posting->detailculinary('5')
 5 SYSTEMPATH\CodeIgniter.php(482): CodeIgniter\CodeIgniter->runController(Object(App\Controllers\Admin_posting))
 6 SYSTEMPATH\CodeIgniter.php(351): CodeIgniter\CodeIgniter->handleRequest(null, Object(Config\Cache), false)
 7 FCPATH\index.php(67): CodeIgniter\CodeIgniter->run()
 8 SYSTEMPATH\Commands\Server\rewrite.php(46): require_once('FCPATH\\index.php')
CRITICAL - 2023-10-29 21:50:48 --> Uncaught ErrorException: file_get_contents(C:\xampp\htdocs\dewibesani\app\Views\errors\html\debug.js): Failed to open stream: No such file or directory in C:\xampp\htdocs\dewibesani\app\Views\errors\html\error_exception.php:14
Stack trace:
#0 [internal function]: CodeIgniter\Debug\Exceptions->errorHandler(2, 'file_get_conten...', 'C:\\xampp\\htdocs...', 14)
#1 C:\xampp\htdocs\dewibesani\app\Views\errors\html\error_exception.php(14): file_get_contents('C:\\xampp\\htdocs...')
#2 C:\xampp\htdocs\dewibesani\system\Debug\Exceptions.php(284): include('C:\\xampp\\htdocs...')
#3 C:\xampp\htdocs\dewibesani\system\Debug\Exceptions.php(287): CodeIgniter\Debug\Exceptions->CodeIgniter\Debug\{closure}()
#4 C:\xampp\htdocs\dewibesani\system\Debug\Exceptions.php(139): CodeIgniter\Debug\Exceptions->render(Object(CodeIgniter\View\Exceptions\ViewException), 500)
#5 [internal function]: CodeIgniter\Debug\Exceptions->exceptionHandler(Object(CodeIgniter\View\Exceptions\ViewException))
#6 {main}
  thrown
in APPPATH\Views\errors\html\error_exception.php on line 14.
 1 [internal function]: CodeIgniter\Debug\Exceptions->shutdownHandler()
CRITICAL - 2023-10-29 21:52:38 --> Invalid file: admin/homestay.php
in SYSTEMPATH\Exceptions\FrameworkException.php on line 33.
 1 SYSTEMPATH\View\View.php(201): CodeIgniter\Exceptions\FrameworkException::forInvalidFile('admin/homestay.php')
 2 SYSTEMPATH\Common.php(1134): CodeIgniter\View\View->render('admin/homestay', [], true)
 3 APPPATH\Controllers\Admin_posting.php(49): view('admin/homestay', [...])
 4 SYSTEMPATH\CodeIgniter.php(927): App\Controllers\Admin_posting->showhomestay()
 5 SYSTEMPATH\CodeIgniter.php(482): CodeIgniter\CodeIgniter->runController(Object(App\Controllers\Admin_posting))
 6 SYSTEMPATH\CodeIgniter.php(351): CodeIgniter\CodeIgniter->handleRequest(null, Object(Config\Cache), false)
 7 FCPATH\index.php(67): CodeIgniter\CodeIgniter->run()
 8 SYSTEMPATH\Commands\Server\rewrite.php(46): require_once('FCPATH\\index.php')
CRITICAL - 2023-10-29 21:52:38 --> Uncaught ErrorException: file_get_contents(C:\xampp\htdocs\dewibesani\app\Views\errors\html\debug.js): Failed to open stream: No such file or directory in C:\xampp\htdocs\dewibesani\app\Views\errors\html\error_exception.php:14
Stack trace:
#0 [internal function]: CodeIgniter\Debug\Exceptions->errorHandler(2, 'file_get_conten...', 'C:\\xampp\\htdocs...', 14)
#1 C:\xampp\htdocs\dewibesani\app\Views\errors\html\error_exception.php(14): file_get_contents('C:\\xampp\\htdocs...')
#2 C:\xampp\htdocs\dewibesani\system\Debug\Exceptions.php(284): include('C:\\xampp\\htdocs...')
#3 C:\xampp\htdocs\dewibesani\system\Debug\Exceptions.php(287): CodeIgniter\Debug\Exceptions->CodeIgniter\Debug\{closure}()
#4 C:\xampp\htdocs\dewibesani\system\Debug\Exceptions.php(139): CodeIgniter\Debug\Exceptions->render(Object(CodeIgniter\View\Exceptions\ViewException), 500)
#5 [internal function]: CodeIgniter\Debug\Exceptions->exceptionHandler(Object(CodeIgniter\View\Exceptions\ViewException))
#6 {main}
  thrown
in APPPATH\Views\errors\html\error_exception.php on line 14.
 1 [internal function]: CodeIgniter\Debug\Exceptions->shutdownHandler()
CRITICAL - 2023-10-29 21:53:07 --> Invalid file: admin/homestaydetail.php
in SYSTEMPATH\Exceptions\FrameworkException.php on line 33.
 1 SYSTEMPATH\View\View.php(201): CodeIgniter\Exceptions\FrameworkException::forInvalidFile('admin/homestaydetail.php')
 2 SYSTEMPATH\Common.php(1134): CodeIgniter\View\View->render('admin/homestaydetail', [], true)
 3 APPPATH\Controllers\Admin_posting.php(56): view('admin/homestaydetail', [...])
 4 SYSTEMPATH\CodeIgniter.php(927): App\Controllers\Admin_posting->detailhomestay('1')
 5 SYSTEMPATH\CodeIgniter.php(482): CodeIgniter\CodeIgniter->runController(Object(App\Controllers\Admin_posting))
 6 SYSTEMPATH\CodeIgniter.php(351): CodeIgniter\CodeIgniter->handleRequest(null, Object(Config\Cache), false)
 7 FCPATH\index.php(67): CodeIgniter\CodeIgniter->run()
 8 SYSTEMPATH\Commands\Server\rewrite.php(46): require_once('FCPATH\\index.php')
CRITICAL - 2023-10-29 21:53:07 --> Uncaught ErrorException: file_get_contents(C:\xampp\htdocs\dewibesani\app\Views\errors\html\debug.js): Failed to open stream: No such file or directory in C:\xampp\htdocs\dewibesani\app\Views\errors\html\error_exception.php:14
Stack trace:
#0 [internal function]: CodeIgniter\Debug\Exceptions->errorHandler(2, 'file_get_conten...', 'C:\\xampp\\htdocs...', 14)
#1 C:\xampp\htdocs\dewibesani\app\Views\errors\html\error_exception.php(14): file_get_contents('C:\\xampp\\htdocs...')
#2 C:\xampp\htdocs\dewibesani\system\Debug\Exceptions.php(284): include('C:\\xampp\\htdocs...')
#3 C:\xampp\htdocs\dewibesani\system\Debug\Exceptions.php(287): CodeIgniter\Debug\Exceptions->CodeIgniter\Debug\{closure}()
#4 C:\xampp\htdocs\dewibesani\system\Debug\Exceptions.php(139): CodeIgniter\Debug\Exceptions->render(Object(CodeIgniter\View\Exceptions\ViewException), 500)
#5 [internal function]: CodeIgniter\Debug\Exceptions->exceptionHandler(Object(CodeIgniter\View\Exceptions\ViewException))
#6 {main}
  thrown
in APPPATH\Views\errors\html\error_exception.php on line 14.
 1 [internal function]: CodeIgniter\Debug\Exceptions->shutdownHandler()
CRITICAL - 2023-10-29 21:59:24 --> Invalid file: admin/fashion.php
in SYSTEMPATH\Exceptions\FrameworkException.php on line 33.
 1 SYSTEMPATH\View\View.php(201): CodeIgniter\Exceptions\FrameworkException::forInvalidFile('admin/fashion.php')
 2 SYSTEMPATH\Common.php(1134): CodeIgniter\View\View->render('admin/fashion', [], true)
 3 APPPATH\Controllers\Admin_posting.php(61): view('admin/fashion', [...])
 4 SYSTEMPATH\CodeIgniter.php(927): App\Controllers\Admin_posting->showfashion()
 5 SYSTEMPATH\CodeIgniter.php(482): CodeIgniter\CodeIgniter->runController(Object(App\Controllers\Admin_posting))
 6 SYSTEMPATH\CodeIgniter.php(351): CodeIgniter\CodeIgniter->handleRequest(null, Object(Config\Cache), false)
 7 FCPATH\index.php(67): CodeIgniter\CodeIgniter->run()
 8 SYSTEMPATH\Commands\Server\rewrite.php(46): require_once('FCPATH\\index.php')
CRITICAL - 2023-10-29 21:59:24 --> Uncaught ErrorException: file_get_contents(C:\xampp\htdocs\dewibesani\app\Views\errors\html\debug.js): Failed to open stream: No such file or directory in C:\xampp\htdocs\dewibesani\app\Views\errors\html\error_exception.php:14
Stack trace:
#0 [internal function]: CodeIgniter\Debug\Exceptions->errorHandler(2, 'file_get_conten...', 'C:\\xampp\\htdocs...', 14)
#1 C:\xampp\htdocs\dewibesani\app\Views\errors\html\error_exception.php(14): file_get_contents('C:\\xampp\\htdocs...')
#2 C:\xampp\htdocs\dewibesani\system\Debug\Exceptions.php(284): include('C:\\xampp\\htdocs...')
#3 C:\xampp\htdocs\dewibesani\system\Debug\Exceptions.php(287): CodeIgniter\Debug\Exceptions->CodeIgniter\Debug\{closure}()
#4 C:\xampp\htdocs\dewibesani\system\Debug\Exceptions.php(139): CodeIgniter\Debug\Exceptions->render(Object(CodeIgniter\View\Exceptions\ViewException), 500)
#5 [internal function]: CodeIgniter\Debug\Exceptions->exceptionHandler(Object(CodeIgniter\View\Exceptions\ViewException))
#6 {main}
  thrown
in APPPATH\Views\errors\html\error_exception.php on line 14.
 1 [internal function]: CodeIgniter\Debug\Exceptions->shutdownHandler()
