CRITICAL - 2023-01-04 03:28:55 --> Undefined array key "01"
in APPPATH\Controllers\Root.php on line 22.
 1 APPPATH\Controllers\Root.php(22): CodeIgniter\Debug\Exceptions->errorHandler(2, 'Undefined array key "01"', 'APPPATH\\Controllers\\Root.php', 22)
 2 SYSTEMPATH\CodeIgniter.php(927): App\Controllers\Root->tampilhasil()
 3 SYSTEMPATH\CodeIgniter.php(482): CodeIgniter\CodeIgniter->runController(Object(App\Controllers\Root))
 4 SYSTEMPATH\CodeIgniter.php(351): CodeIgniter\CodeIgniter->handleRequest(null, Object(Config\Cache), false)
 5 FCPATH\index.php(67): CodeIgniter\CodeIgniter->run()
 6 SYSTEMPATH\Commands\Server\rewrite.php(46): require_once('FCPATH\\index.php')
CRITICAL - 2023-01-04 03:30:59 --> Undefined array key "01"
in APPPATH\Views\admin\nilai.php on line 4.
 1 APPPATH\Views\admin\nilai.php(4): CodeIgniter\Debug\Exceptions->errorHandler(2, 'Undefined array key "01"', 'APPPATH\\Views\\admin\\nilai.php', 4)
 2 SYSTEMPATH\View\View.php(213): include('APPPATH\\Views\\admin\\nilai.php')
 3 SYSTEMPATH\View\View.php(216): CodeIgniter\View\View->CodeIgniter\View\{closure}()
 4 SYSTEMPATH\Common.php(1134): CodeIgniter\View\View->render('admin/nilai', [], true)
 5 APPPATH\Controllers\Nilai.php(12): view('admin/nilai', [...])
 6 SYSTEMPATH\CodeIgniter.php(927): App\Controllers\Nilai->index()
 7 SYSTEMPATH\CodeIgniter.php(482): CodeIgniter\CodeIgniter->runController(Object(App\Controllers\Nilai))
 8 SYSTEMPATH\CodeIgniter.php(351): CodeIgniter\CodeIgniter->handleRequest(null, Object(Config\Cache), false)
 9 FCPATH\index.php(67): CodeIgniter\CodeIgniter->run()
10 SYSTEMPATH\Commands\Server\rewrite.php(46): require_once('FCPATH\\index.php')
CRITICAL - 2023-01-04 03:31:34 --> Undefined array key "01"
in APPPATH\Controllers\Analisa.php on line 14.
 1 APPPATH\Controllers\Analisa.php(14): CodeIgniter\Debug\Exceptions->errorHandler(2, 'Undefined array key "01"', 'APPPATH\\Controllers\\Analisa.php', 14)
 2 SYSTEMPATH\CodeIgniter.php(927): App\Controllers\Analisa->index()
 3 SYSTEMPATH\CodeIgniter.php(482): CodeIgniter\CodeIgniter->runController(Object(App\Controllers\Analisa))
 4 SYSTEMPATH\CodeIgniter.php(351): CodeIgniter\CodeIgniter->handleRequest(null, Object(Config\Cache), false)
 5 FCPATH\index.php(67): CodeIgniter\CodeIgniter->run()
 6 SYSTEMPATH\Commands\Server\rewrite.php(46): require_once('FCPATH\\index.php')
CRITICAL - 2023-01-04 03:31:42 --> Undefined array key "01"
in APPPATH\Controllers\Analisa.php on line 14.
 1 APPPATH\Controllers\Analisa.php(14): CodeIgniter\Debug\Exceptions->errorHandler(2, 'Undefined array key "01"', 'APPPATH\\Controllers\\Analisa.php', 14)
 2 SYSTEMPATH\CodeIgniter.php(927): App\Controllers\Analisa->index()
 3 SYSTEMPATH\CodeIgniter.php(482): CodeIgniter\CodeIgniter->runController(Object(App\Controllers\Analisa))
 4 SYSTEMPATH\CodeIgniter.php(351): CodeIgniter\CodeIgniter->handleRequest(null, Object(Config\Cache), false)
 5 FCPATH\index.php(67): CodeIgniter\CodeIgniter->run()
 6 SYSTEMPATH\Commands\Server\rewrite.php(46): require_once('FCPATH\\index.php')
CRITICAL - 2023-01-04 03:32:03 --> Undefined array key "01"
in APPPATH\Controllers\Analisa.php on line 15.
 1 APPPATH\Controllers\Analisa.php(15): CodeIgniter\Debug\Exceptions->errorHandler(2, 'Undefined array key "01"', 'APPPATH\\Controllers\\Analisa.php', 15)
 2 SYSTEMPATH\CodeIgniter.php(927): App\Controllers\Analisa->index()
 3 SYSTEMPATH\CodeIgniter.php(482): CodeIgniter\CodeIgniter->runController(Object(App\Controllers\Analisa))
 4 SYSTEMPATH\CodeIgniter.php(351): CodeIgniter\CodeIgniter->handleRequest(null, Object(Config\Cache), false)
 5 FCPATH\index.php(67): CodeIgniter\CodeIgniter->run()
 6 SYSTEMPATH\Commands\Server\rewrite.php(46): require_once('FCPATH\\index.php')
CRITICAL - 2023-01-04 03:32:45 --> Undefined array key "01"
in APPPATH\Controllers\Analisa.php on line 16.
 1 APPPATH\Controllers\Analisa.php(16): CodeIgniter\Debug\Exceptions->errorHandler(2, 'Undefined array key "01"', 'APPPATH\\Controllers\\Analisa.php', 16)
 2 SYSTEMPATH\CodeIgniter.php(927): App\Controllers\Analisa->index()
 3 SYSTEMPATH\CodeIgniter.php(482): CodeIgniter\CodeIgniter->runController(Object(App\Controllers\Analisa))
 4 SYSTEMPATH\CodeIgniter.php(351): CodeIgniter\CodeIgniter->handleRequest(null, Object(Config\Cache), false)
 5 FCPATH\index.php(67): CodeIgniter\CodeIgniter->run()
 6 SYSTEMPATH\Commands\Server\rewrite.php(46): require_once('FCPATH\\index.php')
CRITICAL - 2023-01-04 03:32:54 --> Undefined array key "01"
in APPPATH\Controllers\Analisa.php on line 21.
 1 APPPATH\Controllers\Analisa.php(21): CodeIgniter\Debug\Exceptions->errorHandler(2, 'Undefined array key "01"', 'APPPATH\\Controllers\\Analisa.php', 21)
 2 SYSTEMPATH\CodeIgniter.php(927): App\Controllers\Analisa->index()
 3 SYSTEMPATH\CodeIgniter.php(482): CodeIgniter\CodeIgniter->runController(Object(App\Controllers\Analisa))
 4 SYSTEMPATH\CodeIgniter.php(351): CodeIgniter\CodeIgniter->handleRequest(null, Object(Config\Cache), false)
 5 FCPATH\index.php(67): CodeIgniter\CodeIgniter->run()
 6 SYSTEMPATH\Commands\Server\rewrite.php(46): require_once('FCPATH\\index.php')
CRITICAL - 2023-01-04 03:33:07 --> Undefined array key "01"
in APPPATH\Controllers\Analisa.php on line 44.
 1 APPPATH\Controllers\Analisa.php(44): CodeIgniter\Debug\Exceptions->errorHandler(2, 'Undefined array key "01"', 'APPPATH\\Controllers\\Analisa.php', 44)
 2 SYSTEMPATH\CodeIgniter.php(927): App\Controllers\Analisa->tampildata()
 3 SYSTEMPATH\CodeIgniter.php(482): CodeIgniter\CodeIgniter->runController(Object(App\Controllers\Analisa))
 4 SYSTEMPATH\CodeIgniter.php(351): CodeIgniter\CodeIgniter->handleRequest(null, Object(Config\Cache), false)
 5 FCPATH\index.php(67): CodeIgniter\CodeIgniter->run()
 6 SYSTEMPATH\Commands\Server\rewrite.php(46): require_once('FCPATH\\index.php')
