CRITICAL - 2023-10-24 08:19:42 --> Invalid file: situs/landing.php
in SYSTEMPATH\Exceptions\FrameworkException.php on line 33.
 1 SYSTEMPATH\View\View.php(201): CodeIgniter\Exceptions\FrameworkException::forInvalidFile('situs/landing.php')
 2 SYSTEMPATH\Common.php(1134): CodeIgniter\View\View->render('situs/landing', [], true)
 3 APPPATH\Controllers\Root.php(20): view('situs/landing')
 4 SYSTEMPATH\CodeIgniter.php(927): App\Controllers\Root->index()
 5 SYSTEMPATH\CodeIgniter.php(482): CodeIgniter\CodeIgniter->runController(Object(App\Controllers\Root))
 6 SYSTEMPATH\CodeIgniter.php(351): CodeIgniter\CodeIgniter->handleRequest(null, Object(Config\Cache), false)
 7 FCPATH\index.php(67): CodeIgniter\CodeIgniter->run()
 8 SYSTEMPATH\Commands\Server\rewrite.php(46): require_once('FCPATH\\index.php')
CRITICAL - 2023-10-24 08:19:42 --> Uncaught ErrorException: file_get_contents(C:\xampp\htdocs\dewibesani\app\Views\errors\html\debug.js): Failed to open stream: No such file or directory in C:\xampp\htdocs\dewibesani\app\Views\errors\html\error_exception.php:14
Stack trace:
#0 [internal function]: CodeIgniter\Debug\Exceptions->errorHandler(2, 'file_get_conten...', 'C:\\xampp\\htdocs...', 14)
#1 C:\xampp\htdocs\dewibesani\app\Views\errors\html\error_exception.php(14): file_get_contents('C:\\xampp\\htdocs...')
#2 C:\xampp\htdocs\dewibesani\system\Debug\Exceptions.php(284): include('C:\\xampp\\htdocs...')
#3 C:\xampp\htdocs\dewibesani\system\Debug\Exceptions.php(287): CodeIgniter\Debug\Exceptions->CodeIgniter\Debug\{closure}()
#4 C:\xampp\htdocs\dewibesani\system\Debug\Exceptions.php(139): CodeIgniter\Debug\Exceptions->render(Object(CodeIgniter\View\Exceptions\ViewException), 500)
#5 [internal function]: CodeIgniter\Debug\Exceptions->exceptionHandler(Object(CodeIgniter\View\Exceptions\ViewException))
#6 {main}
  thrown
in APPPATH\Views\errors\html\error_exception.php on line 14.
 1 [internal function]: CodeIgniter\Debug\Exceptions->shutdownHandler()
CRITICAL - 2023-10-24 08:19:49 --> Invalid file: situs/landing.php
in SYSTEMPATH\Exceptions\FrameworkException.php on line 33.
 1 SYSTEMPATH\View\View.php(201): CodeIgniter\Exceptions\FrameworkException::forInvalidFile('situs/landing.php')
 2 SYSTEMPATH\Common.php(1134): CodeIgniter\View\View->render('situs/landing', [], true)
 3 APPPATH\Controllers\Root.php(20): view('situs/landing')
 4 SYSTEMPATH\CodeIgniter.php(927): App\Controllers\Root->index()
 5 SYSTEMPATH\CodeIgniter.php(482): CodeIgniter\CodeIgniter->runController(Object(App\Controllers\Root))
 6 SYSTEMPATH\CodeIgniter.php(351): CodeIgniter\CodeIgniter->handleRequest(null, Object(Config\Cache), false)
 7 FCPATH\index.php(67): CodeIgniter\CodeIgniter->run()
 8 SYSTEMPATH\Commands\Server\rewrite.php(46): require_once('FCPATH\\index.php')
CRITICAL - 2023-10-24 08:19:49 --> Uncaught ErrorException: file_get_contents(C:\xampp\htdocs\dewibesani\app\Views\errors\html\debug.js): Failed to open stream: No such file or directory in C:\xampp\htdocs\dewibesani\app\Views\errors\html\error_exception.php:14
Stack trace:
#0 [internal function]: CodeIgniter\Debug\Exceptions->errorHandler(2, 'file_get_conten...', 'C:\\xampp\\htdocs...', 14)
#1 C:\xampp\htdocs\dewibesani\app\Views\errors\html\error_exception.php(14): file_get_contents('C:\\xampp\\htdocs...')
#2 C:\xampp\htdocs\dewibesani\system\Debug\Exceptions.php(284): include('C:\\xampp\\htdocs...')
#3 C:\xampp\htdocs\dewibesani\system\Debug\Exceptions.php(287): CodeIgniter\Debug\Exceptions->CodeIgniter\Debug\{closure}()
#4 C:\xampp\htdocs\dewibesani\system\Debug\Exceptions.php(139): CodeIgniter\Debug\Exceptions->render(Object(CodeIgniter\View\Exceptions\ViewException), 500)
#5 [internal function]: CodeIgniter\Debug\Exceptions->exceptionHandler(Object(CodeIgniter\View\Exceptions\ViewException))
#6 {main}
  thrown
in APPPATH\Views\errors\html\error_exception.php on line 14.
 1 [internal function]: CodeIgniter\Debug\Exceptions->shutdownHandler()
CRITICAL - 2023-10-24 08:23:12 --> Invalid file: site/landing.php
in SYSTEMPATH\Exceptions\FrameworkException.php on line 33.
 1 SYSTEMPATH\View\View.php(201): CodeIgniter\Exceptions\FrameworkException::forInvalidFile('site/landing.php')
 2 SYSTEMPATH\Common.php(1134): CodeIgniter\View\View->render('site/landing', [], true)
 3 APPPATH\Controllers\Root.php(20): view('site/landing')
 4 SYSTEMPATH\CodeIgniter.php(927): App\Controllers\Root->index()
 5 SYSTEMPATH\CodeIgniter.php(482): CodeIgniter\CodeIgniter->runController(Object(App\Controllers\Root))
 6 SYSTEMPATH\CodeIgniter.php(351): CodeIgniter\CodeIgniter->handleRequest(null, Object(Config\Cache), false)
 7 FCPATH\index.php(67): CodeIgniter\CodeIgniter->run()
 8 SYSTEMPATH\Commands\Server\rewrite.php(46): require_once('FCPATH\\index.php')
CRITICAL - 2023-10-24 08:23:12 --> Uncaught ErrorException: file_get_contents(C:\xampp\htdocs\dewibesani\app\Views\errors\html\debug.js): Failed to open stream: No such file or directory in C:\xampp\htdocs\dewibesani\app\Views\errors\html\error_exception.php:14
Stack trace:
#0 [internal function]: CodeIgniter\Debug\Exceptions->errorHandler(2, 'file_get_conten...', 'C:\\xampp\\htdocs...', 14)
#1 C:\xampp\htdocs\dewibesani\app\Views\errors\html\error_exception.php(14): file_get_contents('C:\\xampp\\htdocs...')
#2 C:\xampp\htdocs\dewibesani\system\Debug\Exceptions.php(284): include('C:\\xampp\\htdocs...')
#3 C:\xampp\htdocs\dewibesani\system\Debug\Exceptions.php(287): CodeIgniter\Debug\Exceptions->CodeIgniter\Debug\{closure}()
#4 C:\xampp\htdocs\dewibesani\system\Debug\Exceptions.php(139): CodeIgniter\Debug\Exceptions->render(Object(CodeIgniter\View\Exceptions\ViewException), 500)
#5 [internal function]: CodeIgniter\Debug\Exceptions->exceptionHandler(Object(CodeIgniter\View\Exceptions\ViewException))
#6 {main}
  thrown
in APPPATH\Views\errors\html\error_exception.php on line 14.
 1 [internal function]: CodeIgniter\Debug\Exceptions->shutdownHandler()
CRITICAL - 2023-10-24 09:08:03 --> Invalid file: site/landing.php
in SYSTEMPATH\Exceptions\FrameworkException.php on line 33.
 1 SYSTEMPATH\View\View.php(201): CodeIgniter\Exceptions\FrameworkException::forInvalidFile('site/landing.php')
 2 SYSTEMPATH\Common.php(1134): CodeIgniter\View\View->render('site/landing', [], true)
 3 APPPATH\Controllers\Root.php(37): view('site/landing')
 4 SYSTEMPATH\CodeIgniter.php(927): App\Controllers\Root->kirim()
 5 SYSTEMPATH\CodeIgniter.php(482): CodeIgniter\CodeIgniter->runController(Object(App\Controllers\Root))
 6 SYSTEMPATH\CodeIgniter.php(351): CodeIgniter\CodeIgniter->handleRequest(null, Object(Config\Cache), false)
 7 FCPATH\index.php(67): CodeIgniter\CodeIgniter->run()
 8 SYSTEMPATH\Commands\Server\rewrite.php(46): require_once('FCPATH\\index.php')
CRITICAL - 2023-10-24 20:25:54 --> Attempt to read property "nama" on array
in APPPATH\Views\site\afooter.php on line 16.
 1 APPPATH\Views\site\afooter.php(16): CodeIgniter\Debug\Exceptions->errorHandler(2, 'Attempt to read property "nama" on array', 'APPPATH\\Views\\site\\afooter.php', 16)
 2 SYSTEMPATH\View\View.php(213): include('APPPATH\\Views\\site\\afooter.php')
 3 SYSTEMPATH\View\View.php(216): CodeIgniter\View\View->CodeIgniter\View\{closure}()
 4 SYSTEMPATH\Common.php(1134): CodeIgniter\View\View->render('site/afooter', [], true)
 5 APPPATH\Views\site\landing.php(731): view('site/afooter')
 6 SYSTEMPATH\View\View.php(213): include('APPPATH\\Views\\site\\landing.php')
 7 SYSTEMPATH\View\View.php(216): CodeIgniter\View\View->CodeIgniter\View\{closure}()
 8 SYSTEMPATH\Common.php(1134): CodeIgniter\View\View->render('site/landing', [], true)
 9 APPPATH\Controllers\Root.php(20): view('site/landing')
10 SYSTEMPATH\CodeIgniter.php(927): App\Controllers\Root->index()
11 SYSTEMPATH\CodeIgniter.php(482): CodeIgniter\CodeIgniter->runController(Object(App\Controllers\Root))
12 SYSTEMPATH\CodeIgniter.php(351): CodeIgniter\CodeIgniter->handleRequest(null, Object(Config\Cache), false)
13 FCPATH\index.php(67): CodeIgniter\CodeIgniter->run()
14 SYSTEMPATH\Commands\Server\rewrite.php(46): require_once('FCPATH\\index.php')
CRITICAL - 2023-10-24 20:25:54 --> Uncaught ErrorException: file_get_contents(C:\xampp\htdocs\dewibesani\app\Views\errors\html\debug.js): Failed to open stream: No such file or directory in C:\xampp\htdocs\dewibesani\app\Views\errors\html\error_exception.php:14
Stack trace:
#0 [internal function]: CodeIgniter\Debug\Exceptions->errorHandler(2, 'file_get_conten...', 'C:\\xampp\\htdocs...', 14)
#1 C:\xampp\htdocs\dewibesani\app\Views\errors\html\error_exception.php(14): file_get_contents('C:\\xampp\\htdocs...')
#2 C:\xampp\htdocs\dewibesani\system\Debug\Exceptions.php(284): include('C:\\xampp\\htdocs...')
#3 C:\xampp\htdocs\dewibesani\system\Debug\Exceptions.php(287): CodeIgniter\Debug\Exceptions->CodeIgniter\Debug\{closure}()
#4 C:\xampp\htdocs\dewibesani\system\Debug\Exceptions.php(139): CodeIgniter\Debug\Exceptions->render(Object(ErrorException), 500)
#5 [internal function]: CodeIgniter\Debug\Exceptions->exceptionHandler(Object(ErrorException))
#6 {main}
  thrown
in APPPATH\Views\errors\html\error_exception.php on line 14.
 1 [internal function]: CodeIgniter\Debug\Exceptions->shutdownHandler()
CRITICAL - 2023-10-24 20:57:29 --> Invalid file: site/about.php
in SYSTEMPATH\Exceptions\FrameworkException.php on line 33.
 1 SYSTEMPATH\View\View.php(201): CodeIgniter\Exceptions\FrameworkException::forInvalidFile('site/about.php')
 2 SYSTEMPATH\Common.php(1134): CodeIgniter\View\View->render('site/about', [], true)
 3 APPPATH\Controllers\Root.php(26): view('site/about', [...])
 4 SYSTEMPATH\CodeIgniter.php(927): App\Controllers\Root->showabout()
 5 SYSTEMPATH\CodeIgniter.php(482): CodeIgniter\CodeIgniter->runController(Object(App\Controllers\Root))
 6 SYSTEMPATH\CodeIgniter.php(351): CodeIgniter\CodeIgniter->handleRequest(null, Object(Config\Cache), false)
 7 FCPATH\index.php(67): CodeIgniter\CodeIgniter->run()
 8 SYSTEMPATH\Commands\Server\rewrite.php(46): require_once('FCPATH\\index.php')
CRITICAL - 2023-10-24 20:57:29 --> Uncaught ErrorException: file_get_contents(C:\xampp\htdocs\dewibesani\app\Views\errors\html\debug.js): Failed to open stream: No such file or directory in C:\xampp\htdocs\dewibesani\app\Views\errors\html\error_exception.php:14
Stack trace:
#0 [internal function]: CodeIgniter\Debug\Exceptions->errorHandler(2, 'file_get_conten...', 'C:\\xampp\\htdocs...', 14)
#1 C:\xampp\htdocs\dewibesani\app\Views\errors\html\error_exception.php(14): file_get_contents('C:\\xampp\\htdocs...')
#2 C:\xampp\htdocs\dewibesani\system\Debug\Exceptions.php(284): include('C:\\xampp\\htdocs...')
#3 C:\xampp\htdocs\dewibesani\system\Debug\Exceptions.php(287): CodeIgniter\Debug\Exceptions->CodeIgniter\Debug\{closure}()
#4 C:\xampp\htdocs\dewibesani\system\Debug\Exceptions.php(139): CodeIgniter\Debug\Exceptions->render(Object(CodeIgniter\View\Exceptions\ViewException), 500)
#5 [internal function]: CodeIgniter\Debug\Exceptions->exceptionHandler(Object(CodeIgniter\View\Exceptions\ViewException))
#6 {main}
  thrown
in APPPATH\Views\errors\html\error_exception.php on line 14.
 1 [internal function]: CodeIgniter\Debug\Exceptions->shutdownHandler()
CRITICAL - 2023-10-24 21:11:37 --> Call to a member function getResultArray() on array
in APPPATH\Controllers\Root.php on line 27.
 1 SYSTEMPATH\CodeIgniter.php(927): App\Controllers\Root->showabout()
 2 SYSTEMPATH\CodeIgniter.php(482): CodeIgniter\CodeIgniter->runController(Object(App\Controllers\Root))
 3 SYSTEMPATH\CodeIgniter.php(351): CodeIgniter\CodeIgniter->handleRequest(null, Object(Config\Cache), false)
 4 FCPATH\index.php(67): CodeIgniter\CodeIgniter->run()
 5 SYSTEMPATH\Commands\Server\rewrite.php(46): require_once('FCPATH\\index.php')
CRITICAL - 2023-10-24 21:11:37 --> Uncaught ErrorException: file_get_contents(C:\xampp\htdocs\dewibesani\app\Views\errors\html\debug.js): Failed to open stream: No such file or directory in C:\xampp\htdocs\dewibesani\app\Views\errors\html\error_exception.php:14
Stack trace:
#0 [internal function]: CodeIgniter\Debug\Exceptions->errorHandler(2, 'file_get_conten...', 'C:\\xampp\\htdocs...', 14)
#1 C:\xampp\htdocs\dewibesani\app\Views\errors\html\error_exception.php(14): file_get_contents('C:\\xampp\\htdocs...')
#2 C:\xampp\htdocs\dewibesani\system\Debug\Exceptions.php(284): include('C:\\xampp\\htdocs...')
#3 C:\xampp\htdocs\dewibesani\system\Debug\Exceptions.php(287): CodeIgniter\Debug\Exceptions->CodeIgniter\Debug\{closure}()
#4 C:\xampp\htdocs\dewibesani\system\Debug\Exceptions.php(139): CodeIgniter\Debug\Exceptions->render(Object(Error), 500)
#5 [internal function]: CodeIgniter\Debug\Exceptions->exceptionHandler(Object(Error))
#6 {main}
  thrown
in APPPATH\Views\errors\html\error_exception.php on line 14.
 1 [internal function]: CodeIgniter\Debug\Exceptions->shutdownHandler()
CRITICAL - 2023-10-24 21:12:07 --> syntax error, unexpected token "=>"
in APPPATH\Controllers\Root.php on line 27.
 1 SYSTEMPATH\Autoloader\Autoloader.php(259): CodeIgniter\Autoloader\Autoloader->includeFile('APPPATH\\Controllers\\Root.php')
 2 SYSTEMPATH\Autoloader\Autoloader.php(237): CodeIgniter\Autoloader\Autoloader->loadInNamespace('App\\Controllers\\Root')
 3 [internal function]: CodeIgniter\Autoloader\Autoloader->loadClass('App\\Controllers\\Root')
 4 SYSTEMPATH\CodeIgniter.php(877): class_exists('\\App\\Controllers\\Root', true)
 5 SYSTEMPATH\CodeIgniter.php(469): CodeIgniter\CodeIgniter->startController()
 6 SYSTEMPATH\CodeIgniter.php(351): CodeIgniter\CodeIgniter->handleRequest(null, Object(Config\Cache), false)
 7 FCPATH\index.php(67): CodeIgniter\CodeIgniter->run()
 8 SYSTEMPATH\Commands\Server\rewrite.php(46): require_once('FCPATH\\index.php')
CRITICAL - 2023-10-24 21:12:07 --> Uncaught ErrorException: file_get_contents(C:\xampp\htdocs\dewibesani\app\Views\errors\html\debug.js): Failed to open stream: No such file or directory in C:\xampp\htdocs\dewibesani\app\Views\errors\html\error_exception.php:14
Stack trace:
#0 [internal function]: CodeIgniter\Debug\Exceptions->errorHandler(2, 'file_get_conten...', 'C:\\xampp\\htdocs...', 14)
#1 C:\xampp\htdocs\dewibesani\app\Views\errors\html\error_exception.php(14): file_get_contents('C:\\xampp\\htdocs...')
#2 C:\xampp\htdocs\dewibesani\system\Debug\Exceptions.php(284): include('C:\\xampp\\htdocs...')
#3 C:\xampp\htdocs\dewibesani\system\Debug\Exceptions.php(287): CodeIgniter\Debug\Exceptions->CodeIgniter\Debug\{closure}()
#4 C:\xampp\htdocs\dewibesani\system\Debug\Exceptions.php(139): CodeIgniter\Debug\Exceptions->render(Object(ParseError), 500)
#5 [internal function]: CodeIgniter\Debug\Exceptions->exceptionHandler(Object(ParseError))
#6 {main}
  thrown
in APPPATH\Views\errors\html\error_exception.php on line 14.
 1 [internal function]: CodeIgniter\Debug\Exceptions->shutdownHandler()
CRITICAL - 2023-10-24 21:13:57 --> Undefined variable $info
in APPPATH\Views\site\about.php on line 29.
 1 APPPATH\Views\site\about.php(29): CodeIgniter\Debug\Exceptions->errorHandler(2, 'Undefined variable $info', 'APPPATH\\Views\\site\\about.php', 29)
 2 SYSTEMPATH\View\View.php(213): include('APPPATH\\Views\\site\\about.php')
 3 SYSTEMPATH\View\View.php(216): CodeIgniter\View\View->CodeIgniter\View\{closure}()
 4 SYSTEMPATH\Common.php(1134): CodeIgniter\View\View->render('site/about', [], true)
 5 APPPATH\Controllers\Root.php(28): view('site/about', [...])
 6 SYSTEMPATH\CodeIgniter.php(927): App\Controllers\Root->showabout()
 7 SYSTEMPATH\CodeIgniter.php(482): CodeIgniter\CodeIgniter->runController(Object(App\Controllers\Root))
 8 SYSTEMPATH\CodeIgniter.php(351): CodeIgniter\CodeIgniter->handleRequest(null, Object(Config\Cache), false)
 9 FCPATH\index.php(67): CodeIgniter\CodeIgniter->run()
10 SYSTEMPATH\Commands\Server\rewrite.php(46): require_once('FCPATH\\index.php')
CRITICAL - 2023-10-24 21:13:57 --> Uncaught ErrorException: file_get_contents(C:\xampp\htdocs\dewibesani\app\Views\errors\html\debug.js): Failed to open stream: No such file or directory in C:\xampp\htdocs\dewibesani\app\Views\errors\html\error_exception.php:14
Stack trace:
#0 [internal function]: CodeIgniter\Debug\Exceptions->errorHandler(2, 'file_get_conten...', 'C:\\xampp\\htdocs...', 14)
#1 C:\xampp\htdocs\dewibesani\app\Views\errors\html\error_exception.php(14): file_get_contents('C:\\xampp\\htdocs...')
#2 C:\xampp\htdocs\dewibesani\system\Debug\Exceptions.php(284): include('C:\\xampp\\htdocs...')
#3 C:\xampp\htdocs\dewibesani\system\Debug\Exceptions.php(287): CodeIgniter\Debug\Exceptions->CodeIgniter\Debug\{closure}()
#4 C:\xampp\htdocs\dewibesani\system\Debug\Exceptions.php(139): CodeIgniter\Debug\Exceptions->render(Object(ErrorException), 500)
#5 [internal function]: CodeIgniter\Debug\Exceptions->exceptionHandler(Object(ErrorException))
#6 {main}
  thrown
in APPPATH\Views\errors\html\error_exception.php on line 14.
 1 [internal function]: CodeIgniter\Debug\Exceptions->shutdownHandler()
CRITICAL - 2023-10-24 21:59:35 --> Undefined array key "nama"
in APPPATH\Views\site\about.php on line 12.
 1 APPPATH\Views\site\about.php(12): CodeIgniter\Debug\Exceptions->errorHandler(2, 'Undefined array key "nama"', 'APPPATH\\Views\\site\\about.php', 12)
 2 SYSTEMPATH\View\View.php(213): include('APPPATH\\Views\\site\\about.php')
 3 SYSTEMPATH\View\View.php(216): CodeIgniter\View\View->CodeIgniter\View\{closure}()
 4 SYSTEMPATH\Common.php(1134): CodeIgniter\View\View->render('site/about', [], true)
 5 APPPATH\Controllers\Root.php(37): view('site/about', [...])
 6 SYSTEMPATH\CodeIgniter.php(927): App\Controllers\Root->showtour()
 7 SYSTEMPATH\CodeIgniter.php(482): CodeIgniter\CodeIgniter->runController(Object(App\Controllers\Root))
 8 SYSTEMPATH\CodeIgniter.php(351): CodeIgniter\CodeIgniter->handleRequest(null, Object(Config\Cache), false)
 9 FCPATH\index.php(67): CodeIgniter\CodeIgniter->run()
10 SYSTEMPATH\Commands\Server\rewrite.php(46): require_once('FCPATH\\index.php')
CRITICAL - 2023-10-24 21:59:35 --> Uncaught ErrorException: file_get_contents(C:\xampp\htdocs\dewibesani\app\Views\errors\html\debug.js): Failed to open stream: No such file or directory in C:\xampp\htdocs\dewibesani\app\Views\errors\html\error_exception.php:14
Stack trace:
#0 [internal function]: CodeIgniter\Debug\Exceptions->errorHandler(2, 'file_get_conten...', 'C:\\xampp\\htdocs...', 14)
#1 C:\xampp\htdocs\dewibesani\app\Views\errors\html\error_exception.php(14): file_get_contents('C:\\xampp\\htdocs...')
#2 C:\xampp\htdocs\dewibesani\system\Debug\Exceptions.php(284): include('C:\\xampp\\htdocs...')
#3 C:\xampp\htdocs\dewibesani\system\Debug\Exceptions.php(287): CodeIgniter\Debug\Exceptions->CodeIgniter\Debug\{closure}()
#4 C:\xampp\htdocs\dewibesani\system\Debug\Exceptions.php(139): CodeIgniter\Debug\Exceptions->render(Object(ErrorException), 500)
#5 [internal function]: CodeIgniter\Debug\Exceptions->exceptionHandler(Object(ErrorException))
#6 {main}
  thrown
in APPPATH\Views\errors\html\error_exception.php on line 14.
 1 [internal function]: CodeIgniter\Debug\Exceptions->shutdownHandler()
CRITICAL - 2023-10-24 22:01:47 --> Undefined array key "nama"
in APPPATH\Views\site\about.php on line 12.
 1 APPPATH\Views\site\about.php(12): CodeIgniter\Debug\Exceptions->errorHandler(2, 'Undefined array key "nama"', 'APPPATH\\Views\\site\\about.php', 12)
 2 SYSTEMPATH\View\View.php(213): include('APPPATH\\Views\\site\\about.php')
 3 SYSTEMPATH\View\View.php(216): CodeIgniter\View\View->CodeIgniter\View\{closure}()
 4 SYSTEMPATH\Common.php(1134): CodeIgniter\View\View->render('site/about', [], true)
 5 APPPATH\Controllers\Root.php(37): view('site/about', [...])
 6 SYSTEMPATH\CodeIgniter.php(927): App\Controllers\Root->showtour()
 7 SYSTEMPATH\CodeIgniter.php(482): CodeIgniter\CodeIgniter->runController(Object(App\Controllers\Root))
 8 SYSTEMPATH\CodeIgniter.php(351): CodeIgniter\CodeIgniter->handleRequest(null, Object(Config\Cache), false)
 9 FCPATH\index.php(67): CodeIgniter\CodeIgniter->run()
10 SYSTEMPATH\Commands\Server\rewrite.php(46): require_once('FCPATH\\index.php')
CRITICAL - 2023-10-24 22:01:47 --> Uncaught ErrorException: file_get_contents(C:\xampp\htdocs\dewibesani\app\Views\errors\html\debug.js): Failed to open stream: No such file or directory in C:\xampp\htdocs\dewibesani\app\Views\errors\html\error_exception.php:14
Stack trace:
#0 [internal function]: CodeIgniter\Debug\Exceptions->errorHandler(2, 'file_get_conten...', 'C:\\xampp\\htdocs...', 14)
#1 C:\xampp\htdocs\dewibesani\app\Views\errors\html\error_exception.php(14): file_get_contents('C:\\xampp\\htdocs...')
#2 C:\xampp\htdocs\dewibesani\system\Debug\Exceptions.php(284): include('C:\\xampp\\htdocs...')
#3 C:\xampp\htdocs\dewibesani\system\Debug\Exceptions.php(287): CodeIgniter\Debug\Exceptions->CodeIgniter\Debug\{closure}()
#4 C:\xampp\htdocs\dewibesani\system\Debug\Exceptions.php(139): CodeIgniter\Debug\Exceptions->render(Object(ErrorException), 500)
#5 [internal function]: CodeIgniter\Debug\Exceptions->exceptionHandler(Object(ErrorException))
#6 {main}
  thrown
in APPPATH\Views\errors\html\error_exception.php on line 14.
 1 [internal function]: CodeIgniter\Debug\Exceptions->shutdownHandler()
CRITICAL - 2023-10-24 22:02:08 --> Undefined array key "nama"
in APPPATH\Views\site\wisata.php on line 12.
 1 APPPATH\Views\site\wisata.php(12): CodeIgniter\Debug\Exceptions->errorHandler(2, 'Undefined array key "nama"', 'APPPATH\\Views\\site\\wisata.php', 12)
 2 SYSTEMPATH\View\View.php(213): include('APPPATH\\Views\\site\\wisata.php')
 3 SYSTEMPATH\View\View.php(216): CodeIgniter\View\View->CodeIgniter\View\{closure}()
 4 SYSTEMPATH\Common.php(1134): CodeIgniter\View\View->render('site/wisata', [], true)
 5 APPPATH\Controllers\Root.php(34): view('site/wisata', [...])
 6 SYSTEMPATH\CodeIgniter.php(927): App\Controllers\Root->showtour()
 7 SYSTEMPATH\CodeIgniter.php(482): CodeIgniter\CodeIgniter->runController(Object(App\Controllers\Root))
 8 SYSTEMPATH\CodeIgniter.php(351): CodeIgniter\CodeIgniter->handleRequest(null, Object(Config\Cache), false)
 9 FCPATH\index.php(67): CodeIgniter\CodeIgniter->run()
10 SYSTEMPATH\Commands\Server\rewrite.php(46): require_once('FCPATH\\index.php')
CRITICAL - 2023-10-24 22:02:08 --> Uncaught ErrorException: file_get_contents(C:\xampp\htdocs\dewibesani\app\Views\errors\html\debug.js): Failed to open stream: No such file or directory in C:\xampp\htdocs\dewibesani\app\Views\errors\html\error_exception.php:14
Stack trace:
#0 [internal function]: CodeIgniter\Debug\Exceptions->errorHandler(2, 'file_get_conten...', 'C:\\xampp\\htdocs...', 14)
#1 C:\xampp\htdocs\dewibesani\app\Views\errors\html\error_exception.php(14): file_get_contents('C:\\xampp\\htdocs...')
#2 C:\xampp\htdocs\dewibesani\system\Debug\Exceptions.php(284): include('C:\\xampp\\htdocs...')
#3 C:\xampp\htdocs\dewibesani\system\Debug\Exceptions.php(287): CodeIgniter\Debug\Exceptions->CodeIgniter\Debug\{closure}()
#4 C:\xampp\htdocs\dewibesani\system\Debug\Exceptions.php(139): CodeIgniter\Debug\Exceptions->render(Object(ErrorException), 500)
#5 [internal function]: CodeIgniter\Debug\Exceptions->exceptionHandler(Object(ErrorException))
#6 {main}
  thrown
in APPPATH\Views\errors\html\error_exception.php on line 14.
 1 [internal function]: CodeIgniter\Debug\Exceptions->shutdownHandler()
ERROR - 2023-10-24 22:06:30 --> mysqli_sql_exception: Unknown column 'gambar' in 'field list' in C:\xampp\htdocs\dewibesani\system\Database\MySQLi\Connection.php:292
Stack trace:
#0 C:\xampp\htdocs\dewibesani\system\Database\MySQLi\Connection.php(292): mysqli->query('select gambar f...', 0)
#1 C:\xampp\htdocs\dewibesani\system\Database\BaseConnection.php(666): CodeIgniter\Database\MySQLi\Connection->execute('select gambar f...')
#2 C:\xampp\htdocs\dewibesani\system\Database\BaseConnection.php(593): CodeIgniter\Database\BaseConnection->simpleQuery('select gambar f...')
#3 C:\xampp\htdocs\dewibesani\app\Views\site\wisata.php(27): CodeIgniter\Database\BaseConnection->query('select gambar f...')
#4 C:\xampp\htdocs\dewibesani\system\View\View.php(213): include('C:\\xampp\\htdocs...')
#5 C:\xampp\htdocs\dewibesani\system\View\View.php(216): CodeIgniter\View\View->CodeIgniter\View\{closure}()
#6 C:\xampp\htdocs\dewibesani\system\Common.php(1134): CodeIgniter\View\View->render('site/wisata', Array, true)
#7 C:\xampp\htdocs\dewibesani\app\Controllers\Root.php(35): view('site/wisata', Array)
#8 C:\xampp\htdocs\dewibesani\system\CodeIgniter.php(927): App\Controllers\Root->showtour()
#9 C:\xampp\htdocs\dewibesani\system\CodeIgniter.php(482): CodeIgniter\CodeIgniter->runController(Object(App\Controllers\Root))
#10 C:\xampp\htdocs\dewibesani\system\CodeIgniter.php(351): CodeIgniter\CodeIgniter->handleRequest(NULL, Object(Config\Cache), false)
#11 C:\xampp\htdocs\dewibesani\public\index.php(67): CodeIgniter\CodeIgniter->run()
#12 C:\xampp\htdocs\dewibesani\system\Commands\Server\rewrite.php(46): require_once('C:\\xampp\\htdocs...')
#13 {main}
CRITICAL - 2023-10-24 22:06:30 --> Call to a member function getRowArray() on bool
in APPPATH\Views\site\wisata.php on line 27.
 1 SYSTEMPATH\View\View.php(213): include()
 2 SYSTEMPATH\View\View.php(216): CodeIgniter\View\View->CodeIgniter\View\{closure}()
 3 SYSTEMPATH\Common.php(1134): CodeIgniter\View\View->render('site/wisata', [], true)
 4 APPPATH\Controllers\Root.php(35): view('site/wisata', [...])
 5 SYSTEMPATH\CodeIgniter.php(927): App\Controllers\Root->showtour()
 6 SYSTEMPATH\CodeIgniter.php(482): CodeIgniter\CodeIgniter->runController(Object(App\Controllers\Root))
 7 SYSTEMPATH\CodeIgniter.php(351): CodeIgniter\CodeIgniter->handleRequest(null, Object(Config\Cache), false)
 8 FCPATH\index.php(67): CodeIgniter\CodeIgniter->run()
 9 SYSTEMPATH\Commands\Server\rewrite.php(46): require_once('FCPATH\\index.php')
CRITICAL - 2023-10-24 22:06:30 --> Uncaught ErrorException: file_get_contents(C:\xampp\htdocs\dewibesani\app\Views\errors\html\debug.js): Failed to open stream: No such file or directory in C:\xampp\htdocs\dewibesani\app\Views\errors\html\error_exception.php:14
Stack trace:
#0 [internal function]: CodeIgniter\Debug\Exceptions->errorHandler(2, 'file_get_conten...', 'C:\\xampp\\htdocs...', 14)
#1 C:\xampp\htdocs\dewibesani\app\Views\errors\html\error_exception.php(14): file_get_contents('C:\\xampp\\htdocs...')
#2 C:\xampp\htdocs\dewibesani\system\Debug\Exceptions.php(284): include('C:\\xampp\\htdocs...')
#3 C:\xampp\htdocs\dewibesani\system\Debug\Exceptions.php(287): CodeIgniter\Debug\Exceptions->CodeIgniter\Debug\{closure}()
#4 C:\xampp\htdocs\dewibesani\system\Debug\Exceptions.php(139): CodeIgniter\Debug\Exceptions->render(Object(Error), 500)
#5 [internal function]: CodeIgniter\Debug\Exceptions->exceptionHandler(Object(Error))
#6 {main}
  thrown
in APPPATH\Views\errors\html\error_exception.php on line 14.
 1 [internal function]: CodeIgniter\Debug\Exceptions->shutdownHandler()
CRITICAL - 2023-10-24 22:07:13 --> syntax error, unexpected token ";", expecting ")"
in APPPATH\Views\site\wisata.php on line 32.
 1 SYSTEMPATH\View\View.php(216): CodeIgniter\View\View->CodeIgniter\View\{closure}()
 2 SYSTEMPATH\Common.php(1134): CodeIgniter\View\View->render('site/wisata', [], true)
 3 APPPATH\Controllers\Root.php(35): view('site/wisata', [...])
 4 SYSTEMPATH\CodeIgniter.php(927): App\Controllers\Root->showtour()
 5 SYSTEMPATH\CodeIgniter.php(482): CodeIgniter\CodeIgniter->runController(Object(App\Controllers\Root))
 6 SYSTEMPATH\CodeIgniter.php(351): CodeIgniter\CodeIgniter->handleRequest(null, Object(Config\Cache), false)
 7 FCPATH\index.php(67): CodeIgniter\CodeIgniter->run()
 8 SYSTEMPATH\Commands\Server\rewrite.php(46): require_once('FCPATH\\index.php')
CRITICAL - 2023-10-24 22:07:13 --> Uncaught ErrorException: file_get_contents(C:\xampp\htdocs\dewibesani\app\Views\errors\html\debug.js): Failed to open stream: No such file or directory in C:\xampp\htdocs\dewibesani\app\Views\errors\html\error_exception.php:14
Stack trace:
#0 [internal function]: CodeIgniter\Debug\Exceptions->errorHandler(2, 'file_get_conten...', 'C:\\xampp\\htdocs...', 14)
#1 C:\xampp\htdocs\dewibesani\app\Views\errors\html\error_exception.php(14): file_get_contents('C:\\xampp\\htdocs...')
#2 C:\xampp\htdocs\dewibesani\system\Debug\Exceptions.php(284): include('C:\\xampp\\htdocs...')
#3 C:\xampp\htdocs\dewibesani\system\Debug\Exceptions.php(287): CodeIgniter\Debug\Exceptions->CodeIgniter\Debug\{closure}()
#4 C:\xampp\htdocs\dewibesani\system\Debug\Exceptions.php(139): CodeIgniter\Debug\Exceptions->render(Object(ParseError), 500)
#5 [internal function]: CodeIgniter\Debug\Exceptions->exceptionHandler(Object(ParseError))
#6 {main}
  thrown
in APPPATH\Views\errors\html\error_exception.php on line 14.
 1 [internal function]: CodeIgniter\Debug\Exceptions->shutdownHandler()
CRITICAL - 2023-10-24 22:07:22 --> syntax error, unexpected token ";", expecting ")"
in APPPATH\Views\site\wisata.php on line 32.
 1 SYSTEMPATH\View\View.php(216): CodeIgniter\View\View->CodeIgniter\View\{closure}()
 2 SYSTEMPATH\Common.php(1134): CodeIgniter\View\View->render('site/wisata', [], true)
 3 APPPATH\Controllers\Root.php(35): view('site/wisata', [...])
 4 SYSTEMPATH\CodeIgniter.php(927): App\Controllers\Root->showtour()
 5 SYSTEMPATH\CodeIgniter.php(482): CodeIgniter\CodeIgniter->runController(Object(App\Controllers\Root))
 6 SYSTEMPATH\CodeIgniter.php(351): CodeIgniter\CodeIgniter->handleRequest(null, Object(Config\Cache), false)
 7 FCPATH\index.php(67): CodeIgniter\CodeIgniter->run()
 8 SYSTEMPATH\Commands\Server\rewrite.php(46): require_once('FCPATH\\index.php')
CRITICAL - 2023-10-24 22:07:22 --> Uncaught ErrorException: file_get_contents(C:\xampp\htdocs\dewibesani\app\Views\errors\html\debug.js): Failed to open stream: No such file or directory in C:\xampp\htdocs\dewibesani\app\Views\errors\html\error_exception.php:14
Stack trace:
#0 [internal function]: CodeIgniter\Debug\Exceptions->errorHandler(2, 'file_get_conten...', 'C:\\xampp\\htdocs...', 14)
#1 C:\xampp\htdocs\dewibesani\app\Views\errors\html\error_exception.php(14): file_get_contents('C:\\xampp\\htdocs...')
#2 C:\xampp\htdocs\dewibesani\system\Debug\Exceptions.php(284): include('C:\\xampp\\htdocs...')
#3 C:\xampp\htdocs\dewibesani\system\Debug\Exceptions.php(287): CodeIgniter\Debug\Exceptions->CodeIgniter\Debug\{closure}()
#4 C:\xampp\htdocs\dewibesani\system\Debug\Exceptions.php(139): CodeIgniter\Debug\Exceptions->render(Object(ParseError), 500)
#5 [internal function]: CodeIgniter\Debug\Exceptions->exceptionHandler(Object(ParseError))
#6 {main}
  thrown
in APPPATH\Views\errors\html\error_exception.php on line 14.
 1 [internal function]: CodeIgniter\Debug\Exceptions->shutdownHandler()
CRITICAL - 2023-10-24 22:09:47 --> syntax error, unexpected token ";", expecting ")"
in APPPATH\Views\site\wisata.php on line 32.
 1 SYSTEMPATH\View\View.php(216): CodeIgniter\View\View->CodeIgniter\View\{closure}()
 2 SYSTEMPATH\Common.php(1134): CodeIgniter\View\View->render('site/wisata', [], true)
 3 APPPATH\Controllers\Root.php(35): view('site/wisata', [...])
 4 SYSTEMPATH\CodeIgniter.php(927): App\Controllers\Root->showtour()
 5 SYSTEMPATH\CodeIgniter.php(482): CodeIgniter\CodeIgniter->runController(Object(App\Controllers\Root))
 6 SYSTEMPATH\CodeIgniter.php(351): CodeIgniter\CodeIgniter->handleRequest(null, Object(Config\Cache), false)
 7 FCPATH\index.php(67): CodeIgniter\CodeIgniter->run()
 8 SYSTEMPATH\Commands\Server\rewrite.php(46): require_once('FCPATH\\index.php')
CRITICAL - 2023-10-24 22:09:47 --> Uncaught ErrorException: file_get_contents(C:\xampp\htdocs\dewibesani\app\Views\errors\html\debug.js): Failed to open stream: No such file or directory in C:\xampp\htdocs\dewibesani\app\Views\errors\html\error_exception.php:14
Stack trace:
#0 [internal function]: CodeIgniter\Debug\Exceptions->errorHandler(2, 'file_get_conten...', 'C:\\xampp\\htdocs...', 14)
#1 C:\xampp\htdocs\dewibesani\app\Views\errors\html\error_exception.php(14): file_get_contents('C:\\xampp\\htdocs...')
#2 C:\xampp\htdocs\dewibesani\system\Debug\Exceptions.php(284): include('C:\\xampp\\htdocs...')
#3 C:\xampp\htdocs\dewibesani\system\Debug\Exceptions.php(287): CodeIgniter\Debug\Exceptions->CodeIgniter\Debug\{closure}()
#4 C:\xampp\htdocs\dewibesani\system\Debug\Exceptions.php(139): CodeIgniter\Debug\Exceptions->render(Object(ParseError), 500)
#5 [internal function]: CodeIgniter\Debug\Exceptions->exceptionHandler(Object(ParseError))
#6 {main}
  thrown
in APPPATH\Views\errors\html\error_exception.php on line 14.
 1 [internal function]: CodeIgniter\Debug\Exceptions->shutdownHandler()
CRITICAL - 2023-10-24 22:09:47 --> syntax error, unexpected token ";", expecting ")"
in APPPATH\Views\site\wisata.php on line 32.
 1 SYSTEMPATH\View\View.php(216): CodeIgniter\View\View->CodeIgniter\View\{closure}()
 2 SYSTEMPATH\Common.php(1134): CodeIgniter\View\View->render('site/wisata', [], true)
 3 APPPATH\Controllers\Root.php(35): view('site/wisata', [...])
 4 SYSTEMPATH\CodeIgniter.php(927): App\Controllers\Root->showtour()
 5 SYSTEMPATH\CodeIgniter.php(482): CodeIgniter\CodeIgniter->runController(Object(App\Controllers\Root))
 6 SYSTEMPATH\CodeIgniter.php(351): CodeIgniter\CodeIgniter->handleRequest(null, Object(Config\Cache), false)
 7 FCPATH\index.php(67): CodeIgniter\CodeIgniter->run()
 8 SYSTEMPATH\Commands\Server\rewrite.php(46): require_once('FCPATH\\index.php')
CRITICAL - 2023-10-24 22:09:47 --> Uncaught ErrorException: file_get_contents(C:\xampp\htdocs\dewibesani\app\Views\errors\html\debug.js): Failed to open stream: No such file or directory in C:\xampp\htdocs\dewibesani\app\Views\errors\html\error_exception.php:14
Stack trace:
#0 [internal function]: CodeIgniter\Debug\Exceptions->errorHandler(2, 'file_get_conten...', 'C:\\xampp\\htdocs...', 14)
#1 C:\xampp\htdocs\dewibesani\app\Views\errors\html\error_exception.php(14): file_get_contents('C:\\xampp\\htdocs...')
#2 C:\xampp\htdocs\dewibesani\system\Debug\Exceptions.php(284): include('C:\\xampp\\htdocs...')
#3 C:\xampp\htdocs\dewibesani\system\Debug\Exceptions.php(287): CodeIgniter\Debug\Exceptions->CodeIgniter\Debug\{closure}()
#4 C:\xampp\htdocs\dewibesani\system\Debug\Exceptions.php(139): CodeIgniter\Debug\Exceptions->render(Object(ParseError), 500)
#5 [internal function]: CodeIgniter\Debug\Exceptions->exceptionHandler(Object(ParseError))
#6 {main}
  thrown
in APPPATH\Views\errors\html\error_exception.php on line 14.
 1 [internal function]: CodeIgniter\Debug\Exceptions->shutdownHandler()
CRITICAL - 2023-10-24 22:09:48 --> syntax error, unexpected token ";", expecting ")"
in APPPATH\Views\site\wisata.php on line 32.
 1 SYSTEMPATH\View\View.php(216): CodeIgniter\View\View->CodeIgniter\View\{closure}()
 2 SYSTEMPATH\Common.php(1134): CodeIgniter\View\View->render('site/wisata', [], true)
 3 APPPATH\Controllers\Root.php(35): view('site/wisata', [...])
 4 SYSTEMPATH\CodeIgniter.php(927): App\Controllers\Root->showtour()
 5 SYSTEMPATH\CodeIgniter.php(482): CodeIgniter\CodeIgniter->runController(Object(App\Controllers\Root))
 6 SYSTEMPATH\CodeIgniter.php(351): CodeIgniter\CodeIgniter->handleRequest(null, Object(Config\Cache), false)
 7 FCPATH\index.php(67): CodeIgniter\CodeIgniter->run()
 8 SYSTEMPATH\Commands\Server\rewrite.php(46): require_once('FCPATH\\index.php')
CRITICAL - 2023-10-24 22:09:48 --> Uncaught ErrorException: file_get_contents(C:\xampp\htdocs\dewibesani\app\Views\errors\html\debug.js): Failed to open stream: No such file or directory in C:\xampp\htdocs\dewibesani\app\Views\errors\html\error_exception.php:14
Stack trace:
#0 [internal function]: CodeIgniter\Debug\Exceptions->errorHandler(2, 'file_get_conten...', 'C:\\xampp\\htdocs...', 14)
#1 C:\xampp\htdocs\dewibesani\app\Views\errors\html\error_exception.php(14): file_get_contents('C:\\xampp\\htdocs...')
#2 C:\xampp\htdocs\dewibesani\system\Debug\Exceptions.php(284): include('C:\\xampp\\htdocs...')
#3 C:\xampp\htdocs\dewibesani\system\Debug\Exceptions.php(287): CodeIgniter\Debug\Exceptions->CodeIgniter\Debug\{closure}()
#4 C:\xampp\htdocs\dewibesani\system\Debug\Exceptions.php(139): CodeIgniter\Debug\Exceptions->render(Object(ParseError), 500)
#5 [internal function]: CodeIgniter\Debug\Exceptions->exceptionHandler(Object(ParseError))
#6 {main}
  thrown
in APPPATH\Views\errors\html\error_exception.php on line 14.
 1 [internal function]: CodeIgniter\Debug\Exceptions->shutdownHandler()
CRITICAL - 2023-10-24 22:09:50 --> syntax error, unexpected token ";", expecting ")"
in APPPATH\Views\site\wisata.php on line 31.
 1 SYSTEMPATH\View\View.php(216): CodeIgniter\View\View->CodeIgniter\View\{closure}()
 2 SYSTEMPATH\Common.php(1134): CodeIgniter\View\View->render('site/wisata', [], true)
 3 APPPATH\Controllers\Root.php(35): view('site/wisata', [...])
 4 SYSTEMPATH\CodeIgniter.php(927): App\Controllers\Root->showtour()
 5 SYSTEMPATH\CodeIgniter.php(482): CodeIgniter\CodeIgniter->runController(Object(App\Controllers\Root))
 6 SYSTEMPATH\CodeIgniter.php(351): CodeIgniter\CodeIgniter->handleRequest(null, Object(Config\Cache), false)
 7 FCPATH\index.php(67): CodeIgniter\CodeIgniter->run()
 8 SYSTEMPATH\Commands\Server\rewrite.php(46): require_once('FCPATH\\index.php')
CRITICAL - 2023-10-24 22:09:50 --> Uncaught ErrorException: file_get_contents(C:\xampp\htdocs\dewibesani\app\Views\errors\html\debug.js): Failed to open stream: No such file or directory in C:\xampp\htdocs\dewibesani\app\Views\errors\html\error_exception.php:14
Stack trace:
#0 [internal function]: CodeIgniter\Debug\Exceptions->errorHandler(2, 'file_get_conten...', 'C:\\xampp\\htdocs...', 14)
#1 C:\xampp\htdocs\dewibesani\app\Views\errors\html\error_exception.php(14): file_get_contents('C:\\xampp\\htdocs...')
#2 C:\xampp\htdocs\dewibesani\system\Debug\Exceptions.php(284): include('C:\\xampp\\htdocs...')
#3 C:\xampp\htdocs\dewibesani\system\Debug\Exceptions.php(287): CodeIgniter\Debug\Exceptions->CodeIgniter\Debug\{closure}()
#4 C:\xampp\htdocs\dewibesani\system\Debug\Exceptions.php(139): CodeIgniter\Debug\Exceptions->render(Object(ParseError), 500)
#5 [internal function]: CodeIgniter\Debug\Exceptions->exceptionHandler(Object(ParseError))
#6 {main}
  thrown
in APPPATH\Views\errors\html\error_exception.php on line 14.
 1 [internal function]: CodeIgniter\Debug\Exceptions->shutdownHandler()
CRITICAL - 2023-10-24 22:09:51 --> syntax error, unexpected token ";", expecting ")"
in APPPATH\Views\site\wisata.php on line 31.
 1 SYSTEMPATH\View\View.php(216): CodeIgniter\View\View->CodeIgniter\View\{closure}()
 2 SYSTEMPATH\Common.php(1134): CodeIgniter\View\View->render('site/wisata', [], true)
 3 APPPATH\Controllers\Root.php(35): view('site/wisata', [...])
 4 SYSTEMPATH\CodeIgniter.php(927): App\Controllers\Root->showtour()
 5 SYSTEMPATH\CodeIgniter.php(482): CodeIgniter\CodeIgniter->runController(Object(App\Controllers\Root))
 6 SYSTEMPATH\CodeIgniter.php(351): CodeIgniter\CodeIgniter->handleRequest(null, Object(Config\Cache), false)
 7 FCPATH\index.php(67): CodeIgniter\CodeIgniter->run()
 8 SYSTEMPATH\Commands\Server\rewrite.php(46): require_once('FCPATH\\index.php')
CRITICAL - 2023-10-24 22:09:51 --> Uncaught ErrorException: file_get_contents(C:\xampp\htdocs\dewibesani\app\Views\errors\html\debug.js): Failed to open stream: No such file or directory in C:\xampp\htdocs\dewibesani\app\Views\errors\html\error_exception.php:14
Stack trace:
#0 [internal function]: CodeIgniter\Debug\Exceptions->errorHandler(2, 'file_get_conten...', 'C:\\xampp\\htdocs...', 14)
#1 C:\xampp\htdocs\dewibesani\app\Views\errors\html\error_exception.php(14): file_get_contents('C:\\xampp\\htdocs...')
#2 C:\xampp\htdocs\dewibesani\system\Debug\Exceptions.php(284): include('C:\\xampp\\htdocs...')
#3 C:\xampp\htdocs\dewibesani\system\Debug\Exceptions.php(287): CodeIgniter\Debug\Exceptions->CodeIgniter\Debug\{closure}()
#4 C:\xampp\htdocs\dewibesani\system\Debug\Exceptions.php(139): CodeIgniter\Debug\Exceptions->render(Object(ParseError), 500)
#5 [internal function]: CodeIgniter\Debug\Exceptions->exceptionHandler(Object(ParseError))
#6 {main}
  thrown
in APPPATH\Views\errors\html\error_exception.php on line 14.
 1 [internal function]: CodeIgniter\Debug\Exceptions->shutdownHandler()
CRITICAL - 2023-10-24 22:09:51 --> syntax error, unexpected token ";", expecting ")"
in APPPATH\Views\site\wisata.php on line 31.
 1 SYSTEMPATH\View\View.php(216): CodeIgniter\View\View->CodeIgniter\View\{closure}()
 2 SYSTEMPATH\Common.php(1134): CodeIgniter\View\View->render('site/wisata', [], true)
 3 APPPATH\Controllers\Root.php(35): view('site/wisata', [...])
 4 SYSTEMPATH\CodeIgniter.php(927): App\Controllers\Root->showtour()
 5 SYSTEMPATH\CodeIgniter.php(482): CodeIgniter\CodeIgniter->runController(Object(App\Controllers\Root))
 6 SYSTEMPATH\CodeIgniter.php(351): CodeIgniter\CodeIgniter->handleRequest(null, Object(Config\Cache), false)
 7 FCPATH\index.php(67): CodeIgniter\CodeIgniter->run()
 8 SYSTEMPATH\Commands\Server\rewrite.php(46): require_once('FCPATH\\index.php')
CRITICAL - 2023-10-24 22:09:51 --> Uncaught ErrorException: file_get_contents(C:\xampp\htdocs\dewibesani\app\Views\errors\html\debug.js): Failed to open stream: No such file or directory in C:\xampp\htdocs\dewibesani\app\Views\errors\html\error_exception.php:14
Stack trace:
#0 [internal function]: CodeIgniter\Debug\Exceptions->errorHandler(2, 'file_get_conten...', 'C:\\xampp\\htdocs...', 14)
#1 C:\xampp\htdocs\dewibesani\app\Views\errors\html\error_exception.php(14): file_get_contents('C:\\xampp\\htdocs...')
#2 C:\xampp\htdocs\dewibesani\system\Debug\Exceptions.php(284): include('C:\\xampp\\htdocs...')
#3 C:\xampp\htdocs\dewibesani\system\Debug\Exceptions.php(287): CodeIgniter\Debug\Exceptions->CodeIgniter\Debug\{closure}()
#4 C:\xampp\htdocs\dewibesani\system\Debug\Exceptions.php(139): CodeIgniter\Debug\Exceptions->render(Object(ParseError), 500)
#5 [internal function]: CodeIgniter\Debug\Exceptions->exceptionHandler(Object(ParseError))
#6 {main}
  thrown
in APPPATH\Views\errors\html\error_exception.php on line 14.
 1 [internal function]: CodeIgniter\Debug\Exceptions->shutdownHandler()
CRITICAL - 2023-10-24 22:10:19 --> Attempt to read property "thumbnail" on array
in APPPATH\Views\site\wisata.php on line 27.
 1 APPPATH\Views\site\wisata.php(27): CodeIgniter\Debug\Exceptions->errorHandler(2, 'Attempt to read property "thumbnail" on array', 'APPPATH\\Views\\site\\wisata.php', 27)
 2 SYSTEMPATH\View\View.php(213): include('APPPATH\\Views\\site\\wisata.php')
 3 SYSTEMPATH\View\View.php(216): CodeIgniter\View\View->CodeIgniter\View\{closure}()
 4 SYSTEMPATH\Common.php(1134): CodeIgniter\View\View->render('site/wisata', [], true)
 5 APPPATH\Controllers\Root.php(35): view('site/wisata', [...])
 6 SYSTEMPATH\CodeIgniter.php(927): App\Controllers\Root->showtour()
 7 SYSTEMPATH\CodeIgniter.php(482): CodeIgniter\CodeIgniter->runController(Object(App\Controllers\Root))
 8 SYSTEMPATH\CodeIgniter.php(351): CodeIgniter\CodeIgniter->handleRequest(null, Object(Config\Cache), false)
 9 FCPATH\index.php(67): CodeIgniter\CodeIgniter->run()
10 SYSTEMPATH\Commands\Server\rewrite.php(46): require_once('FCPATH\\index.php')
CRITICAL - 2023-10-24 22:10:19 --> Uncaught ErrorException: file_get_contents(C:\xampp\htdocs\dewibesani\app\Views\errors\html\debug.js): Failed to open stream: No such file or directory in C:\xampp\htdocs\dewibesani\app\Views\errors\html\error_exception.php:14
Stack trace:
#0 [internal function]: CodeIgniter\Debug\Exceptions->errorHandler(2, 'file_get_conten...', 'C:\\xampp\\htdocs...', 14)
#1 C:\xampp\htdocs\dewibesani\app\Views\errors\html\error_exception.php(14): file_get_contents('C:\\xampp\\htdocs...')
#2 C:\xampp\htdocs\dewibesani\system\Debug\Exceptions.php(284): include('C:\\xampp\\htdocs...')
#3 C:\xampp\htdocs\dewibesani\system\Debug\Exceptions.php(287): CodeIgniter\Debug\Exceptions->CodeIgniter\Debug\{closure}()
#4 C:\xampp\htdocs\dewibesani\system\Debug\Exceptions.php(139): CodeIgniter\Debug\Exceptions->render(Object(ErrorException), 500)
#5 [internal function]: CodeIgniter\Debug\Exceptions->exceptionHandler(Object(ErrorException))
#6 {main}
  thrown
in APPPATH\Views\errors\html\error_exception.php on line 14.
 1 [internal function]: CodeIgniter\Debug\Exceptions->shutdownHandler()
CRITICAL - 2023-10-24 22:10:19 --> Attempt to read property "thumbnail" on array
in APPPATH\Views\site\wisata.php on line 27.
 1 APPPATH\Views\site\wisata.php(27): CodeIgniter\Debug\Exceptions->errorHandler(2, 'Attempt to read property "thumbnail" on array', 'APPPATH\\Views\\site\\wisata.php', 27)
 2 SYSTEMPATH\View\View.php(213): include('APPPATH\\Views\\site\\wisata.php')
 3 SYSTEMPATH\View\View.php(216): CodeIgniter\View\View->CodeIgniter\View\{closure}()
 4 SYSTEMPATH\Common.php(1134): CodeIgniter\View\View->render('site/wisata', [], true)
 5 APPPATH\Controllers\Root.php(35): view('site/wisata', [...])
 6 SYSTEMPATH\CodeIgniter.php(927): App\Controllers\Root->showtour()
 7 SYSTEMPATH\CodeIgniter.php(482): CodeIgniter\CodeIgniter->runController(Object(App\Controllers\Root))
 8 SYSTEMPATH\CodeIgniter.php(351): CodeIgniter\CodeIgniter->handleRequest(null, Object(Config\Cache), false)
 9 FCPATH\index.php(67): CodeIgniter\CodeIgniter->run()
10 SYSTEMPATH\Commands\Server\rewrite.php(46): require_once('FCPATH\\index.php')
CRITICAL - 2023-10-24 22:10:19 --> Uncaught ErrorException: file_get_contents(C:\xampp\htdocs\dewibesani\app\Views\errors\html\debug.js): Failed to open stream: No such file or directory in C:\xampp\htdocs\dewibesani\app\Views\errors\html\error_exception.php:14
Stack trace:
#0 [internal function]: CodeIgniter\Debug\Exceptions->errorHandler(2, 'file_get_conten...', 'C:\\xampp\\htdocs...', 14)
#1 C:\xampp\htdocs\dewibesani\app\Views\errors\html\error_exception.php(14): file_get_contents('C:\\xampp\\htdocs...')
#2 C:\xampp\htdocs\dewibesani\system\Debug\Exceptions.php(284): include('C:\\xampp\\htdocs...')
#3 C:\xampp\htdocs\dewibesani\system\Debug\Exceptions.php(287): CodeIgniter\Debug\Exceptions->CodeIgniter\Debug\{closure}()
#4 C:\xampp\htdocs\dewibesani\system\Debug\Exceptions.php(139): CodeIgniter\Debug\Exceptions->render(Object(ErrorException), 500)
#5 [internal function]: CodeIgniter\Debug\Exceptions->exceptionHandler(Object(ErrorException))
#6 {main}
  thrown
in APPPATH\Views\errors\html\error_exception.php on line 14.
 1 [internal function]: CodeIgniter\Debug\Exceptions->shutdownHandler()
CRITICAL - 2023-10-24 22:10:19 --> Attempt to read property "thumbnail" on array
in APPPATH\Views\site\wisata.php on line 27.
 1 APPPATH\Views\site\wisata.php(27): CodeIgniter\Debug\Exceptions->errorHandler(2, 'Attempt to read property "thumbnail" on array', 'APPPATH\\Views\\site\\wisata.php', 27)
 2 SYSTEMPATH\View\View.php(213): include('APPPATH\\Views\\site\\wisata.php')
 3 SYSTEMPATH\View\View.php(216): CodeIgniter\View\View->CodeIgniter\View\{closure}()
 4 SYSTEMPATH\Common.php(1134): CodeIgniter\View\View->render('site/wisata', [], true)
 5 APPPATH\Controllers\Root.php(35): view('site/wisata', [...])
 6 SYSTEMPATH\CodeIgniter.php(927): App\Controllers\Root->showtour()
 7 SYSTEMPATH\CodeIgniter.php(482): CodeIgniter\CodeIgniter->runController(Object(App\Controllers\Root))
 8 SYSTEMPATH\CodeIgniter.php(351): CodeIgniter\CodeIgniter->handleRequest(null, Object(Config\Cache), false)
 9 FCPATH\index.php(67): CodeIgniter\CodeIgniter->run()
10 SYSTEMPATH\Commands\Server\rewrite.php(46): require_once('FCPATH\\index.php')
CRITICAL - 2023-10-24 22:10:19 --> Uncaught ErrorException: file_get_contents(C:\xampp\htdocs\dewibesani\app\Views\errors\html\debug.js): Failed to open stream: No such file or directory in C:\xampp\htdocs\dewibesani\app\Views\errors\html\error_exception.php:14
Stack trace:
#0 [internal function]: CodeIgniter\Debug\Exceptions->errorHandler(2, 'file_get_conten...', 'C:\\xampp\\htdocs...', 14)
#1 C:\xampp\htdocs\dewibesani\app\Views\errors\html\error_exception.php(14): file_get_contents('C:\\xampp\\htdocs...')
#2 C:\xampp\htdocs\dewibesani\system\Debug\Exceptions.php(284): include('C:\\xampp\\htdocs...')
#3 C:\xampp\htdocs\dewibesani\system\Debug\Exceptions.php(287): CodeIgniter\Debug\Exceptions->CodeIgniter\Debug\{closure}()
#4 C:\xampp\htdocs\dewibesani\system\Debug\Exceptions.php(139): CodeIgniter\Debug\Exceptions->render(Object(ErrorException), 500)
#5 [internal function]: CodeIgniter\Debug\Exceptions->exceptionHandler(Object(ErrorException))
#6 {main}
  thrown
in APPPATH\Views\errors\html\error_exception.php on line 14.
 1 [internal function]: CodeIgniter\Debug\Exceptions->shutdownHandler()
CRITICAL - 2023-10-24 22:10:32 --> Attempt to read property "thumbnail" on array
in APPPATH\Views\site\wisata.php on line 27.
 1 APPPATH\Views\site\wisata.php(27): CodeIgniter\Debug\Exceptions->errorHandler(2, 'Attempt to read property "thumbnail" on array', 'APPPATH\\Views\\site\\wisata.php', 27)
 2 SYSTEMPATH\View\View.php(213): include('APPPATH\\Views\\site\\wisata.php')
 3 SYSTEMPATH\View\View.php(216): CodeIgniter\View\View->CodeIgniter\View\{closure}()
 4 SYSTEMPATH\Common.php(1134): CodeIgniter\View\View->render('site/wisata', [], true)
 5 APPPATH\Controllers\Root.php(35): view('site/wisata', [...])
 6 SYSTEMPATH\CodeIgniter.php(927): App\Controllers\Root->showtour()
 7 SYSTEMPATH\CodeIgniter.php(482): CodeIgniter\CodeIgniter->runController(Object(App\Controllers\Root))
 8 SYSTEMPATH\CodeIgniter.php(351): CodeIgniter\CodeIgniter->handleRequest(null, Object(Config\Cache), false)
 9 FCPATH\index.php(67): CodeIgniter\CodeIgniter->run()
10 SYSTEMPATH\Commands\Server\rewrite.php(46): require_once('FCPATH\\index.php')
CRITICAL - 2023-10-24 22:10:32 --> Uncaught ErrorException: file_get_contents(C:\xampp\htdocs\dewibesani\app\Views\errors\html\debug.js): Failed to open stream: No such file or directory in C:\xampp\htdocs\dewibesani\app\Views\errors\html\error_exception.php:14
Stack trace:
#0 [internal function]: CodeIgniter\Debug\Exceptions->errorHandler(2, 'file_get_conten...', 'C:\\xampp\\htdocs...', 14)
#1 C:\xampp\htdocs\dewibesani\app\Views\errors\html\error_exception.php(14): file_get_contents('C:\\xampp\\htdocs...')
#2 C:\xampp\htdocs\dewibesani\system\Debug\Exceptions.php(284): include('C:\\xampp\\htdocs...')
#3 C:\xampp\htdocs\dewibesani\system\Debug\Exceptions.php(287): CodeIgniter\Debug\Exceptions->CodeIgniter\Debug\{closure}()
#4 C:\xampp\htdocs\dewibesani\system\Debug\Exceptions.php(139): CodeIgniter\Debug\Exceptions->render(Object(ErrorException), 500)
#5 [internal function]: CodeIgniter\Debug\Exceptions->exceptionHandler(Object(ErrorException))
#6 {main}
  thrown
in APPPATH\Views\errors\html\error_exception.php on line 14.
 1 [internal function]: CodeIgniter\Debug\Exceptions->shutdownHandler()
CRITICAL - 2023-10-24 22:13:10 --> Undefined variable $tgl_indo
in APPPATH\Views\site\wisata.php on line 57.
 1 APPPATH\Views\site\wisata.php(57): CodeIgniter\Debug\Exceptions->errorHandler(2, 'Undefined variable $tgl_indo', 'APPPATH\\Views\\site\\wisata.php', 57)
 2 SYSTEMPATH\View\View.php(213): include('APPPATH\\Views\\site\\wisata.php')
 3 SYSTEMPATH\View\View.php(216): CodeIgniter\View\View->CodeIgniter\View\{closure}()
 4 SYSTEMPATH\Common.php(1134): CodeIgniter\View\View->render('site/wisata', [], true)
 5 APPPATH\Controllers\Root.php(35): view('site/wisata', [...])
 6 SYSTEMPATH\CodeIgniter.php(927): App\Controllers\Root->showtour()
 7 SYSTEMPATH\CodeIgniter.php(482): CodeIgniter\CodeIgniter->runController(Object(App\Controllers\Root))
 8 SYSTEMPATH\CodeIgniter.php(351): CodeIgniter\CodeIgniter->handleRequest(null, Object(Config\Cache), false)
 9 FCPATH\index.php(67): CodeIgniter\CodeIgniter->run()
10 SYSTEMPATH\Commands\Server\rewrite.php(46): require_once('FCPATH\\index.php')
CRITICAL - 2023-10-24 22:13:10 --> Uncaught ErrorException: file_get_contents(C:\xampp\htdocs\dewibesani\app\Views\errors\html\debug.js): Failed to open stream: No such file or directory in C:\xampp\htdocs\dewibesani\app\Views\errors\html\error_exception.php:14
Stack trace:
#0 [internal function]: CodeIgniter\Debug\Exceptions->errorHandler(2, 'file_get_conten...', 'C:\\xampp\\htdocs...', 14)
#1 C:\xampp\htdocs\dewibesani\app\Views\errors\html\error_exception.php(14): file_get_contents('C:\\xampp\\htdocs...')
#2 C:\xampp\htdocs\dewibesani\system\Debug\Exceptions.php(284): include('C:\\xampp\\htdocs...')
#3 C:\xampp\htdocs\dewibesani\system\Debug\Exceptions.php(287): CodeIgniter\Debug\Exceptions->CodeIgniter\Debug\{closure}()
#4 C:\xampp\htdocs\dewibesani\system\Debug\Exceptions.php(139): CodeIgniter\Debug\Exceptions->render(Object(ErrorException), 500)
#5 [internal function]: CodeIgniter\Debug\Exceptions->exceptionHandler(Object(ErrorException))
#6 {main}
  thrown
in APPPATH\Views\errors\html\error_exception.php on line 14.
 1 [internal function]: CodeIgniter\Debug\Exceptions->shutdownHandler()
CRITICAL - 2023-10-24 22:13:18 --> Call to undefined method CodeIgniter\View\View::tgl_indo()
in APPPATH\Views\site\wisata.php on line 57.
 1 SYSTEMPATH\View\View.php(213): include()
 2 SYSTEMPATH\View\View.php(216): CodeIgniter\View\View->CodeIgniter\View\{closure}()
 3 SYSTEMPATH\Common.php(1134): CodeIgniter\View\View->render('site/wisata', [], true)
 4 APPPATH\Controllers\Root.php(35): view('site/wisata', [...])
 5 SYSTEMPATH\CodeIgniter.php(927): App\Controllers\Root->showtour()
 6 SYSTEMPATH\CodeIgniter.php(482): CodeIgniter\CodeIgniter->runController(Object(App\Controllers\Root))
 7 SYSTEMPATH\CodeIgniter.php(351): CodeIgniter\CodeIgniter->handleRequest(null, Object(Config\Cache), false)
 8 FCPATH\index.php(67): CodeIgniter\CodeIgniter->run()
 9 SYSTEMPATH\Commands\Server\rewrite.php(46): require_once('FCPATH\\index.php')
CRITICAL - 2023-10-24 22:13:18 --> Uncaught ErrorException: file_get_contents(C:\xampp\htdocs\dewibesani\app\Views\errors\html\debug.js): Failed to open stream: No such file or directory in C:\xampp\htdocs\dewibesani\app\Views\errors\html\error_exception.php:14
Stack trace:
#0 [internal function]: CodeIgniter\Debug\Exceptions->errorHandler(2, 'file_get_conten...', 'C:\\xampp\\htdocs...', 14)
#1 C:\xampp\htdocs\dewibesani\app\Views\errors\html\error_exception.php(14): file_get_contents('C:\\xampp\\htdocs...')
#2 C:\xampp\htdocs\dewibesani\system\Debug\Exceptions.php(284): include('C:\\xampp\\htdocs...')
#3 C:\xampp\htdocs\dewibesani\system\Debug\Exceptions.php(287): CodeIgniter\Debug\Exceptions->CodeIgniter\Debug\{closure}()
#4 C:\xampp\htdocs\dewibesani\system\Debug\Exceptions.php(139): CodeIgniter\Debug\Exceptions->render(Object(Error), 500)
#5 [internal function]: CodeIgniter\Debug\Exceptions->exceptionHandler(Object(Error))
#6 {main}
  thrown
in APPPATH\Views\errors\html\error_exception.php on line 14.
 1 [internal function]: CodeIgniter\Debug\Exceptions->shutdownHandler()
CRITICAL - 2023-10-24 22:13:19 --> Call to undefined method CodeIgniter\View\View::tgl_indo()
in APPPATH\Views\site\wisata.php on line 57.
 1 SYSTEMPATH\View\View.php(213): include()
 2 SYSTEMPATH\View\View.php(216): CodeIgniter\View\View->CodeIgniter\View\{closure}()
 3 SYSTEMPATH\Common.php(1134): CodeIgniter\View\View->render('site/wisata', [], true)
 4 APPPATH\Controllers\Root.php(35): view('site/wisata', [...])
 5 SYSTEMPATH\CodeIgniter.php(927): App\Controllers\Root->showtour()
 6 SYSTEMPATH\CodeIgniter.php(482): CodeIgniter\CodeIgniter->runController(Object(App\Controllers\Root))
 7 SYSTEMPATH\CodeIgniter.php(351): CodeIgniter\CodeIgniter->handleRequest(null, Object(Config\Cache), false)
 8 FCPATH\index.php(67): CodeIgniter\CodeIgniter->run()
 9 SYSTEMPATH\Commands\Server\rewrite.php(46): require_once('FCPATH\\index.php')
CRITICAL - 2023-10-24 22:13:19 --> Uncaught ErrorException: file_get_contents(C:\xampp\htdocs\dewibesani\app\Views\errors\html\debug.js): Failed to open stream: No such file or directory in C:\xampp\htdocs\dewibesani\app\Views\errors\html\error_exception.php:14
Stack trace:
#0 [internal function]: CodeIgniter\Debug\Exceptions->errorHandler(2, 'file_get_conten...', 'C:\\xampp\\htdocs...', 14)
#1 C:\xampp\htdocs\dewibesani\app\Views\errors\html\error_exception.php(14): file_get_contents('C:\\xampp\\htdocs...')
#2 C:\xampp\htdocs\dewibesani\system\Debug\Exceptions.php(284): include('C:\\xampp\\htdocs...')
#3 C:\xampp\htdocs\dewibesani\system\Debug\Exceptions.php(287): CodeIgniter\Debug\Exceptions->CodeIgniter\Debug\{closure}()
#4 C:\xampp\htdocs\dewibesani\system\Debug\Exceptions.php(139): CodeIgniter\Debug\Exceptions->render(Object(Error), 500)
#5 [internal function]: CodeIgniter\Debug\Exceptions->exceptionHandler(Object(Error))
#6 {main}
  thrown
in APPPATH\Views\errors\html\error_exception.php on line 14.
 1 [internal function]: CodeIgniter\Debug\Exceptions->shutdownHandler()
CRITICAL - 2023-10-24 22:13:19 --> Call to undefined method CodeIgniter\View\View::tgl_indo()
in APPPATH\Views\site\wisata.php on line 57.
 1 SYSTEMPATH\View\View.php(213): include()
 2 SYSTEMPATH\View\View.php(216): CodeIgniter\View\View->CodeIgniter\View\{closure}()
 3 SYSTEMPATH\Common.php(1134): CodeIgniter\View\View->render('site/wisata', [], true)
 4 APPPATH\Controllers\Root.php(35): view('site/wisata', [...])
 5 SYSTEMPATH\CodeIgniter.php(927): App\Controllers\Root->showtour()
 6 SYSTEMPATH\CodeIgniter.php(482): CodeIgniter\CodeIgniter->runController(Object(App\Controllers\Root))
 7 SYSTEMPATH\CodeIgniter.php(351): CodeIgniter\CodeIgniter->handleRequest(null, Object(Config\Cache), false)
 8 FCPATH\index.php(67): CodeIgniter\CodeIgniter->run()
 9 SYSTEMPATH\Commands\Server\rewrite.php(46): require_once('FCPATH\\index.php')
CRITICAL - 2023-10-24 22:13:19 --> Uncaught ErrorException: file_get_contents(C:\xampp\htdocs\dewibesani\app\Views\errors\html\debug.js): Failed to open stream: No such file or directory in C:\xampp\htdocs\dewibesani\app\Views\errors\html\error_exception.php:14
Stack trace:
#0 [internal function]: CodeIgniter\Debug\Exceptions->errorHandler(2, 'file_get_conten...', 'C:\\xampp\\htdocs...', 14)
#1 C:\xampp\htdocs\dewibesani\app\Views\errors\html\error_exception.php(14): file_get_contents('C:\\xampp\\htdocs...')
#2 C:\xampp\htdocs\dewibesani\system\Debug\Exceptions.php(284): include('C:\\xampp\\htdocs...')
#3 C:\xampp\htdocs\dewibesani\system\Debug\Exceptions.php(287): CodeIgniter\Debug\Exceptions->CodeIgniter\Debug\{closure}()
#4 C:\xampp\htdocs\dewibesani\system\Debug\Exceptions.php(139): CodeIgniter\Debug\Exceptions->render(Object(Error), 500)
#5 [internal function]: CodeIgniter\Debug\Exceptions->exceptionHandler(Object(Error))
#6 {main}
  thrown
in APPPATH\Views\errors\html\error_exception.php on line 14.
 1 [internal function]: CodeIgniter\Debug\Exceptions->shutdownHandler()
CRITICAL - 2023-10-24 22:13:19 --> Call to undefined method CodeIgniter\View\View::tgl_indo()
in APPPATH\Views\site\wisata.php on line 57.
 1 SYSTEMPATH\View\View.php(213): include()
 2 SYSTEMPATH\View\View.php(216): CodeIgniter\View\View->CodeIgniter\View\{closure}()
 3 SYSTEMPATH\Common.php(1134): CodeIgniter\View\View->render('site/wisata', [], true)
 4 APPPATH\Controllers\Root.php(35): view('site/wisata', [...])
 5 SYSTEMPATH\CodeIgniter.php(927): App\Controllers\Root->showtour()
 6 SYSTEMPATH\CodeIgniter.php(482): CodeIgniter\CodeIgniter->runController(Object(App\Controllers\Root))
 7 SYSTEMPATH\CodeIgniter.php(351): CodeIgniter\CodeIgniter->handleRequest(null, Object(Config\Cache), false)
 8 FCPATH\index.php(67): CodeIgniter\CodeIgniter->run()
 9 SYSTEMPATH\Commands\Server\rewrite.php(46): require_once('FCPATH\\index.php')
CRITICAL - 2023-10-24 22:13:19 --> Uncaught ErrorException: file_get_contents(C:\xampp\htdocs\dewibesani\app\Views\errors\html\debug.js): Failed to open stream: No such file or directory in C:\xampp\htdocs\dewibesani\app\Views\errors\html\error_exception.php:14
Stack trace:
#0 [internal function]: CodeIgniter\Debug\Exceptions->errorHandler(2, 'file_get_conten...', 'C:\\xampp\\htdocs...', 14)
#1 C:\xampp\htdocs\dewibesani\app\Views\errors\html\error_exception.php(14): file_get_contents('C:\\xampp\\htdocs...')
#2 C:\xampp\htdocs\dewibesani\system\Debug\Exceptions.php(284): include('C:\\xampp\\htdocs...')
#3 C:\xampp\htdocs\dewibesani\system\Debug\Exceptions.php(287): CodeIgniter\Debug\Exceptions->CodeIgniter\Debug\{closure}()
#4 C:\xampp\htdocs\dewibesani\system\Debug\Exceptions.php(139): CodeIgniter\Debug\Exceptions->render(Object(Error), 500)
#5 [internal function]: CodeIgniter\Debug\Exceptions->exceptionHandler(Object(Error))
#6 {main}
  thrown
in APPPATH\Views\errors\html\error_exception.php on line 14.
 1 [internal function]: CodeIgniter\Debug\Exceptions->shutdownHandler()
CRITICAL - 2023-10-24 22:13:54 --> Call to undefined method CodeIgniter\View\View::tgl_indo()
in APPPATH\Views\site\wisata.php on line 57.
 1 SYSTEMPATH\View\View.php(213): include()
 2 SYSTEMPATH\View\View.php(216): CodeIgniter\View\View->CodeIgniter\View\{closure}()
 3 SYSTEMPATH\Common.php(1134): CodeIgniter\View\View->render('site/wisata', [], true)
 4 APPPATH\Controllers\Root.php(35): view('site/wisata', [...])
 5 SYSTEMPATH\CodeIgniter.php(927): App\Controllers\Root->showtour()
 6 SYSTEMPATH\CodeIgniter.php(482): CodeIgniter\CodeIgniter->runController(Object(App\Controllers\Root))
 7 SYSTEMPATH\CodeIgniter.php(351): CodeIgniter\CodeIgniter->handleRequest(null, Object(Config\Cache), false)
 8 FCPATH\index.php(67): CodeIgniter\CodeIgniter->run()
 9 SYSTEMPATH\Commands\Server\rewrite.php(46): require_once('FCPATH\\index.php')
CRITICAL - 2023-10-24 22:13:54 --> Uncaught ErrorException: file_get_contents(C:\xampp\htdocs\dewibesani\app\Views\errors\html\debug.js): Failed to open stream: No such file or directory in C:\xampp\htdocs\dewibesani\app\Views\errors\html\error_exception.php:14
Stack trace:
#0 [internal function]: CodeIgniter\Debug\Exceptions->errorHandler(2, 'file_get_conten...', 'C:\\xampp\\htdocs...', 14)
#1 C:\xampp\htdocs\dewibesani\app\Views\errors\html\error_exception.php(14): file_get_contents('C:\\xampp\\htdocs...')
#2 C:\xampp\htdocs\dewibesani\system\Debug\Exceptions.php(284): include('C:\\xampp\\htdocs...')
#3 C:\xampp\htdocs\dewibesani\system\Debug\Exceptions.php(287): CodeIgniter\Debug\Exceptions->CodeIgniter\Debug\{closure}()
#4 C:\xampp\htdocs\dewibesani\system\Debug\Exceptions.php(139): CodeIgniter\Debug\Exceptions->render(Object(Error), 500)
#5 [internal function]: CodeIgniter\Debug\Exceptions->exceptionHandler(Object(Error))
#6 {main}
  thrown
in APPPATH\Views\errors\html\error_exception.php on line 14.
 1 [internal function]: CodeIgniter\Debug\Exceptions->shutdownHandler()
ERROR - 2023-10-24 22:28:57 --> mysqli_sql_exception: You have an error in your SQL syntax; check the manual that corresponds to your MariaDB server version for the right syntax to use near 'drom post where kategori = '0'' at line 1 in C:\xampp\htdocs\dewibesani\system\Database\MySQLi\Connection.php:292
Stack trace:
#0 C:\xampp\htdocs\dewibesani\system\Database\MySQLi\Connection.php(292): mysqli->query('select count(*)...', 0)
#1 C:\xampp\htdocs\dewibesani\system\Database\BaseConnection.php(666): CodeIgniter\Database\MySQLi\Connection->execute('select count(*)...')
#2 C:\xampp\htdocs\dewibesani\system\Database\BaseConnection.php(593): CodeIgniter\Database\BaseConnection->simpleQuery('select count(*)...')
#3 C:\xampp\htdocs\dewibesani\app\Views\site\wisata.php(147): CodeIgniter\Database\BaseConnection->query('select count(*)...')
#4 C:\xampp\htdocs\dewibesani\system\View\View.php(213): include('C:\\xampp\\htdocs...')
#5 C:\xampp\htdocs\dewibesani\system\View\View.php(216): CodeIgniter\View\View->CodeIgniter\View\{closure}()
#6 C:\xampp\htdocs\dewibesani\system\Common.php(1134): CodeIgniter\View\View->render('site/wisata', Array, true)
#7 C:\xampp\htdocs\dewibesani\app\Controllers\Root.php(36): view('site/wisata', Array)
#8 C:\xampp\htdocs\dewibesani\system\CodeIgniter.php(927): App\Controllers\Root->showtour()
#9 C:\xampp\htdocs\dewibesani\system\CodeIgniter.php(482): CodeIgniter\CodeIgniter->runController(Object(App\Controllers\Root))
#10 C:\xampp\htdocs\dewibesani\system\CodeIgniter.php(351): CodeIgniter\CodeIgniter->handleRequest(NULL, Object(Config\Cache), false)
#11 C:\xampp\htdocs\dewibesani\public\index.php(67): CodeIgniter\CodeIgniter->run()
#12 C:\xampp\htdocs\dewibesani\system\Commands\Server\rewrite.php(46): require_once('C:\\xampp\\htdocs...')
#13 {main}
CRITICAL - 2023-10-24 22:28:57 --> Call to a member function getRowArray() on bool
in APPPATH\Views\site\wisata.php on line 147.
 1 SYSTEMPATH\View\View.php(213): include()
 2 SYSTEMPATH\View\View.php(216): CodeIgniter\View\View->CodeIgniter\View\{closure}()
 3 SYSTEMPATH\Common.php(1134): CodeIgniter\View\View->render('site/wisata', [], true)
 4 APPPATH\Controllers\Root.php(36): view('site/wisata', [...])
 5 SYSTEMPATH\CodeIgniter.php(927): App\Controllers\Root->showtour()
 6 SYSTEMPATH\CodeIgniter.php(482): CodeIgniter\CodeIgniter->runController(Object(App\Controllers\Root))
 7 SYSTEMPATH\CodeIgniter.php(351): CodeIgniter\CodeIgniter->handleRequest(null, Object(Config\Cache), false)
 8 FCPATH\index.php(67): CodeIgniter\CodeIgniter->run()
 9 SYSTEMPATH\Commands\Server\rewrite.php(46): require_once('FCPATH\\index.php')
CRITICAL - 2023-10-24 22:28:57 --> Uncaught ErrorException: file_get_contents(C:\xampp\htdocs\dewibesani\app\Views\errors\html\debug.js): Failed to open stream: No such file or directory in C:\xampp\htdocs\dewibesani\app\Views\errors\html\error_exception.php:14
Stack trace:
#0 [internal function]: CodeIgniter\Debug\Exceptions->errorHandler(2, 'file_get_conten...', 'C:\\xampp\\htdocs...', 14)
#1 C:\xampp\htdocs\dewibesani\app\Views\errors\html\error_exception.php(14): file_get_contents('C:\\xampp\\htdocs...')
#2 C:\xampp\htdocs\dewibesani\system\Debug\Exceptions.php(284): include('C:\\xampp\\htdocs...')
#3 C:\xampp\htdocs\dewibesani\system\Debug\Exceptions.php(287): CodeIgniter\Debug\Exceptions->CodeIgniter\Debug\{closure}()
#4 C:\xampp\htdocs\dewibesani\system\Debug\Exceptions.php(139): CodeIgniter\Debug\Exceptions->render(Object(Error), 500)
#5 [internal function]: CodeIgniter\Debug\Exceptions->exceptionHandler(Object(Error))
#6 {main}
  thrown
in APPPATH\Views\errors\html\error_exception.php on line 14.
 1 [internal function]: CodeIgniter\Debug\Exceptions->shutdownHandler()
CRITICAL - 2023-10-24 22:32:10 --> syntax error, unexpected token ";"
in APPPATH\Views\site\wisata.php on line 3.
 1 SYSTEMPATH\View\View.php(216): CodeIgniter\View\View->CodeIgniter\View\{closure}()
 2 SYSTEMPATH\Common.php(1134): CodeIgniter\View\View->render('site/wisata', [], true)
 3 APPPATH\Controllers\Root.php(36): view('site/wisata', [...])
 4 SYSTEMPATH\CodeIgniter.php(927): App\Controllers\Root->showtour()
 5 SYSTEMPATH\CodeIgniter.php(482): CodeIgniter\CodeIgniter->runController(Object(App\Controllers\Root))
 6 SYSTEMPATH\CodeIgniter.php(351): CodeIgniter\CodeIgniter->handleRequest(null, Object(Config\Cache), false)
 7 FCPATH\index.php(67): CodeIgniter\CodeIgniter->run()
 8 SYSTEMPATH\Commands\Server\rewrite.php(46): require_once('FCPATH\\index.php')
CRITICAL - 2023-10-24 22:32:10 --> Uncaught ErrorException: file_get_contents(C:\xampp\htdocs\dewibesani\app\Views\errors\html\debug.js): Failed to open stream: No such file or directory in C:\xampp\htdocs\dewibesani\app\Views\errors\html\error_exception.php:14
Stack trace:
#0 [internal function]: CodeIgniter\Debug\Exceptions->errorHandler(2, 'file_get_conten...', 'C:\\xampp\\htdocs...', 14)
#1 C:\xampp\htdocs\dewibesani\app\Views\errors\html\error_exception.php(14): file_get_contents('C:\\xampp\\htdocs...')
#2 C:\xampp\htdocs\dewibesani\system\Debug\Exceptions.php(284): include('C:\\xampp\\htdocs...')
#3 C:\xampp\htdocs\dewibesani\system\Debug\Exceptions.php(287): CodeIgniter\Debug\Exceptions->CodeIgniter\Debug\{closure}()
#4 C:\xampp\htdocs\dewibesani\system\Debug\Exceptions.php(139): CodeIgniter\Debug\Exceptions->render(Object(ParseError), 500)
#5 [internal function]: CodeIgniter\Debug\Exceptions->exceptionHandler(Object(ParseError))
#6 {main}
  thrown
in APPPATH\Views\errors\html\error_exception.php on line 14.
 1 [internal function]: CodeIgniter\Debug\Exceptions->shutdownHandler()
CRITICAL - 2023-10-24 22:32:15 --> syntax error, unexpected token ";"
in APPPATH\Views\site\wisata.php on line 3.
 1 SYSTEMPATH\View\View.php(216): CodeIgniter\View\View->CodeIgniter\View\{closure}()
 2 SYSTEMPATH\Common.php(1134): CodeIgniter\View\View->render('site/wisata', [], true)
 3 APPPATH\Controllers\Root.php(36): view('site/wisata', [...])
 4 SYSTEMPATH\CodeIgniter.php(927): App\Controllers\Root->showtour()
 5 SYSTEMPATH\CodeIgniter.php(482): CodeIgniter\CodeIgniter->runController(Object(App\Controllers\Root))
 6 SYSTEMPATH\CodeIgniter.php(351): CodeIgniter\CodeIgniter->handleRequest(null, Object(Config\Cache), false)
 7 FCPATH\index.php(67): CodeIgniter\CodeIgniter->run()
 8 SYSTEMPATH\Commands\Server\rewrite.php(46): require_once('FCPATH\\index.php')
CRITICAL - 2023-10-24 22:32:15 --> Uncaught ErrorException: file_get_contents(C:\xampp\htdocs\dewibesani\app\Views\errors\html\debug.js): Failed to open stream: No such file or directory in C:\xampp\htdocs\dewibesani\app\Views\errors\html\error_exception.php:14
Stack trace:
#0 [internal function]: CodeIgniter\Debug\Exceptions->errorHandler(2, 'file_get_conten...', 'C:\\xampp\\htdocs...', 14)
#1 C:\xampp\htdocs\dewibesani\app\Views\errors\html\error_exception.php(14): file_get_contents('C:\\xampp\\htdocs...')
#2 C:\xampp\htdocs\dewibesani\system\Debug\Exceptions.php(284): include('C:\\xampp\\htdocs...')
#3 C:\xampp\htdocs\dewibesani\system\Debug\Exceptions.php(287): CodeIgniter\Debug\Exceptions->CodeIgniter\Debug\{closure}()
#4 C:\xampp\htdocs\dewibesani\system\Debug\Exceptions.php(139): CodeIgniter\Debug\Exceptions->render(Object(ParseError), 500)
#5 [internal function]: CodeIgniter\Debug\Exceptions->exceptionHandler(Object(ParseError))
#6 {main}
  thrown
in APPPATH\Views\errors\html\error_exception.php on line 14.
 1 [internal function]: CodeIgniter\Debug\Exceptions->shutdownHandler()
CRITICAL - 2023-10-24 22:32:21 --> syntax error, unexpected token ";"
in APPPATH\Views\site\wisata.php on line 3.
 1 SYSTEMPATH\View\View.php(216): CodeIgniter\View\View->CodeIgniter\View\{closure}()
 2 SYSTEMPATH\Common.php(1134): CodeIgniter\View\View->render('site/wisata', [], true)
 3 APPPATH\Controllers\Root.php(36): view('site/wisata', [...])
 4 SYSTEMPATH\CodeIgniter.php(927): App\Controllers\Root->showtour()
 5 SYSTEMPATH\CodeIgniter.php(482): CodeIgniter\CodeIgniter->runController(Object(App\Controllers\Root))
 6 SYSTEMPATH\CodeIgniter.php(351): CodeIgniter\CodeIgniter->handleRequest(null, Object(Config\Cache), false)
 7 FCPATH\index.php(67): CodeIgniter\CodeIgniter->run()
 8 SYSTEMPATH\Commands\Server\rewrite.php(46): require_once('FCPATH\\index.php')
CRITICAL - 2023-10-24 22:32:21 --> Uncaught ErrorException: file_get_contents(C:\xampp\htdocs\dewibesani\app\Views\errors\html\debug.js): Failed to open stream: No such file or directory in C:\xampp\htdocs\dewibesani\app\Views\errors\html\error_exception.php:14
Stack trace:
#0 [internal function]: CodeIgniter\Debug\Exceptions->errorHandler(2, 'file_get_conten...', 'C:\\xampp\\htdocs...', 14)
#1 C:\xampp\htdocs\dewibesani\app\Views\errors\html\error_exception.php(14): file_get_contents('C:\\xampp\\htdocs...')
#2 C:\xampp\htdocs\dewibesani\system\Debug\Exceptions.php(284): include('C:\\xampp\\htdocs...')
#3 C:\xampp\htdocs\dewibesani\system\Debug\Exceptions.php(287): CodeIgniter\Debug\Exceptions->CodeIgniter\Debug\{closure}()
#4 C:\xampp\htdocs\dewibesani\system\Debug\Exceptions.php(139): CodeIgniter\Debug\Exceptions->render(Object(ParseError), 500)
#5 [internal function]: CodeIgniter\Debug\Exceptions->exceptionHandler(Object(ParseError))
#6 {main}
  thrown
in APPPATH\Views\errors\html\error_exception.php on line 14.
 1 [internal function]: CodeIgniter\Debug\Exceptions->shutdownHandler()
CRITICAL - 2023-10-24 22:32:33 --> syntax error, unexpected token ";"
in APPPATH\Views\site\wisata.php on line 3.
 1 SYSTEMPATH\View\View.php(216): CodeIgniter\View\View->CodeIgniter\View\{closure}()
 2 SYSTEMPATH\Common.php(1134): CodeIgniter\View\View->render('site/wisata', [], true)
 3 APPPATH\Controllers\Root.php(36): view('site/wisata', [...])
 4 SYSTEMPATH\CodeIgniter.php(927): App\Controllers\Root->showtour()
 5 SYSTEMPATH\CodeIgniter.php(482): CodeIgniter\CodeIgniter->runController(Object(App\Controllers\Root))
 6 SYSTEMPATH\CodeIgniter.php(351): CodeIgniter\CodeIgniter->handleRequest(null, Object(Config\Cache), false)
 7 FCPATH\index.php(67): CodeIgniter\CodeIgniter->run()
 8 SYSTEMPATH\Commands\Server\rewrite.php(46): require_once('FCPATH\\index.php')
CRITICAL - 2023-10-24 22:32:33 --> Uncaught ErrorException: file_get_contents(C:\xampp\htdocs\dewibesani\app\Views\errors\html\debug.js): Failed to open stream: No such file or directory in C:\xampp\htdocs\dewibesani\app\Views\errors\html\error_exception.php:14
Stack trace:
#0 [internal function]: CodeIgniter\Debug\Exceptions->errorHandler(2, 'file_get_conten...', 'C:\\xampp\\htdocs...', 14)
#1 C:\xampp\htdocs\dewibesani\app\Views\errors\html\error_exception.php(14): file_get_contents('C:\\xampp\\htdocs...')
#2 C:\xampp\htdocs\dewibesani\system\Debug\Exceptions.php(284): include('C:\\xampp\\htdocs...')
#3 C:\xampp\htdocs\dewibesani\system\Debug\Exceptions.php(287): CodeIgniter\Debug\Exceptions->CodeIgniter\Debug\{closure}()
#4 C:\xampp\htdocs\dewibesani\system\Debug\Exceptions.php(139): CodeIgniter\Debug\Exceptions->render(Object(ParseError), 500)
#5 [internal function]: CodeIgniter\Debug\Exceptions->exceptionHandler(Object(ParseError))
#6 {main}
  thrown
in APPPATH\Views\errors\html\error_exception.php on line 14.
 1 [internal function]: CodeIgniter\Debug\Exceptions->shutdownHandler()
CRITICAL - 2023-10-24 22:32:39 --> array_push(): Argument #1 ($array) must be of type array, string given
in APPPATH\Views\site\wisata.php on line 49.
 1 APPPATH\Views\site\wisata.php(49): array_push('ROOTPATH\\public', 'wisata')
 2 SYSTEMPATH\View\View.php(213): include('APPPATH\\Views\\site\\wisata.php')
 3 SYSTEMPATH\View\View.php(216): CodeIgniter\View\View->CodeIgniter\View\{closure}()
 4 SYSTEMPATH\Common.php(1134): CodeIgniter\View\View->render('site/wisata', [], true)
 5 APPPATH\Controllers\Root.php(36): view('site/wisata', [...])
 6 SYSTEMPATH\CodeIgniter.php(927): App\Controllers\Root->showtour()
 7 SYSTEMPATH\CodeIgniter.php(482): CodeIgniter\CodeIgniter->runController(Object(App\Controllers\Root))
 8 SYSTEMPATH\CodeIgniter.php(351): CodeIgniter\CodeIgniter->handleRequest(null, Object(Config\Cache), false)
 9 FCPATH\index.php(67): CodeIgniter\CodeIgniter->run()
10 SYSTEMPATH\Commands\Server\rewrite.php(46): require_once('FCPATH\\index.php')
CRITICAL - 2023-10-24 22:32:39 --> Uncaught ErrorException: file_get_contents(C:\xampp\htdocs\dewibesani\app\Views\errors\html\debug.js): Failed to open stream: No such file or directory in C:\xampp\htdocs\dewibesani\app\Views\errors\html\error_exception.php:14
Stack trace:
#0 [internal function]: CodeIgniter\Debug\Exceptions->errorHandler(2, 'file_get_conten...', 'C:\\xampp\\htdocs...', 14)
#1 C:\xampp\htdocs\dewibesani\app\Views\errors\html\error_exception.php(14): file_get_contents('C:\\xampp\\htdocs...')
#2 C:\xampp\htdocs\dewibesani\system\Debug\Exceptions.php(284): include('C:\\xampp\\htdocs...')
#3 C:\xampp\htdocs\dewibesani\system\Debug\Exceptions.php(287): CodeIgniter\Debug\Exceptions->CodeIgniter\Debug\{closure}()
#4 C:\xampp\htdocs\dewibesani\system\Debug\Exceptions.php(139): CodeIgniter\Debug\Exceptions->render(Object(TypeError), 500)
#5 [internal function]: CodeIgniter\Debug\Exceptions->exceptionHandler(Object(TypeError))
#6 {main}
  thrown
in APPPATH\Views\errors\html\error_exception.php on line 14.
 1 [internal function]: CodeIgniter\Debug\Exceptions->shutdownHandler()
CRITICAL - 2023-10-24 22:32:40 --> array_push(): Argument #1 ($array) must be of type array, string given
in APPPATH\Views\site\wisata.php on line 49.
 1 APPPATH\Views\site\wisata.php(49): array_push('ROOTPATH\\public', 'wisata')
 2 SYSTEMPATH\View\View.php(213): include('APPPATH\\Views\\site\\wisata.php')
 3 SYSTEMPATH\View\View.php(216): CodeIgniter\View\View->CodeIgniter\View\{closure}()
 4 SYSTEMPATH\Common.php(1134): CodeIgniter\View\View->render('site/wisata', [], true)
 5 APPPATH\Controllers\Root.php(36): view('site/wisata', [...])
 6 SYSTEMPATH\CodeIgniter.php(927): App\Controllers\Root->showtour()
 7 SYSTEMPATH\CodeIgniter.php(482): CodeIgniter\CodeIgniter->runController(Object(App\Controllers\Root))
 8 SYSTEMPATH\CodeIgniter.php(351): CodeIgniter\CodeIgniter->handleRequest(null, Object(Config\Cache), false)
 9 FCPATH\index.php(67): CodeIgniter\CodeIgniter->run()
10 SYSTEMPATH\Commands\Server\rewrite.php(46): require_once('FCPATH\\index.php')
CRITICAL - 2023-10-24 22:32:40 --> Uncaught ErrorException: file_get_contents(C:\xampp\htdocs\dewibesani\app\Views\errors\html\debug.js): Failed to open stream: No such file or directory in C:\xampp\htdocs\dewibesani\app\Views\errors\html\error_exception.php:14
Stack trace:
#0 [internal function]: CodeIgniter\Debug\Exceptions->errorHandler(2, 'file_get_conten...', 'C:\\xampp\\htdocs...', 14)
#1 C:\xampp\htdocs\dewibesani\app\Views\errors\html\error_exception.php(14): file_get_contents('C:\\xampp\\htdocs...')
#2 C:\xampp\htdocs\dewibesani\system\Debug\Exceptions.php(284): include('C:\\xampp\\htdocs...')
#3 C:\xampp\htdocs\dewibesani\system\Debug\Exceptions.php(287): CodeIgniter\Debug\Exceptions->CodeIgniter\Debug\{closure}()
#4 C:\xampp\htdocs\dewibesani\system\Debug\Exceptions.php(139): CodeIgniter\Debug\Exceptions->render(Object(TypeError), 500)
#5 [internal function]: CodeIgniter\Debug\Exceptions->exceptionHandler(Object(TypeError))
#6 {main}
  thrown
in APPPATH\Views\errors\html\error_exception.php on line 14.
 1 [internal function]: CodeIgniter\Debug\Exceptions->shutdownHandler()
CRITICAL - 2023-10-24 22:32:40 --> array_push(): Argument #1 ($array) must be of type array, string given
in APPPATH\Views\site\wisata.php on line 49.
 1 APPPATH\Views\site\wisata.php(49): array_push('ROOTPATH\\public', 'wisata')
 2 SYSTEMPATH\View\View.php(213): include('APPPATH\\Views\\site\\wisata.php')
 3 SYSTEMPATH\View\View.php(216): CodeIgniter\View\View->CodeIgniter\View\{closure}()
 4 SYSTEMPATH\Common.php(1134): CodeIgniter\View\View->render('site/wisata', [], true)
 5 APPPATH\Controllers\Root.php(36): view('site/wisata', [...])
 6 SYSTEMPATH\CodeIgniter.php(927): App\Controllers\Root->showtour()
 7 SYSTEMPATH\CodeIgniter.php(482): CodeIgniter\CodeIgniter->runController(Object(App\Controllers\Root))
 8 SYSTEMPATH\CodeIgniter.php(351): CodeIgniter\CodeIgniter->handleRequest(null, Object(Config\Cache), false)
 9 FCPATH\index.php(67): CodeIgniter\CodeIgniter->run()
10 SYSTEMPATH\Commands\Server\rewrite.php(46): require_once('FCPATH\\index.php')
CRITICAL - 2023-10-24 22:32:40 --> Uncaught ErrorException: file_get_contents(C:\xampp\htdocs\dewibesani\app\Views\errors\html\debug.js): Failed to open stream: No such file or directory in C:\xampp\htdocs\dewibesani\app\Views\errors\html\error_exception.php:14
Stack trace:
#0 [internal function]: CodeIgniter\Debug\Exceptions->errorHandler(2, 'file_get_conten...', 'C:\\xampp\\htdocs...', 14)
#1 C:\xampp\htdocs\dewibesani\app\Views\errors\html\error_exception.php(14): file_get_contents('C:\\xampp\\htdocs...')
#2 C:\xampp\htdocs\dewibesani\system\Debug\Exceptions.php(284): include('C:\\xampp\\htdocs...')
#3 C:\xampp\htdocs\dewibesani\system\Debug\Exceptions.php(287): CodeIgniter\Debug\Exceptions->CodeIgniter\Debug\{closure}()
#4 C:\xampp\htdocs\dewibesani\system\Debug\Exceptions.php(139): CodeIgniter\Debug\Exceptions->render(Object(TypeError), 500)
#5 [internal function]: CodeIgniter\Debug\Exceptions->exceptionHandler(Object(TypeError))
#6 {main}
  thrown
in APPPATH\Views\errors\html\error_exception.php on line 14.
 1 [internal function]: CodeIgniter\Debug\Exceptions->shutdownHandler()
CRITICAL - 2023-10-24 22:32:44 --> count(): Argument #1 ($value) must be of type Countable|array, string given
in APPPATH\Views\site\wisata.php on line 159.
 1 SYSTEMPATH\View\View.php(213): include()
 2 SYSTEMPATH\View\View.php(216): CodeIgniter\View\View->CodeIgniter\View\{closure}()
 3 SYSTEMPATH\Common.php(1134): CodeIgniter\View\View->render('site/wisata', [], true)
 4 APPPATH\Controllers\Root.php(36): view('site/wisata', [...])
 5 SYSTEMPATH\CodeIgniter.php(927): App\Controllers\Root->showtour()
 6 SYSTEMPATH\CodeIgniter.php(482): CodeIgniter\CodeIgniter->runController(Object(App\Controllers\Root))
 7 SYSTEMPATH\CodeIgniter.php(351): CodeIgniter\CodeIgniter->handleRequest(null, Object(Config\Cache), false)
 8 FCPATH\index.php(67): CodeIgniter\CodeIgniter->run()
 9 SYSTEMPATH\Commands\Server\rewrite.php(46): require_once('FCPATH\\index.php')
CRITICAL - 2023-10-24 22:32:44 --> Uncaught ErrorException: file_get_contents(C:\xampp\htdocs\dewibesani\app\Views\errors\html\debug.js): Failed to open stream: No such file or directory in C:\xampp\htdocs\dewibesani\app\Views\errors\html\error_exception.php:14
Stack trace:
#0 [internal function]: CodeIgniter\Debug\Exceptions->errorHandler(2, 'file_get_conten...', 'C:\\xampp\\htdocs...', 14)
#1 C:\xampp\htdocs\dewibesani\app\Views\errors\html\error_exception.php(14): file_get_contents('C:\\xampp\\htdocs...')
#2 C:\xampp\htdocs\dewibesani\system\Debug\Exceptions.php(284): include('C:\\xampp\\htdocs...')
#3 C:\xampp\htdocs\dewibesani\system\Debug\Exceptions.php(287): CodeIgniter\Debug\Exceptions->CodeIgniter\Debug\{closure}()
#4 C:\xampp\htdocs\dewibesani\system\Debug\Exceptions.php(139): CodeIgniter\Debug\Exceptions->render(Object(TypeError), 500)
#5 [internal function]: CodeIgniter\Debug\Exceptions->exceptionHandler(Object(TypeError))
#6 {main}
  thrown
in APPPATH\Views\errors\html\error_exception.php on line 14.
 1 [internal function]: CodeIgniter\Debug\Exceptions->shutdownHandler()
CRITICAL - 2023-10-24 22:32:55 --> array_push(): Argument #1 ($array) must be of type array, string given
in APPPATH\Views\site\wisata.php on line 49.
 1 APPPATH\Views\site\wisata.php(49): array_push('ROOTPATH\\public', 'wisata')
 2 SYSTEMPATH\View\View.php(213): include('APPPATH\\Views\\site\\wisata.php')
 3 SYSTEMPATH\View\View.php(216): CodeIgniter\View\View->CodeIgniter\View\{closure}()
 4 SYSTEMPATH\Common.php(1134): CodeIgniter\View\View->render('site/wisata', [], true)
 5 APPPATH\Controllers\Root.php(36): view('site/wisata', [...])
 6 SYSTEMPATH\CodeIgniter.php(927): App\Controllers\Root->showtour()
 7 SYSTEMPATH\CodeIgniter.php(482): CodeIgniter\CodeIgniter->runController(Object(App\Controllers\Root))
 8 SYSTEMPATH\CodeIgniter.php(351): CodeIgniter\CodeIgniter->handleRequest(null, Object(Config\Cache), false)
 9 FCPATH\index.php(67): CodeIgniter\CodeIgniter->run()
10 SYSTEMPATH\Commands\Server\rewrite.php(46): require_once('FCPATH\\index.php')
CRITICAL - 2023-10-24 22:32:55 --> Uncaught ErrorException: file_get_contents(C:\xampp\htdocs\dewibesani\app\Views\errors\html\debug.js): Failed to open stream: No such file or directory in C:\xampp\htdocs\dewibesani\app\Views\errors\html\error_exception.php:14
Stack trace:
#0 [internal function]: CodeIgniter\Debug\Exceptions->errorHandler(2, 'file_get_conten...', 'C:\\xampp\\htdocs...', 14)
#1 C:\xampp\htdocs\dewibesani\app\Views\errors\html\error_exception.php(14): file_get_contents('C:\\xampp\\htdocs...')
#2 C:\xampp\htdocs\dewibesani\system\Debug\Exceptions.php(284): include('C:\\xampp\\htdocs...')
#3 C:\xampp\htdocs\dewibesani\system\Debug\Exceptions.php(287): CodeIgniter\Debug\Exceptions->CodeIgniter\Debug\{closure}()
#4 C:\xampp\htdocs\dewibesani\system\Debug\Exceptions.php(139): CodeIgniter\Debug\Exceptions->render(Object(TypeError), 500)
#5 [internal function]: CodeIgniter\Debug\Exceptions->exceptionHandler(Object(TypeError))
#6 {main}
  thrown
in APPPATH\Views\errors\html\error_exception.php on line 14.
 1 [internal function]: CodeIgniter\Debug\Exceptions->shutdownHandler()
CRITICAL - 2023-10-24 22:33:16 --> array_push(): Argument #1 ($array) must be of type array, string given
in APPPATH\Views\site\wisata.php on line 49.
 1 APPPATH\Views\site\wisata.php(49): array_push('ROOTPATH\\public', 'wisata')
 2 SYSTEMPATH\View\View.php(213): include('APPPATH\\Views\\site\\wisata.php')
 3 SYSTEMPATH\View\View.php(216): CodeIgniter\View\View->CodeIgniter\View\{closure}()
 4 SYSTEMPATH\Common.php(1134): CodeIgniter\View\View->render('site/wisata', [], true)
 5 APPPATH\Controllers\Root.php(36): view('site/wisata', [...])
 6 SYSTEMPATH\CodeIgniter.php(927): App\Controllers\Root->showtour()
 7 SYSTEMPATH\CodeIgniter.php(482): CodeIgniter\CodeIgniter->runController(Object(App\Controllers\Root))
 8 SYSTEMPATH\CodeIgniter.php(351): CodeIgniter\CodeIgniter->handleRequest(null, Object(Config\Cache), false)
 9 FCPATH\index.php(67): CodeIgniter\CodeIgniter->run()
10 SYSTEMPATH\Commands\Server\rewrite.php(46): require_once('FCPATH\\index.php')
CRITICAL - 2023-10-24 22:33:16 --> Uncaught ErrorException: file_get_contents(C:\xampp\htdocs\dewibesani\app\Views\errors\html\debug.js): Failed to open stream: No such file or directory in C:\xampp\htdocs\dewibesani\app\Views\errors\html\error_exception.php:14
Stack trace:
#0 [internal function]: CodeIgniter\Debug\Exceptions->errorHandler(2, 'file_get_conten...', 'C:\\xampp\\htdocs...', 14)
#1 C:\xampp\htdocs\dewibesani\app\Views\errors\html\error_exception.php(14): file_get_contents('C:\\xampp\\htdocs...')
#2 C:\xampp\htdocs\dewibesani\system\Debug\Exceptions.php(284): include('C:\\xampp\\htdocs...')
#3 C:\xampp\htdocs\dewibesani\system\Debug\Exceptions.php(287): CodeIgniter\Debug\Exceptions->CodeIgniter\Debug\{closure}()
#4 C:\xampp\htdocs\dewibesani\system\Debug\Exceptions.php(139): CodeIgniter\Debug\Exceptions->render(Object(TypeError), 500)
#5 [internal function]: CodeIgniter\Debug\Exceptions->exceptionHandler(Object(TypeError))
#6 {main}
  thrown
in APPPATH\Views\errors\html\error_exception.php on line 14.
 1 [internal function]: CodeIgniter\Debug\Exceptions->shutdownHandler()
