CRITICAL - 2023-05-30 05:05:19 --> Undefined array key "nama"
in APPPATH\Views\admin\part_topbar.php on line 23.
 1 APPPATH\Views\admin\part_topbar.php(23): CodeIgniter\Debug\Exceptions->errorHandler(2, 'Undefined array key "nama"', 'APPPATH\\Views\\admin\\part_topbar.php', 23)
 2 SYSTEMPATH\View\View.php(213): include('APPPATH\\Views\\admin\\part_topbar.php')
 3 SYSTEMPATH\View\View.php(216): CodeIgniter\View\View->CodeIgniter\View\{closure}()
 4 SYSTEMPATH\Common.php(1134): CodeIgniter\View\View->render('admin/part_topbar', [], true)
 5 APPPATH\Views\admin\pengguna.php(9): view('admin/part_topbar')
 6 SYSTEMPATH\View\View.php(213): include('APPPATH\\Views\\admin\\pengguna.php')
 7 SYSTEMPATH\View\View.php(216): CodeIgniter\View\View->CodeIgniter\View\{closure}()
 8 SYSTEMPATH\Common.php(1134): CodeIgniter\View\View->render('admin/pengguna', [], true)
 9 APPPATH\Controllers\Pengguna.php(14): view('admin/pengguna', [...])
10 SYSTEMPATH\CodeIgniter.php(927): App\Controllers\Pengguna->index()
11 SYSTEMPATH\CodeIgniter.php(482): CodeIgniter\CodeIgniter->runController(Object(App\Controllers\Pengguna))
12 SYSTEMPATH\CodeIgniter.php(351): CodeIgniter\CodeIgniter->handleRequest(null, Object(Config\Cache), false)
13 FCPATH\index.php(67): CodeIgniter\CodeIgniter->run()
14 SYSTEMPATH\Commands\Server\rewrite.php(46): require_once('FCPATH\\index.php')
CRITICAL - 2023-05-30 05:05:20 --> Uncaught ErrorException: file_get_contents(C:\xampp\htdocs\mochan\app\Views\errors\html\debug.js): Failed to open stream: No such file or directory in C:\xampp\htdocs\mochan\app\Views\errors\html\error_exception.php:14
Stack trace:
#0 [internal function]: CodeIgniter\Debug\Exceptions->errorHandler(2, 'file_get_conten...', 'C:\\xampp\\htdocs...', 14)
#1 C:\xampp\htdocs\mochan\app\Views\errors\html\error_exception.php(14): file_get_contents('C:\\xampp\\htdocs...')
#2 C:\xampp\htdocs\mochan\system\Debug\Exceptions.php(284): include('C:\\xampp\\htdocs...')
#3 C:\xampp\htdocs\mochan\system\Debug\Exceptions.php(287): CodeIgniter\Debug\Exceptions->CodeIgniter\Debug\{closure}()
#4 C:\xampp\htdocs\mochan\system\Debug\Exceptions.php(139): CodeIgniter\Debug\Exceptions->render(Object(ErrorException), 500)
#5 [internal function]: CodeIgniter\Debug\Exceptions->exceptionHandler(Object(ErrorException))
#6 {main}
  thrown
in APPPATH\Views\errors\html\error_exception.php on line 14.
 1 [internal function]: CodeIgniter\Debug\Exceptions->shutdownHandler()
CRITICAL - 2023-05-30 05:21:05 --> Undefined array key "password"
in APPPATH\Controllers\Admin.php on line 30.
 1 APPPATH\Controllers\Admin.php(30): CodeIgniter\Debug\Exceptions->errorHandler(2, 'Undefined array key "password"', 'APPPATH\\Controllers\\Admin.php', 30)
 2 SYSTEMPATH\CodeIgniter.php(927): App\Controllers\Admin->changeprofil()
 3 SYSTEMPATH\CodeIgniter.php(482): CodeIgniter\CodeIgniter->runController(Object(App\Controllers\Admin))
 4 SYSTEMPATH\CodeIgniter.php(351): CodeIgniter\CodeIgniter->handleRequest(null, Object(Config\Cache), false)
 5 FCPATH\index.php(67): CodeIgniter\CodeIgniter->run()
 6 SYSTEMPATH\Commands\Server\rewrite.php(46): require_once('FCPATH\\index.php')
CRITICAL - 2023-05-30 05:21:05 --> Uncaught ErrorException: file_get_contents(C:\xampp\htdocs\mochan\app\Views\errors\html\debug.js): Failed to open stream: No such file or directory in C:\xampp\htdocs\mochan\app\Views\errors\html\error_exception.php:14
Stack trace:
#0 [internal function]: CodeIgniter\Debug\Exceptions->errorHandler(2, 'file_get_conten...', 'C:\\xampp\\htdocs...', 14)
#1 C:\xampp\htdocs\mochan\app\Views\errors\html\error_exception.php(14): file_get_contents('C:\\xampp\\htdocs...')
#2 C:\xampp\htdocs\mochan\system\Debug\Exceptions.php(284): include('C:\\xampp\\htdocs...')
#3 C:\xampp\htdocs\mochan\system\Debug\Exceptions.php(287): CodeIgniter\Debug\Exceptions->CodeIgniter\Debug\{closure}()
#4 C:\xampp\htdocs\mochan\system\Debug\Exceptions.php(139): CodeIgniter\Debug\Exceptions->render(Object(ErrorException), 500)
#5 [internal function]: CodeIgniter\Debug\Exceptions->exceptionHandler(Object(ErrorException))
#6 {main}
  thrown
in APPPATH\Views\errors\html\error_exception.php on line 14.
 1 [internal function]: CodeIgniter\Debug\Exceptions->shutdownHandler()
CRITICAL - 2023-05-30 05:21:33 --> Undefined array key "kode"
in APPPATH\Controllers\Admin.php on line 38.
 1 APPPATH\Controllers\Admin.php(38): CodeIgniter\Debug\Exceptions->errorHandler(2, 'Undefined array key "kode"', 'APPPATH\\Controllers\\Admin.php', 38)
 2 SYSTEMPATH\CodeIgniter.php(927): App\Controllers\Admin->changeprofil()
 3 SYSTEMPATH\CodeIgniter.php(482): CodeIgniter\CodeIgniter->runController(Object(App\Controllers\Admin))
 4 SYSTEMPATH\CodeIgniter.php(351): CodeIgniter\CodeIgniter->handleRequest(null, Object(Config\Cache), false)
 5 FCPATH\index.php(67): CodeIgniter\CodeIgniter->run()
 6 SYSTEMPATH\Commands\Server\rewrite.php(46): require_once('FCPATH\\index.php')
CRITICAL - 2023-05-30 05:21:33 --> Uncaught ErrorException: file_get_contents(C:\xampp\htdocs\mochan\app\Views\errors\html\debug.js): Failed to open stream: No such file or directory in C:\xampp\htdocs\mochan\app\Views\errors\html\error_exception.php:14
Stack trace:
#0 [internal function]: CodeIgniter\Debug\Exceptions->errorHandler(2, 'file_get_conten...', 'C:\\xampp\\htdocs...', 14)
#1 C:\xampp\htdocs\mochan\app\Views\errors\html\error_exception.php(14): file_get_contents('C:\\xampp\\htdocs...')
#2 C:\xampp\htdocs\mochan\system\Debug\Exceptions.php(284): include('C:\\xampp\\htdocs...')
#3 C:\xampp\htdocs\mochan\system\Debug\Exceptions.php(287): CodeIgniter\Debug\Exceptions->CodeIgniter\Debug\{closure}()
#4 C:\xampp\htdocs\mochan\system\Debug\Exceptions.php(139): CodeIgniter\Debug\Exceptions->render(Object(ErrorException), 500)
#5 [internal function]: CodeIgniter\Debug\Exceptions->exceptionHandler(Object(ErrorException))
#6 {main}
  thrown
in APPPATH\Views\errors\html\error_exception.php on line 14.
 1 [internal function]: CodeIgniter\Debug\Exceptions->shutdownHandler()
CRITICAL - 2023-05-30 05:21:49 --> Undefined array key "kode"
in APPPATH\Controllers\Admin.php on line 38.
 1 APPPATH\Controllers\Admin.php(38): CodeIgniter\Debug\Exceptions->errorHandler(2, 'Undefined array key "kode"', 'APPPATH\\Controllers\\Admin.php', 38)
 2 SYSTEMPATH\CodeIgniter.php(927): App\Controllers\Admin->changeprofil()
 3 SYSTEMPATH\CodeIgniter.php(482): CodeIgniter\CodeIgniter->runController(Object(App\Controllers\Admin))
 4 SYSTEMPATH\CodeIgniter.php(351): CodeIgniter\CodeIgniter->handleRequest(null, Object(Config\Cache), false)
 5 FCPATH\index.php(67): CodeIgniter\CodeIgniter->run()
 6 SYSTEMPATH\Commands\Server\rewrite.php(46): require_once('FCPATH\\index.php')
CRITICAL - 2023-05-30 05:21:49 --> Uncaught ErrorException: file_get_contents(C:\xampp\htdocs\mochan\app\Views\errors\html\debug.js): Failed to open stream: No such file or directory in C:\xampp\htdocs\mochan\app\Views\errors\html\error_exception.php:14
Stack trace:
#0 [internal function]: CodeIgniter\Debug\Exceptions->errorHandler(2, 'file_get_conten...', 'C:\\xampp\\htdocs...', 14)
#1 C:\xampp\htdocs\mochan\app\Views\errors\html\error_exception.php(14): file_get_contents('C:\\xampp\\htdocs...')
#2 C:\xampp\htdocs\mochan\system\Debug\Exceptions.php(284): include('C:\\xampp\\htdocs...')
#3 C:\xampp\htdocs\mochan\system\Debug\Exceptions.php(287): CodeIgniter\Debug\Exceptions->CodeIgniter\Debug\{closure}()
#4 C:\xampp\htdocs\mochan\system\Debug\Exceptions.php(139): CodeIgniter\Debug\Exceptions->render(Object(ErrorException), 500)
#5 [internal function]: CodeIgniter\Debug\Exceptions->exceptionHandler(Object(ErrorException))
#6 {main}
  thrown
in APPPATH\Views\errors\html\error_exception.php on line 14.
 1 [internal function]: CodeIgniter\Debug\Exceptions->shutdownHandler()
CRITICAL - 2023-05-30 07:24:26 --> Undefined array key "jabatan_akun"
in APPPATH\Views\keu\akun.php on line 133.
 1 APPPATH\Views\keu\akun.php(133): CodeIgniter\Debug\Exceptions->errorHandler(2, 'Undefined array key "jabatan_akun"', 'APPPATH\\Views\\keu\\akun.php', 133)
 2 SYSTEMPATH\View\View.php(213): include('APPPATH\\Views\\keu\\akun.php')
 3 SYSTEMPATH\View\View.php(216): CodeIgniter\View\View->CodeIgniter\View\{closure}()
 4 SYSTEMPATH\Common.php(1134): CodeIgniter\View\View->render('keu/akun', [], true)
 5 APPPATH\Controllers\Akun.php(35): view('keu/akun', [...])
 6 SYSTEMPATH\CodeIgniter.php(927): App\Controllers\Akun->savedata()
 7 SYSTEMPATH\CodeIgniter.php(482): CodeIgniter\CodeIgniter->runController(Object(App\Controllers\Akun))
 8 SYSTEMPATH\CodeIgniter.php(351): CodeIgniter\CodeIgniter->handleRequest(null, Object(Config\Cache), false)
 9 FCPATH\index.php(67): CodeIgniter\CodeIgniter->run()
10 SYSTEMPATH\Commands\Server\rewrite.php(46): require_once('FCPATH\\index.php')
CRITICAL - 2023-05-30 07:24:26 --> Uncaught ErrorException: file_get_contents(C:\xampp\htdocs\mochan\app\Views\errors\html\debug.js): Failed to open stream: No such file or directory in C:\xampp\htdocs\mochan\app\Views\errors\html\error_exception.php:14
Stack trace:
#0 [internal function]: CodeIgniter\Debug\Exceptions->errorHandler(2, 'file_get_conten...', 'C:\\xampp\\htdocs...', 14)
#1 C:\xampp\htdocs\mochan\app\Views\errors\html\error_exception.php(14): file_get_contents('C:\\xampp\\htdocs...')
#2 C:\xampp\htdocs\mochan\system\Debug\Exceptions.php(284): include('C:\\xampp\\htdocs...')
#3 C:\xampp\htdocs\mochan\system\Debug\Exceptions.php(287): CodeIgniter\Debug\Exceptions->CodeIgniter\Debug\{closure}()
#4 C:\xampp\htdocs\mochan\system\Debug\Exceptions.php(139): CodeIgniter\Debug\Exceptions->render(Object(ErrorException), 500)
#5 [internal function]: CodeIgniter\Debug\Exceptions->exceptionHandler(Object(ErrorException))
#6 {main}
  thrown
in APPPATH\Views\errors\html\error_exception.php on line 14.
 1 [internal function]: CodeIgniter\Debug\Exceptions->shutdownHandler()
CRITICAL - 2023-05-30 07:26:31 --> Undefined array key "nomor_akun"
in APPPATH\Views\keu\akun.php on line 124.
 1 APPPATH\Views\keu\akun.php(124): CodeIgniter\Debug\Exceptions->errorHandler(2, 'Undefined array key "nomor_akun"', 'APPPATH\\Views\\keu\\akun.php', 124)
 2 SYSTEMPATH\View\View.php(213): include('APPPATH\\Views\\keu\\akun.php')
 3 SYSTEMPATH\View\View.php(216): CodeIgniter\View\View->CodeIgniter\View\{closure}()
 4 SYSTEMPATH\Common.php(1134): CodeIgniter\View\View->render('keu/akun', [], true)
 5 APPPATH\Controllers\Akun.php(17): view('keu/akun', [...])
 6 SYSTEMPATH\CodeIgniter.php(927): App\Controllers\Akun->index()
 7 SYSTEMPATH\CodeIgniter.php(482): CodeIgniter\CodeIgniter->runController(Object(App\Controllers\Akun))
 8 SYSTEMPATH\CodeIgniter.php(351): CodeIgniter\CodeIgniter->handleRequest(null, Object(Config\Cache), false)
 9 FCPATH\index.php(67): CodeIgniter\CodeIgniter->run()
10 SYSTEMPATH\Commands\Server\rewrite.php(46): require_once('FCPATH\\index.php')
CRITICAL - 2023-05-30 07:26:31 --> Uncaught ErrorException: file_get_contents(C:\xampp\htdocs\mochan\app\Views\errors\html\debug.js): Failed to open stream: No such file or directory in C:\xampp\htdocs\mochan\app\Views\errors\html\error_exception.php:14
Stack trace:
#0 [internal function]: CodeIgniter\Debug\Exceptions->errorHandler(2, 'file_get_conten...', 'C:\\xampp\\htdocs...', 14)
#1 C:\xampp\htdocs\mochan\app\Views\errors\html\error_exception.php(14): file_get_contents('C:\\xampp\\htdocs...')
#2 C:\xampp\htdocs\mochan\system\Debug\Exceptions.php(284): include('C:\\xampp\\htdocs...')
#3 C:\xampp\htdocs\mochan\system\Debug\Exceptions.php(287): CodeIgniter\Debug\Exceptions->CodeIgniter\Debug\{closure}()
#4 C:\xampp\htdocs\mochan\system\Debug\Exceptions.php(139): CodeIgniter\Debug\Exceptions->render(Object(ErrorException), 500)
#5 [internal function]: CodeIgniter\Debug\Exceptions->exceptionHandler(Object(ErrorException))
#6 {main}
  thrown
in APPPATH\Views\errors\html\error_exception.php on line 14.
 1 [internal function]: CodeIgniter\Debug\Exceptions->shutdownHandler()
CRITICAL - 2023-05-30 07:28:45 --> Undefined variable $data
in APPPATH\Views\keu\profil.php on line 33.
 1 APPPATH\Views\keu\profil.php(33): CodeIgniter\Debug\Exceptions->errorHandler(2, 'Undefined variable $data', 'APPPATH\\Views\\keu\\profil.php', 33)
 2 SYSTEMPATH\View\View.php(213): include('APPPATH\\Views\\keu\\profil.php')
 3 SYSTEMPATH\View\View.php(216): CodeIgniter\View\View->CodeIgniter\View\{closure}()
 4 SYSTEMPATH\Common.php(1134): CodeIgniter\View\View->render('keu/profil', [], true)
 5 APPPATH\Controllers\Keuangan.php(24): view('keu/profil')
 6 SYSTEMPATH\CodeIgniter.php(927): App\Controllers\Keuangan->showprofil()
 7 SYSTEMPATH\CodeIgniter.php(482): CodeIgniter\CodeIgniter->runController(Object(App\Controllers\Keuangan))
 8 SYSTEMPATH\CodeIgniter.php(351): CodeIgniter\CodeIgniter->handleRequest(null, Object(Config\Cache), false)
 9 FCPATH\index.php(67): CodeIgniter\CodeIgniter->run()
10 SYSTEMPATH\Commands\Server\rewrite.php(46): require_once('FCPATH\\index.php')
CRITICAL - 2023-05-30 07:28:45 --> Uncaught ErrorException: file_get_contents(C:\xampp\htdocs\mochan\app\Views\errors\html\debug.js): Failed to open stream: No such file or directory in C:\xampp\htdocs\mochan\app\Views\errors\html\error_exception.php:14
Stack trace:
#0 [internal function]: CodeIgniter\Debug\Exceptions->errorHandler(2, 'file_get_conten...', 'C:\\xampp\\htdocs...', 14)
#1 C:\xampp\htdocs\mochan\app\Views\errors\html\error_exception.php(14): file_get_contents('C:\\xampp\\htdocs...')
#2 C:\xampp\htdocs\mochan\system\Debug\Exceptions.php(284): include('C:\\xampp\\htdocs...')
#3 C:\xampp\htdocs\mochan\system\Debug\Exceptions.php(287): CodeIgniter\Debug\Exceptions->CodeIgniter\Debug\{closure}()
#4 C:\xampp\htdocs\mochan\system\Debug\Exceptions.php(139): CodeIgniter\Debug\Exceptions->render(Object(ErrorException), 500)
#5 [internal function]: CodeIgniter\Debug\Exceptions->exceptionHandler(Object(ErrorException))
#6 {main}
  thrown
in APPPATH\Views\errors\html\error_exception.php on line 14.
 1 [internal function]: CodeIgniter\Debug\Exceptions->shutdownHandler()
CRITICAL - 2023-05-30 07:33:33 --> Undefined variable $data
in APPPATH\Views\keu\skema.php on line 41.
 1 APPPATH\Views\keu\skema.php(41): CodeIgniter\Debug\Exceptions->errorHandler(2, 'Undefined variable $data', 'APPPATH\\Views\\keu\\skema.php', 41)
 2 SYSTEMPATH\View\View.php(213): include('APPPATH\\Views\\keu\\skema.php')
 3 SYSTEMPATH\View\View.php(216): CodeIgniter\View\View->CodeIgniter\View\{closure}()
 4 SYSTEMPATH\Common.php(1134): CodeIgniter\View\View->render('keu/skema', [], true)
 5 APPPATH\Controllers\Skema.php(15): view('keu/skema')
 6 SYSTEMPATH\CodeIgniter.php(927): App\Controllers\Skema->index()
 7 SYSTEMPATH\CodeIgniter.php(482): CodeIgniter\CodeIgniter->runController(Object(App\Controllers\Skema))
 8 SYSTEMPATH\CodeIgniter.php(351): CodeIgniter\CodeIgniter->handleRequest(null, Object(Config\Cache), false)
 9 FCPATH\index.php(67): CodeIgniter\CodeIgniter->run()
10 SYSTEMPATH\Commands\Server\rewrite.php(46): require_once('FCPATH\\index.php')
CRITICAL - 2023-05-30 07:33:33 --> Uncaught ErrorException: file_get_contents(C:\xampp\htdocs\mochan\app\Views\errors\html\debug.js): Failed to open stream: No such file or directory in C:\xampp\htdocs\mochan\app\Views\errors\html\error_exception.php:14
Stack trace:
#0 [internal function]: CodeIgniter\Debug\Exceptions->errorHandler(2, 'file_get_conten...', 'C:\\xampp\\htdocs...', 14)
#1 C:\xampp\htdocs\mochan\app\Views\errors\html\error_exception.php(14): file_get_contents('C:\\xampp\\htdocs...')
#2 C:\xampp\htdocs\mochan\system\Debug\Exceptions.php(284): include('C:\\xampp\\htdocs...')
#3 C:\xampp\htdocs\mochan\system\Debug\Exceptions.php(287): CodeIgniter\Debug\Exceptions->CodeIgniter\Debug\{closure}()
#4 C:\xampp\htdocs\mochan\system\Debug\Exceptions.php(139): CodeIgniter\Debug\Exceptions->render(Object(ErrorException), 500)
#5 [internal function]: CodeIgniter\Debug\Exceptions->exceptionHandler(Object(ErrorException))
#6 {main}
  thrown
in APPPATH\Views\errors\html\error_exception.php on line 14.
 1 [internal function]: CodeIgniter\Debug\Exceptions->shutdownHandler()
CRITICAL - 2023-05-30 08:16:38 --> Undefined variable $db
in APPPATH\Views\keu\skema.php on line 86.
 1 APPPATH\Views\keu\skema.php(86): CodeIgniter\Debug\Exceptions->errorHandler(2, 'Undefined variable $db', 'APPPATH\\Views\\keu\\skema.php', 86)
 2 SYSTEMPATH\View\View.php(213): include('APPPATH\\Views\\keu\\skema.php')
 3 SYSTEMPATH\View\View.php(216): CodeIgniter\View\View->CodeIgniter\View\{closure}()
 4 SYSTEMPATH\Common.php(1134): CodeIgniter\View\View->render('keu/skema', [], true)
 5 APPPATH\Controllers\Skema.php(17): view('keu/skema', [...])
 6 SYSTEMPATH\CodeIgniter.php(927): App\Controllers\Skema->index()
 7 SYSTEMPATH\CodeIgniter.php(482): CodeIgniter\CodeIgniter->runController(Object(App\Controllers\Skema))
 8 SYSTEMPATH\CodeIgniter.php(351): CodeIgniter\CodeIgniter->handleRequest(null, Object(Config\Cache), false)
 9 FCPATH\index.php(67): CodeIgniter\CodeIgniter->run()
10 SYSTEMPATH\Commands\Server\rewrite.php(46): require_once('FCPATH\\index.php')
CRITICAL - 2023-05-30 08:16:38 --> Uncaught ErrorException: file_get_contents(C:\xampp\htdocs\mochan\app\Views\errors\html\debug.js): Failed to open stream: No such file or directory in C:\xampp\htdocs\mochan\app\Views\errors\html\error_exception.php:14
Stack trace:
#0 [internal function]: CodeIgniter\Debug\Exceptions->errorHandler(2, 'file_get_conten...', 'C:\\xampp\\htdocs...', 14)
#1 C:\xampp\htdocs\mochan\app\Views\errors\html\error_exception.php(14): file_get_contents('C:\\xampp\\htdocs...')
#2 C:\xampp\htdocs\mochan\system\Debug\Exceptions.php(284): include('C:\\xampp\\htdocs...')
#3 C:\xampp\htdocs\mochan\system\Debug\Exceptions.php(287): CodeIgniter\Debug\Exceptions->CodeIgniter\Debug\{closure}()
#4 C:\xampp\htdocs\mochan\system\Debug\Exceptions.php(139): CodeIgniter\Debug\Exceptions->render(Object(ErrorException), 500)
#5 [internal function]: CodeIgniter\Debug\Exceptions->exceptionHandler(Object(ErrorException))
#6 {main}
  thrown
in APPPATH\Views\errors\html\error_exception.php on line 14.
 1 [internal function]: CodeIgniter\Debug\Exceptions->shutdownHandler()
CRITICAL - 2023-05-30 08:18:31 --> Undefined variable $db
in APPPATH\Views\keu\skema.php on line 86.
 1 APPPATH\Views\keu\skema.php(86): CodeIgniter\Debug\Exceptions->errorHandler(2, 'Undefined variable $db', 'APPPATH\\Views\\keu\\skema.php', 86)
 2 SYSTEMPATH\View\View.php(213): include('APPPATH\\Views\\keu\\skema.php')
 3 SYSTEMPATH\View\View.php(216): CodeIgniter\View\View->CodeIgniter\View\{closure}()
 4 SYSTEMPATH\Common.php(1134): CodeIgniter\View\View->render('keu/skema', [], true)
 5 APPPATH\Controllers\Skema.php(17): view('keu/skema', [...])
 6 SYSTEMPATH\CodeIgniter.php(927): App\Controllers\Skema->index()
 7 SYSTEMPATH\CodeIgniter.php(482): CodeIgniter\CodeIgniter->runController(Object(App\Controllers\Skema))
 8 SYSTEMPATH\CodeIgniter.php(351): CodeIgniter\CodeIgniter->handleRequest(null, Object(Config\Cache), false)
 9 FCPATH\index.php(67): CodeIgniter\CodeIgniter->run()
10 SYSTEMPATH\Commands\Server\rewrite.php(46): require_once('FCPATH\\index.php')
CRITICAL - 2023-05-30 08:18:31 --> Uncaught ErrorException: file_get_contents(C:\xampp\htdocs\mochan\app\Views\errors\html\debug.js): Failed to open stream: No such file or directory in C:\xampp\htdocs\mochan\app\Views\errors\html\error_exception.php:14
Stack trace:
#0 [internal function]: CodeIgniter\Debug\Exceptions->errorHandler(2, 'file_get_conten...', 'C:\\xampp\\htdocs...', 14)
#1 C:\xampp\htdocs\mochan\app\Views\errors\html\error_exception.php(14): file_get_contents('C:\\xampp\\htdocs...')
#2 C:\xampp\htdocs\mochan\system\Debug\Exceptions.php(284): include('C:\\xampp\\htdocs...')
#3 C:\xampp\htdocs\mochan\system\Debug\Exceptions.php(287): CodeIgniter\Debug\Exceptions->CodeIgniter\Debug\{closure}()
#4 C:\xampp\htdocs\mochan\system\Debug\Exceptions.php(139): CodeIgniter\Debug\Exceptions->render(Object(ErrorException), 500)
#5 [internal function]: CodeIgniter\Debug\Exceptions->exceptionHandler(Object(ErrorException))
#6 {main}
  thrown
in APPPATH\Views\errors\html\error_exception.php on line 14.
 1 [internal function]: CodeIgniter\Debug\Exceptions->shutdownHandler()
CRITICAL - 2023-05-30 08:18:48 --> Undefined variable $db
in APPPATH\Views\keu\skema.php on line 86.
 1 APPPATH\Views\keu\skema.php(86): CodeIgniter\Debug\Exceptions->errorHandler(2, 'Undefined variable $db', 'APPPATH\\Views\\keu\\skema.php', 86)
 2 SYSTEMPATH\View\View.php(213): include('APPPATH\\Views\\keu\\skema.php')
 3 SYSTEMPATH\View\View.php(216): CodeIgniter\View\View->CodeIgniter\View\{closure}()
 4 SYSTEMPATH\Common.php(1134): CodeIgniter\View\View->render('keu/skema', [], true)
 5 APPPATH\Controllers\Skema.php(17): view('keu/skema', [...])
 6 SYSTEMPATH\CodeIgniter.php(927): App\Controllers\Skema->index()
 7 SYSTEMPATH\CodeIgniter.php(482): CodeIgniter\CodeIgniter->runController(Object(App\Controllers\Skema))
 8 SYSTEMPATH\CodeIgniter.php(351): CodeIgniter\CodeIgniter->handleRequest(null, Object(Config\Cache), false)
 9 FCPATH\index.php(67): CodeIgniter\CodeIgniter->run()
10 SYSTEMPATH\Commands\Server\rewrite.php(46): require_once('FCPATH\\index.php')
CRITICAL - 2023-05-30 08:18:48 --> Uncaught ErrorException: file_get_contents(C:\xampp\htdocs\mochan\app\Views\errors\html\debug.js): Failed to open stream: No such file or directory in C:\xampp\htdocs\mochan\app\Views\errors\html\error_exception.php:14
Stack trace:
#0 [internal function]: CodeIgniter\Debug\Exceptions->errorHandler(2, 'file_get_conten...', 'C:\\xampp\\htdocs...', 14)
#1 C:\xampp\htdocs\mochan\app\Views\errors\html\error_exception.php(14): file_get_contents('C:\\xampp\\htdocs...')
#2 C:\xampp\htdocs\mochan\system\Debug\Exceptions.php(284): include('C:\\xampp\\htdocs...')
#3 C:\xampp\htdocs\mochan\system\Debug\Exceptions.php(287): CodeIgniter\Debug\Exceptions->CodeIgniter\Debug\{closure}()
#4 C:\xampp\htdocs\mochan\system\Debug\Exceptions.php(139): CodeIgniter\Debug\Exceptions->render(Object(ErrorException), 500)
#5 [internal function]: CodeIgniter\Debug\Exceptions->exceptionHandler(Object(ErrorException))
#6 {main}
  thrown
in APPPATH\Views\errors\html\error_exception.php on line 14.
 1 [internal function]: CodeIgniter\Debug\Exceptions->shutdownHandler()
CRITICAL - 2023-05-30 08:18:49 --> Undefined variable $db
in APPPATH\Views\keu\skema.php on line 86.
 1 APPPATH\Views\keu\skema.php(86): CodeIgniter\Debug\Exceptions->errorHandler(2, 'Undefined variable $db', 'APPPATH\\Views\\keu\\skema.php', 86)
 2 SYSTEMPATH\View\View.php(213): include('APPPATH\\Views\\keu\\skema.php')
 3 SYSTEMPATH\View\View.php(216): CodeIgniter\View\View->CodeIgniter\View\{closure}()
 4 SYSTEMPATH\Common.php(1134): CodeIgniter\View\View->render('keu/skema', [], true)
 5 APPPATH\Controllers\Skema.php(17): view('keu/skema', [...])
 6 SYSTEMPATH\CodeIgniter.php(927): App\Controllers\Skema->index()
 7 SYSTEMPATH\CodeIgniter.php(482): CodeIgniter\CodeIgniter->runController(Object(App\Controllers\Skema))
 8 SYSTEMPATH\CodeIgniter.php(351): CodeIgniter\CodeIgniter->handleRequest(null, Object(Config\Cache), false)
 9 FCPATH\index.php(67): CodeIgniter\CodeIgniter->run()
10 SYSTEMPATH\Commands\Server\rewrite.php(46): require_once('FCPATH\\index.php')
CRITICAL - 2023-05-30 08:18:49 --> Uncaught ErrorException: file_get_contents(C:\xampp\htdocs\mochan\app\Views\errors\html\debug.js): Failed to open stream: No such file or directory in C:\xampp\htdocs\mochan\app\Views\errors\html\error_exception.php:14
Stack trace:
#0 [internal function]: CodeIgniter\Debug\Exceptions->errorHandler(2, 'file_get_conten...', 'C:\\xampp\\htdocs...', 14)
#1 C:\xampp\htdocs\mochan\app\Views\errors\html\error_exception.php(14): file_get_contents('C:\\xampp\\htdocs...')
#2 C:\xampp\htdocs\mochan\system\Debug\Exceptions.php(284): include('C:\\xampp\\htdocs...')
#3 C:\xampp\htdocs\mochan\system\Debug\Exceptions.php(287): CodeIgniter\Debug\Exceptions->CodeIgniter\Debug\{closure}()
#4 C:\xampp\htdocs\mochan\system\Debug\Exceptions.php(139): CodeIgniter\Debug\Exceptions->render(Object(ErrorException), 500)
#5 [internal function]: CodeIgniter\Debug\Exceptions->exceptionHandler(Object(ErrorException))
#6 {main}
  thrown
in APPPATH\Views\errors\html\error_exception.php on line 14.
 1 [internal function]: CodeIgniter\Debug\Exceptions->shutdownHandler()
