CRITICAL - 2023-10-27 01:57:43 --> Undefined variable $d
in APPPATH\Views\operator\tourdetail.php on line 59.
 1 APPPATH\Views\operator\tourdetail.php(59): CodeIgniter\Debug\Exceptions->errorHandler(2, 'Undefined variable $d', 'APPPATH\\Views\\operator\\tourdetail.php', 59)
 2 SYSTEMPATH\View\View.php(213): include('APPPATH\\Views\\operator\\tourdetail.php')
 3 SYSTEMPATH\View\View.php(216): CodeIgniter\View\View->CodeIgniter\View\{closure}()
 4 SYSTEMPATH\Common.php(1134): CodeIgniter\View\View->render('operator/tourdetail', [], true)
 5 APPPATH\Controllers\Operator_tour.php(58): view('operator/tourdetail', [...])
 6 SYSTEMPATH\CodeIgniter.php(927): App\Controllers\Operator_tour->detail('1')
 7 SYSTEMPATH\CodeIgniter.php(482): CodeIgniter\CodeIgniter->runController(Object(App\Controllers\Operator_tour))
 8 SYSTEMPATH\CodeIgniter.php(351): CodeIgniter\CodeIgniter->handleRequest(null, Object(Config\Cache), false)
 9 FCPATH\index.php(67): CodeIgniter\CodeIgniter->run()
10 SYSTEMPATH\Commands\Server\rewrite.php(46): require_once('FCPATH\\index.php')
CRITICAL - 2023-10-27 01:57:43 --> Uncaught ErrorException: file_get_contents(C:\xampp\htdocs\dewibesani\app\Views\errors\html\debug.js): Failed to open stream: No such file or directory in C:\xampp\htdocs\dewibesani\app\Views\errors\html\error_exception.php:14
Stack trace:
#0 [internal function]: CodeIgniter\Debug\Exceptions->errorHandler(2, 'file_get_conten...', 'C:\\xampp\\htdocs...', 14)
#1 C:\xampp\htdocs\dewibesani\app\Views\errors\html\error_exception.php(14): file_get_contents('C:\\xampp\\htdocs...')
#2 C:\xampp\htdocs\dewibesani\system\Debug\Exceptions.php(284): include('C:\\xampp\\htdocs...')
#3 C:\xampp\htdocs\dewibesani\system\Debug\Exceptions.php(287): CodeIgniter\Debug\Exceptions->CodeIgniter\Debug\{closure}()
#4 C:\xampp\htdocs\dewibesani\system\Debug\Exceptions.php(139): CodeIgniter\Debug\Exceptions->render(Object(ErrorException), 500)
#5 [internal function]: CodeIgniter\Debug\Exceptions->exceptionHandler(Object(ErrorException))
#6 {main}
  thrown
in APPPATH\Views\errors\html\error_exception.php on line 14.
 1 [internal function]: CodeIgniter\Debug\Exceptions->shutdownHandler()
CRITICAL - 2023-10-27 03:37:45 --> Trying to access array offset on value of type null
in APPPATH\Controllers\Admin_user.php on line 77.
 1 APPPATH\Controllers\Admin_user.php(77): CodeIgniter\Debug\Exceptions->errorHandler(2, 'Trying to access array offset on value of type null', 'APPPATH\\Controllers\\Admin_user.php', 77)
 2 SYSTEMPATH\CodeIgniter.php(927): App\Controllers\Admin_user->delete('3')
 3 SYSTEMPATH\CodeIgniter.php(482): CodeIgniter\CodeIgniter->runController(Object(App\Controllers\Admin_user))
 4 SYSTEMPATH\CodeIgniter.php(351): CodeIgniter\CodeIgniter->handleRequest(null, Object(Config\Cache), false)
 5 FCPATH\index.php(67): CodeIgniter\CodeIgniter->run()
 6 SYSTEMPATH\Commands\Server\rewrite.php(46): require_once('FCPATH\\index.php')
CRITICAL - 2023-10-27 03:37:45 --> Uncaught ErrorException: file_get_contents(C:\xampp\htdocs\dewibesani\app\Views\errors\html\debug.js): Failed to open stream: No such file or directory in C:\xampp\htdocs\dewibesani\app\Views\errors\html\error_exception.php:14
Stack trace:
#0 [internal function]: CodeIgniter\Debug\Exceptions->errorHandler(2, 'file_get_conten...', 'C:\\xampp\\htdocs...', 14)
#1 C:\xampp\htdocs\dewibesani\app\Views\errors\html\error_exception.php(14): file_get_contents('C:\\xampp\\htdocs...')
#2 C:\xampp\htdocs\dewibesani\system\Debug\Exceptions.php(284): include('C:\\xampp\\htdocs...')
#3 C:\xampp\htdocs\dewibesani\system\Debug\Exceptions.php(287): CodeIgniter\Debug\Exceptions->CodeIgniter\Debug\{closure}()
#4 C:\xampp\htdocs\dewibesani\system\Debug\Exceptions.php(139): CodeIgniter\Debug\Exceptions->render(Object(ErrorException), 500)
#5 [internal function]: CodeIgniter\Debug\Exceptions->exceptionHandler(Object(ErrorException))
#6 {main}
  thrown
in APPPATH\Views\errors\html\error_exception.php on line 14.
 1 [internal function]: CodeIgniter\Debug\Exceptions->shutdownHandler()
CRITICAL - 2023-10-27 03:48:48 --> Invalid file: operator/culinarydetail.php
in SYSTEMPATH\Exceptions\FrameworkException.php on line 33.
 1 SYSTEMPATH\View\View.php(201): CodeIgniter\Exceptions\FrameworkException::forInvalidFile('operator/culinarydetail.php')
 2 SYSTEMPATH\Common.php(1134): CodeIgniter\View\View->render('operator/culinarydetail', [], true)
 3 APPPATH\Controllers\Operator_culinary.php(58): view('operator/culinarydetail', [...])
 4 SYSTEMPATH\CodeIgniter.php(927): App\Controllers\Operator_culinary->detail('4')
 5 SYSTEMPATH\CodeIgniter.php(482): CodeIgniter\CodeIgniter->runController(Object(App\Controllers\Operator_culinary))
 6 SYSTEMPATH\CodeIgniter.php(351): CodeIgniter\CodeIgniter->handleRequest(null, Object(Config\Cache), false)
 7 FCPATH\index.php(67): CodeIgniter\CodeIgniter->run()
 8 SYSTEMPATH\Commands\Server\rewrite.php(46): require_once('FCPATH\\index.php')
CRITICAL - 2023-10-27 03:48:48 --> Uncaught ErrorException: file_get_contents(C:\xampp\htdocs\dewibesani\app\Views\errors\html\debug.js): Failed to open stream: No such file or directory in C:\xampp\htdocs\dewibesani\app\Views\errors\html\error_exception.php:14
Stack trace:
#0 [internal function]: CodeIgniter\Debug\Exceptions->errorHandler(2, 'file_get_conten...', 'C:\\xampp\\htdocs...', 14)
#1 C:\xampp\htdocs\dewibesani\app\Views\errors\html\error_exception.php(14): file_get_contents('C:\\xampp\\htdocs...')
#2 C:\xampp\htdocs\dewibesani\system\Debug\Exceptions.php(284): include('C:\\xampp\\htdocs...')
#3 C:\xampp\htdocs\dewibesani\system\Debug\Exceptions.php(287): CodeIgniter\Debug\Exceptions->CodeIgniter\Debug\{closure}()
#4 C:\xampp\htdocs\dewibesani\system\Debug\Exceptions.php(139): CodeIgniter\Debug\Exceptions->render(Object(CodeIgniter\View\Exceptions\ViewException), 500)
#5 [internal function]: CodeIgniter\Debug\Exceptions->exceptionHandler(Object(CodeIgniter\View\Exceptions\ViewException))
#6 {main}
  thrown
in APPPATH\Views\errors\html\error_exception.php on line 14.
 1 [internal function]: CodeIgniter\Debug\Exceptions->shutdownHandler()
CRITICAL - 2023-10-27 03:49:52 --> Invalid file: operator/culinarydetail.php
in SYSTEMPATH\Exceptions\FrameworkException.php on line 33.
 1 SYSTEMPATH\View\View.php(201): CodeIgniter\Exceptions\FrameworkException::forInvalidFile('operator/culinarydetail.php')
 2 SYSTEMPATH\Common.php(1134): CodeIgniter\View\View->render('operator/culinarydetail', [], true)
 3 APPPATH\Controllers\Operator_culinary.php(58): view('operator/culinarydetail', [...])
 4 SYSTEMPATH\CodeIgniter.php(927): App\Controllers\Operator_culinary->detail('4')
 5 SYSTEMPATH\CodeIgniter.php(482): CodeIgniter\CodeIgniter->runController(Object(App\Controllers\Operator_culinary))
 6 SYSTEMPATH\CodeIgniter.php(351): CodeIgniter\CodeIgniter->handleRequest(null, Object(Config\Cache), false)
 7 FCPATH\index.php(67): CodeIgniter\CodeIgniter->run()
 8 SYSTEMPATH\Commands\Server\rewrite.php(46): require_once('FCPATH\\index.php')
CRITICAL - 2023-10-27 03:49:52 --> Uncaught ErrorException: file_get_contents(C:\xampp\htdocs\dewibesani\app\Views\errors\html\debug.js): Failed to open stream: No such file or directory in C:\xampp\htdocs\dewibesani\app\Views\errors\html\error_exception.php:14
Stack trace:
#0 [internal function]: CodeIgniter\Debug\Exceptions->errorHandler(2, 'file_get_conten...', 'C:\\xampp\\htdocs...', 14)
#1 C:\xampp\htdocs\dewibesani\app\Views\errors\html\error_exception.php(14): file_get_contents('C:\\xampp\\htdocs...')
#2 C:\xampp\htdocs\dewibesani\system\Debug\Exceptions.php(284): include('C:\\xampp\\htdocs...')
#3 C:\xampp\htdocs\dewibesani\system\Debug\Exceptions.php(287): CodeIgniter\Debug\Exceptions->CodeIgniter\Debug\{closure}()
#4 C:\xampp\htdocs\dewibesani\system\Debug\Exceptions.php(139): CodeIgniter\Debug\Exceptions->render(Object(CodeIgniter\View\Exceptions\ViewException), 500)
#5 [internal function]: CodeIgniter\Debug\Exceptions->exceptionHandler(Object(CodeIgniter\View\Exceptions\ViewException))
#6 {main}
  thrown
in APPPATH\Views\errors\html\error_exception.php on line 14.
 1 [internal function]: CodeIgniter\Debug\Exceptions->shutdownHandler()
CRITICAL - 2023-10-27 04:01:41 --> Invalid file: operator/homestay.php
in SYSTEMPATH\Exceptions\FrameworkException.php on line 33.
 1 SYSTEMPATH\View\View.php(201): CodeIgniter\Exceptions\FrameworkException::forInvalidFile('operator/homestay.php')
 2 SYSTEMPATH\Common.php(1134): CodeIgniter\View\View->render('operator/homestay', [], true)
 3 APPPATH\Controllers\Operator_homestay.php(16): view('operator/homestay', [...])
 4 SYSTEMPATH\CodeIgniter.php(927): App\Controllers\Operator_homestay->index()
 5 SYSTEMPATH\CodeIgniter.php(482): CodeIgniter\CodeIgniter->runController(Object(App\Controllers\Operator_homestay))
 6 SYSTEMPATH\CodeIgniter.php(351): CodeIgniter\CodeIgniter->handleRequest(null, Object(Config\Cache), false)
 7 FCPATH\index.php(67): CodeIgniter\CodeIgniter->run()
 8 SYSTEMPATH\Commands\Server\rewrite.php(46): require_once('FCPATH\\index.php')
CRITICAL - 2023-10-27 04:01:41 --> Uncaught ErrorException: file_get_contents(C:\xampp\htdocs\dewibesani\app\Views\errors\html\debug.js): Failed to open stream: No such file or directory in C:\xampp\htdocs\dewibesani\app\Views\errors\html\error_exception.php:14
Stack trace:
#0 [internal function]: CodeIgniter\Debug\Exceptions->errorHandler(2, 'file_get_conten...', 'C:\\xampp\\htdocs...', 14)
#1 C:\xampp\htdocs\dewibesani\app\Views\errors\html\error_exception.php(14): file_get_contents('C:\\xampp\\htdocs...')
#2 C:\xampp\htdocs\dewibesani\system\Debug\Exceptions.php(284): include('C:\\xampp\\htdocs...')
#3 C:\xampp\htdocs\dewibesani\system\Debug\Exceptions.php(287): CodeIgniter\Debug\Exceptions->CodeIgniter\Debug\{closure}()
#4 C:\xampp\htdocs\dewibesani\system\Debug\Exceptions.php(139): CodeIgniter\Debug\Exceptions->render(Object(CodeIgniter\View\Exceptions\ViewException), 500)
#5 [internal function]: CodeIgniter\Debug\Exceptions->exceptionHandler(Object(CodeIgniter\View\Exceptions\ViewException))
#6 {main}
  thrown
in APPPATH\Views\errors\html\error_exception.php on line 14.
 1 [internal function]: CodeIgniter\Debug\Exceptions->shutdownHandler()
CRITICAL - 2023-10-27 04:02:16 --> Invalid file: operator/homestay.php
in SYSTEMPATH\Exceptions\FrameworkException.php on line 33.
 1 SYSTEMPATH\View\View.php(201): CodeIgniter\Exceptions\FrameworkException::forInvalidFile('operator/homestay.php')
 2 SYSTEMPATH\Common.php(1134): CodeIgniter\View\View->render('operator/homestay', [], true)
 3 APPPATH\Controllers\Operator_homestay.php(16): view('operator/homestay', [...])
 4 SYSTEMPATH\CodeIgniter.php(927): App\Controllers\Operator_homestay->index()
 5 SYSTEMPATH\CodeIgniter.php(482): CodeIgniter\CodeIgniter->runController(Object(App\Controllers\Operator_homestay))
 6 SYSTEMPATH\CodeIgniter.php(351): CodeIgniter\CodeIgniter->handleRequest(null, Object(Config\Cache), false)
 7 FCPATH\index.php(67): CodeIgniter\CodeIgniter->run()
 8 SYSTEMPATH\Commands\Server\rewrite.php(46): require_once('FCPATH\\index.php')
CRITICAL - 2023-10-27 04:02:16 --> Uncaught ErrorException: file_get_contents(C:\xampp\htdocs\dewibesani\app\Views\errors\html\debug.js): Failed to open stream: No such file or directory in C:\xampp\htdocs\dewibesani\app\Views\errors\html\error_exception.php:14
Stack trace:
#0 [internal function]: CodeIgniter\Debug\Exceptions->errorHandler(2, 'file_get_conten...', 'C:\\xampp\\htdocs...', 14)
#1 C:\xampp\htdocs\dewibesani\app\Views\errors\html\error_exception.php(14): file_get_contents('C:\\xampp\\htdocs...')
#2 C:\xampp\htdocs\dewibesani\system\Debug\Exceptions.php(284): include('C:\\xampp\\htdocs...')
#3 C:\xampp\htdocs\dewibesani\system\Debug\Exceptions.php(287): CodeIgniter\Debug\Exceptions->CodeIgniter\Debug\{closure}()
#4 C:\xampp\htdocs\dewibesani\system\Debug\Exceptions.php(139): CodeIgniter\Debug\Exceptions->render(Object(CodeIgniter\View\Exceptions\ViewException), 500)
#5 [internal function]: CodeIgniter\Debug\Exceptions->exceptionHandler(Object(CodeIgniter\View\Exceptions\ViewException))
#6 {main}
  thrown
in APPPATH\Views\errors\html\error_exception.php on line 14.
 1 [internal function]: CodeIgniter\Debug\Exceptions->shutdownHandler()
CRITICAL - 2023-10-27 04:21:50 --> Trying to access array offset on value of type null
in APPPATH\Controllers\Operator_fashion.php on line 39.
 1 APPPATH\Controllers\Operator_fashion.php(39): CodeIgniter\Debug\Exceptions->errorHandler(2, 'Trying to access array offset on value of type null', 'APPPATH\\Controllers\\Operator_fashion.php', 39)
 2 SYSTEMPATH\CodeIgniter.php(927): App\Controllers\Operator_fashion->save()
 3 SYSTEMPATH\CodeIgniter.php(482): CodeIgniter\CodeIgniter->runController(Object(App\Controllers\Operator_fashion))
 4 SYSTEMPATH\CodeIgniter.php(351): CodeIgniter\CodeIgniter->handleRequest(null, Object(Config\Cache), false)
 5 FCPATH\index.php(67): CodeIgniter\CodeIgniter->run()
 6 SYSTEMPATH\Commands\Server\rewrite.php(46): require_once('FCPATH\\index.php')
CRITICAL - 2023-10-27 04:21:50 --> Uncaught ErrorException: file_get_contents(C:\xampp\htdocs\dewibesani\app\Views\errors\html\debug.js): Failed to open stream: No such file or directory in C:\xampp\htdocs\dewibesani\app\Views\errors\html\error_exception.php:14
Stack trace:
#0 [internal function]: CodeIgniter\Debug\Exceptions->errorHandler(2, 'file_get_conten...', 'C:\\xampp\\htdocs...', 14)
#1 C:\xampp\htdocs\dewibesani\app\Views\errors\html\error_exception.php(14): file_get_contents('C:\\xampp\\htdocs...')
#2 C:\xampp\htdocs\dewibesani\system\Debug\Exceptions.php(284): include('C:\\xampp\\htdocs...')
#3 C:\xampp\htdocs\dewibesani\system\Debug\Exceptions.php(287): CodeIgniter\Debug\Exceptions->CodeIgniter\Debug\{closure}()
#4 C:\xampp\htdocs\dewibesani\system\Debug\Exceptions.php(139): CodeIgniter\Debug\Exceptions->render(Object(ErrorException), 500)
#5 [internal function]: CodeIgniter\Debug\Exceptions->exceptionHandler(Object(ErrorException))
#6 {main}
  thrown
in APPPATH\Views\errors\html\error_exception.php on line 14.
 1 [internal function]: CodeIgniter\Debug\Exceptions->shutdownHandler()
CRITICAL - 2023-10-27 04:22:11 --> Trying to access array offset on value of type null
in APPPATH\Controllers\Operator_fashion.php on line 39.
 1 APPPATH\Controllers\Operator_fashion.php(39): CodeIgniter\Debug\Exceptions->errorHandler(2, 'Trying to access array offset on value of type null', 'APPPATH\\Controllers\\Operator_fashion.php', 39)
 2 SYSTEMPATH\CodeIgniter.php(927): App\Controllers\Operator_fashion->save()
 3 SYSTEMPATH\CodeIgniter.php(482): CodeIgniter\CodeIgniter->runController(Object(App\Controllers\Operator_fashion))
 4 SYSTEMPATH\CodeIgniter.php(351): CodeIgniter\CodeIgniter->handleRequest(null, Object(Config\Cache), false)
 5 FCPATH\index.php(67): CodeIgniter\CodeIgniter->run()
 6 SYSTEMPATH\Commands\Server\rewrite.php(46): require_once('FCPATH\\index.php')
CRITICAL - 2023-10-27 04:22:11 --> Uncaught ErrorException: file_get_contents(C:\xampp\htdocs\dewibesani\app\Views\errors\html\debug.js): Failed to open stream: No such file or directory in C:\xampp\htdocs\dewibesani\app\Views\errors\html\error_exception.php:14
Stack trace:
#0 [internal function]: CodeIgniter\Debug\Exceptions->errorHandler(2, 'file_get_conten...', 'C:\\xampp\\htdocs...', 14)
#1 C:\xampp\htdocs\dewibesani\app\Views\errors\html\error_exception.php(14): file_get_contents('C:\\xampp\\htdocs...')
#2 C:\xampp\htdocs\dewibesani\system\Debug\Exceptions.php(284): include('C:\\xampp\\htdocs...')
#3 C:\xampp\htdocs\dewibesani\system\Debug\Exceptions.php(287): CodeIgniter\Debug\Exceptions->CodeIgniter\Debug\{closure}()
#4 C:\xampp\htdocs\dewibesani\system\Debug\Exceptions.php(139): CodeIgniter\Debug\Exceptions->render(Object(ErrorException), 500)
#5 [internal function]: CodeIgniter\Debug\Exceptions->exceptionHandler(Object(ErrorException))
#6 {main}
  thrown
in APPPATH\Views\errors\html\error_exception.php on line 14.
 1 [internal function]: CodeIgniter\Debug\Exceptions->shutdownHandler()
CRITICAL - 2023-10-27 05:02:57 --> Invalid file: operator/creationdetail.php
in SYSTEMPATH\Exceptions\FrameworkException.php on line 33.
 1 SYSTEMPATH\View\View.php(201): CodeIgniter\Exceptions\FrameworkException::forInvalidFile('operator/creationdetail.php')
 2 SYSTEMPATH\Common.php(1134): CodeIgniter\View\View->render('operator/creationdetail', [], true)
 3 APPPATH\Controllers\Operator_creation.php(58): view('operator/creationdetail', [...])
 4 SYSTEMPATH\CodeIgniter.php(927): App\Controllers\Operator_creation->detail('12')
 5 SYSTEMPATH\CodeIgniter.php(482): CodeIgniter\CodeIgniter->runController(Object(App\Controllers\Operator_creation))
 6 SYSTEMPATH\CodeIgniter.php(351): CodeIgniter\CodeIgniter->handleRequest(null, Object(Config\Cache), false)
 7 FCPATH\index.php(67): CodeIgniter\CodeIgniter->run()
 8 SYSTEMPATH\Commands\Server\rewrite.php(46): require_once('FCPATH\\index.php')
CRITICAL - 2023-10-27 05:02:57 --> Uncaught ErrorException: file_get_contents(C:\xampp\htdocs\dewibesani\app\Views\errors\html\debug.js): Failed to open stream: No such file or directory in C:\xampp\htdocs\dewibesani\app\Views\errors\html\error_exception.php:14
Stack trace:
#0 [internal function]: CodeIgniter\Debug\Exceptions->errorHandler(2, 'file_get_conten...', 'C:\\xampp\\htdocs...', 14)
#1 C:\xampp\htdocs\dewibesani\app\Views\errors\html\error_exception.php(14): file_get_contents('C:\\xampp\\htdocs...')
#2 C:\xampp\htdocs\dewibesani\system\Debug\Exceptions.php(284): include('C:\\xampp\\htdocs...')
#3 C:\xampp\htdocs\dewibesani\system\Debug\Exceptions.php(287): CodeIgniter\Debug\Exceptions->CodeIgniter\Debug\{closure}()
#4 C:\xampp\htdocs\dewibesani\system\Debug\Exceptions.php(139): CodeIgniter\Debug\Exceptions->render(Object(CodeIgniter\View\Exceptions\ViewException), 500)
#5 [internal function]: CodeIgniter\Debug\Exceptions->exceptionHandler(Object(CodeIgniter\View\Exceptions\ViewException))
#6 {main}
  thrown
in APPPATH\Views\errors\html\error_exception.php on line 14.
 1 [internal function]: CodeIgniter\Debug\Exceptions->shutdownHandler()
CRITICAL - 2023-10-27 05:48:47 --> Invalid file: operator/photo.php
in SYSTEMPATH\Exceptions\FrameworkException.php on line 33.
 1 SYSTEMPATH\View\View.php(201): CodeIgniter\Exceptions\FrameworkException::forInvalidFile('operator/photo.php')
 2 SYSTEMPATH\Common.php(1134): CodeIgniter\View\View->render('operator/photo', [], true)
 3 APPPATH\Controllers\Operator_photo.php(16): view('operator/photo', [...])
 4 SYSTEMPATH\CodeIgniter.php(927): App\Controllers\Operator_photo->index()
 5 SYSTEMPATH\CodeIgniter.php(482): CodeIgniter\CodeIgniter->runController(Object(App\Controllers\Operator_photo))
 6 SYSTEMPATH\CodeIgniter.php(351): CodeIgniter\CodeIgniter->handleRequest(null, Object(Config\Cache), false)
 7 FCPATH\index.php(67): CodeIgniter\CodeIgniter->run()
 8 SYSTEMPATH\Commands\Server\rewrite.php(46): require_once('FCPATH\\index.php')
CRITICAL - 2023-10-27 05:48:47 --> Uncaught ErrorException: file_get_contents(C:\xampp\htdocs\dewibesani\app\Views\errors\html\debug.js): Failed to open stream: No such file or directory in C:\xampp\htdocs\dewibesani\app\Views\errors\html\error_exception.php:14
Stack trace:
#0 [internal function]: CodeIgniter\Debug\Exceptions->errorHandler(2, 'file_get_conten...', 'C:\\xampp\\htdocs...', 14)
#1 C:\xampp\htdocs\dewibesani\app\Views\errors\html\error_exception.php(14): file_get_contents('C:\\xampp\\htdocs...')
#2 C:\xampp\htdocs\dewibesani\system\Debug\Exceptions.php(284): include('C:\\xampp\\htdocs...')
#3 C:\xampp\htdocs\dewibesani\system\Debug\Exceptions.php(287): CodeIgniter\Debug\Exceptions->CodeIgniter\Debug\{closure}()
#4 C:\xampp\htdocs\dewibesani\system\Debug\Exceptions.php(139): CodeIgniter\Debug\Exceptions->render(Object(CodeIgniter\View\Exceptions\ViewException), 500)
#5 [internal function]: CodeIgniter\Debug\Exceptions->exceptionHandler(Object(CodeIgniter\View\Exceptions\ViewException))
#6 {main}
  thrown
in APPPATH\Views\errors\html\error_exception.php on line 14.
 1 [internal function]: CodeIgniter\Debug\Exceptions->shutdownHandler()
CRITICAL - 2023-10-27 05:49:56 --> Invalid file: operator/photodetail.php
in SYSTEMPATH\Exceptions\FrameworkException.php on line 33.
 1 SYSTEMPATH\View\View.php(201): CodeIgniter\Exceptions\FrameworkException::forInvalidFile('operator/photodetail.php')
 2 SYSTEMPATH\Common.php(1134): CodeIgniter\View\View->render('operator/photodetail', [], true)
 3 APPPATH\Controllers\Operator_photo.php(58): view('operator/photodetail', [...])
 4 SYSTEMPATH\CodeIgniter.php(927): App\Controllers\Operator_photo->detail('2')
 5 SYSTEMPATH\CodeIgniter.php(482): CodeIgniter\CodeIgniter->runController(Object(App\Controllers\Operator_photo))
 6 SYSTEMPATH\CodeIgniter.php(351): CodeIgniter\CodeIgniter->handleRequest(null, Object(Config\Cache), false)
 7 FCPATH\index.php(67): CodeIgniter\CodeIgniter->run()
 8 SYSTEMPATH\Commands\Server\rewrite.php(46): require_once('FCPATH\\index.php')
CRITICAL - 2023-10-27 05:49:56 --> Uncaught ErrorException: file_get_contents(C:\xampp\htdocs\dewibesani\app\Views\errors\html\debug.js): Failed to open stream: No such file or directory in C:\xampp\htdocs\dewibesani\app\Views\errors\html\error_exception.php:14
Stack trace:
#0 [internal function]: CodeIgniter\Debug\Exceptions->errorHandler(2, 'file_get_conten...', 'C:\\xampp\\htdocs...', 14)
#1 C:\xampp\htdocs\dewibesani\app\Views\errors\html\error_exception.php(14): file_get_contents('C:\\xampp\\htdocs...')
#2 C:\xampp\htdocs\dewibesani\system\Debug\Exceptions.php(284): include('C:\\xampp\\htdocs...')
#3 C:\xampp\htdocs\dewibesani\system\Debug\Exceptions.php(287): CodeIgniter\Debug\Exceptions->CodeIgniter\Debug\{closure}()
#4 C:\xampp\htdocs\dewibesani\system\Debug\Exceptions.php(139): CodeIgniter\Debug\Exceptions->render(Object(CodeIgniter\View\Exceptions\ViewException), 500)
#5 [internal function]: CodeIgniter\Debug\Exceptions->exceptionHandler(Object(CodeIgniter\View\Exceptions\ViewException))
#6 {main}
  thrown
in APPPATH\Views\errors\html\error_exception.php on line 14.
 1 [internal function]: CodeIgniter\Debug\Exceptions->shutdownHandler()
CRITICAL - 2023-10-27 06:00:24 --> Undefined variable $file
in APPPATH\Controllers\Operator_news.php on line 28.
 1 APPPATH\Controllers\Operator_news.php(28): CodeIgniter\Debug\Exceptions->errorHandler(2, 'Undefined variable $file', 'APPPATH\\Controllers\\Operator_news.php', 28)
 2 SYSTEMPATH\CodeIgniter.php(927): App\Controllers\Operator_news->save()
 3 SYSTEMPATH\CodeIgniter.php(482): CodeIgniter\CodeIgniter->runController(Object(App\Controllers\Operator_news))
 4 SYSTEMPATH\CodeIgniter.php(351): CodeIgniter\CodeIgniter->handleRequest(null, Object(Config\Cache), false)
 5 FCPATH\index.php(67): CodeIgniter\CodeIgniter->run()
 6 SYSTEMPATH\Commands\Server\rewrite.php(46): require_once('FCPATH\\index.php')
CRITICAL - 2023-10-27 06:00:24 --> Uncaught ErrorException: file_get_contents(C:\xampp\htdocs\dewibesani\app\Views\errors\html\debug.js): Failed to open stream: No such file or directory in C:\xampp\htdocs\dewibesani\app\Views\errors\html\error_exception.php:14
Stack trace:
#0 [internal function]: CodeIgniter\Debug\Exceptions->errorHandler(2, 'file_get_conten...', 'C:\\xampp\\htdocs...', 14)
#1 C:\xampp\htdocs\dewibesani\app\Views\errors\html\error_exception.php(14): file_get_contents('C:\\xampp\\htdocs...')
#2 C:\xampp\htdocs\dewibesani\system\Debug\Exceptions.php(284): include('C:\\xampp\\htdocs...')
#3 C:\xampp\htdocs\dewibesani\system\Debug\Exceptions.php(287): CodeIgniter\Debug\Exceptions->CodeIgniter\Debug\{closure}()
#4 C:\xampp\htdocs\dewibesani\system\Debug\Exceptions.php(139): CodeIgniter\Debug\Exceptions->render(Object(ErrorException), 500)
#5 [internal function]: CodeIgniter\Debug\Exceptions->exceptionHandler(Object(ErrorException))
#6 {main}
  thrown
in APPPATH\Views\errors\html\error_exception.php on line 14.
 1 [internal function]: CodeIgniter\Debug\Exceptions->shutdownHandler()
CRITICAL - 2023-10-27 06:11:23 --> unlink(): Argument #2 ($context) must be of type resource or null, string given
in APPPATH\Controllers\Operator_news.php on line 56.
 1 APPPATH\Controllers\Operator_news.php(56): unlink('FCPATH\\assets\\gambar\\profil', '1698404445_d8afa2cb31c6c1b5a0ee.jpeg')
 2 SYSTEMPATH\CodeIgniter.php(927): App\Controllers\Operator_news->change()
 3 SYSTEMPATH\CodeIgniter.php(482): CodeIgniter\CodeIgniter->runController(Object(App\Controllers\Operator_news))
 4 SYSTEMPATH\CodeIgniter.php(351): CodeIgniter\CodeIgniter->handleRequest(null, Object(Config\Cache), false)
 5 FCPATH\index.php(67): CodeIgniter\CodeIgniter->run()
 6 SYSTEMPATH\Commands\Server\rewrite.php(46): require_once('FCPATH\\index.php')
CRITICAL - 2023-10-27 06:11:23 --> Uncaught ErrorException: file_get_contents(C:\xampp\htdocs\dewibesani\app\Views\errors\html\debug.js): Failed to open stream: No such file or directory in C:\xampp\htdocs\dewibesani\app\Views\errors\html\error_exception.php:14
Stack trace:
#0 [internal function]: CodeIgniter\Debug\Exceptions->errorHandler(2, 'file_get_conten...', 'C:\\xampp\\htdocs...', 14)
#1 C:\xampp\htdocs\dewibesani\app\Views\errors\html\error_exception.php(14): file_get_contents('C:\\xampp\\htdocs...')
#2 C:\xampp\htdocs\dewibesani\system\Debug\Exceptions.php(284): include('C:\\xampp\\htdocs...')
#3 C:\xampp\htdocs\dewibesani\system\Debug\Exceptions.php(287): CodeIgniter\Debug\Exceptions->CodeIgniter\Debug\{closure}()
#4 C:\xampp\htdocs\dewibesani\system\Debug\Exceptions.php(139): CodeIgniter\Debug\Exceptions->render(Object(TypeError), 500)
#5 [internal function]: CodeIgniter\Debug\Exceptions->exceptionHandler(Object(TypeError))
#6 {main}
  thrown
in APPPATH\Views\errors\html\error_exception.php on line 14.
 1 [internal function]: CodeIgniter\Debug\Exceptions->shutdownHandler()
CRITICAL - 2023-10-27 06:12:03 --> unlink(): Argument #2 ($context) must be of type resource or null, string given
in APPPATH\Controllers\Operator_news.php on line 56.
 1 APPPATH\Controllers\Operator_news.php(56): unlink('FCPATH\\assets\\gambar\\profil', '1698404445_d8afa2cb31c6c1b5a0ee.jpeg')
 2 SYSTEMPATH\CodeIgniter.php(927): App\Controllers\Operator_news->change()
 3 SYSTEMPATH\CodeIgniter.php(482): CodeIgniter\CodeIgniter->runController(Object(App\Controllers\Operator_news))
 4 SYSTEMPATH\CodeIgniter.php(351): CodeIgniter\CodeIgniter->handleRequest(null, Object(Config\Cache), false)
 5 FCPATH\index.php(67): CodeIgniter\CodeIgniter->run()
 6 SYSTEMPATH\Commands\Server\rewrite.php(46): require_once('FCPATH\\index.php')
CRITICAL - 2023-10-27 06:12:03 --> Uncaught ErrorException: file_get_contents(C:\xampp\htdocs\dewibesani\app\Views\errors\html\debug.js): Failed to open stream: No such file or directory in C:\xampp\htdocs\dewibesani\app\Views\errors\html\error_exception.php:14
Stack trace:
#0 [internal function]: CodeIgniter\Debug\Exceptions->errorHandler(2, 'file_get_conten...', 'C:\\xampp\\htdocs...', 14)
#1 C:\xampp\htdocs\dewibesani\app\Views\errors\html\error_exception.php(14): file_get_contents('C:\\xampp\\htdocs...')
#2 C:\xampp\htdocs\dewibesani\system\Debug\Exceptions.php(284): include('C:\\xampp\\htdocs...')
#3 C:\xampp\htdocs\dewibesani\system\Debug\Exceptions.php(287): CodeIgniter\Debug\Exceptions->CodeIgniter\Debug\{closure}()
#4 C:\xampp\htdocs\dewibesani\system\Debug\Exceptions.php(139): CodeIgniter\Debug\Exceptions->render(Object(TypeError), 500)
#5 [internal function]: CodeIgniter\Debug\Exceptions->exceptionHandler(Object(TypeError))
#6 {main}
  thrown
in APPPATH\Views\errors\html\error_exception.php on line 14.
 1 [internal function]: CodeIgniter\Debug\Exceptions->shutdownHandler()
CRITICAL - 2023-10-27 06:12:41 --> unlink(): Argument #2 ($context) must be of type resource or null, string given
in APPPATH\Controllers\Operator_news.php on line 56.
 1 APPPATH\Controllers\Operator_news.php(56): unlink('FCPATH\\assets\\gambar\\profil', '1698404445_d8afa2cb31c6c1b5a0ee.jpeg')
 2 SYSTEMPATH\CodeIgniter.php(927): App\Controllers\Operator_news->change()
 3 SYSTEMPATH\CodeIgniter.php(482): CodeIgniter\CodeIgniter->runController(Object(App\Controllers\Operator_news))
 4 SYSTEMPATH\CodeIgniter.php(351): CodeIgniter\CodeIgniter->handleRequest(null, Object(Config\Cache), false)
 5 FCPATH\index.php(67): CodeIgniter\CodeIgniter->run()
 6 SYSTEMPATH\Commands\Server\rewrite.php(46): require_once('FCPATH\\index.php')
CRITICAL - 2023-10-27 06:12:41 --> Uncaught ErrorException: file_get_contents(C:\xampp\htdocs\dewibesani\app\Views\errors\html\debug.js): Failed to open stream: No such file or directory in C:\xampp\htdocs\dewibesani\app\Views\errors\html\error_exception.php:14
Stack trace:
#0 [internal function]: CodeIgniter\Debug\Exceptions->errorHandler(2, 'file_get_conten...', 'C:\\xampp\\htdocs...', 14)
#1 C:\xampp\htdocs\dewibesani\app\Views\errors\html\error_exception.php(14): file_get_contents('C:\\xampp\\htdocs...')
#2 C:\xampp\htdocs\dewibesani\system\Debug\Exceptions.php(284): include('C:\\xampp\\htdocs...')
#3 C:\xampp\htdocs\dewibesani\system\Debug\Exceptions.php(287): CodeIgniter\Debug\Exceptions->CodeIgniter\Debug\{closure}()
#4 C:\xampp\htdocs\dewibesani\system\Debug\Exceptions.php(139): CodeIgniter\Debug\Exceptions->render(Object(TypeError), 500)
#5 [internal function]: CodeIgniter\Debug\Exceptions->exceptionHandler(Object(TypeError))
#6 {main}
  thrown
in APPPATH\Views\errors\html\error_exception.php on line 14.
 1 [internal function]: CodeIgniter\Debug\Exceptions->shutdownHandler()
CRITICAL - 2023-10-27 06:12:53 --> unlink(): Argument #2 ($context) must be of type resource or null, string given
in APPPATH\Controllers\Operator_news.php on line 56.
 1 APPPATH\Controllers\Operator_news.php(56): unlink('FCPATH\\assets\\gambar\\profil', '1698404445_d8afa2cb31c6c1b5a0ee.jpeg')
 2 SYSTEMPATH\CodeIgniter.php(927): App\Controllers\Operator_news->change()
 3 SYSTEMPATH\CodeIgniter.php(482): CodeIgniter\CodeIgniter->runController(Object(App\Controllers\Operator_news))
 4 SYSTEMPATH\CodeIgniter.php(351): CodeIgniter\CodeIgniter->handleRequest(null, Object(Config\Cache), false)
 5 FCPATH\index.php(67): CodeIgniter\CodeIgniter->run()
 6 SYSTEMPATH\Commands\Server\rewrite.php(46): require_once('FCPATH\\index.php')
CRITICAL - 2023-10-27 06:12:53 --> Uncaught ErrorException: file_get_contents(C:\xampp\htdocs\dewibesani\app\Views\errors\html\debug.js): Failed to open stream: No such file or directory in C:\xampp\htdocs\dewibesani\app\Views\errors\html\error_exception.php:14
Stack trace:
#0 [internal function]: CodeIgniter\Debug\Exceptions->errorHandler(2, 'file_get_conten...', 'C:\\xampp\\htdocs...', 14)
#1 C:\xampp\htdocs\dewibesani\app\Views\errors\html\error_exception.php(14): file_get_contents('C:\\xampp\\htdocs...')
#2 C:\xampp\htdocs\dewibesani\system\Debug\Exceptions.php(284): include('C:\\xampp\\htdocs...')
#3 C:\xampp\htdocs\dewibesani\system\Debug\Exceptions.php(287): CodeIgniter\Debug\Exceptions->CodeIgniter\Debug\{closure}()
#4 C:\xampp\htdocs\dewibesani\system\Debug\Exceptions.php(139): CodeIgniter\Debug\Exceptions->render(Object(TypeError), 500)
#5 [internal function]: CodeIgniter\Debug\Exceptions->exceptionHandler(Object(TypeError))
#6 {main}
  thrown
in APPPATH\Views\errors\html\error_exception.php on line 14.
 1 [internal function]: CodeIgniter\Debug\Exceptions->shutdownHandler()
CRITICAL - 2023-10-27 06:13:19 --> Undefined variable $data
in APPPATH\Controllers\Operator_news.php on line 64.
 1 APPPATH\Controllers\Operator_news.php(64): CodeIgniter\Debug\Exceptions->errorHandler(2, 'Undefined variable $data', 'APPPATH\\Controllers\\Operator_news.php', 64)
 2 SYSTEMPATH\CodeIgniter.php(927): App\Controllers\Operator_news->change()
 3 SYSTEMPATH\CodeIgniter.php(482): CodeIgniter\CodeIgniter->runController(Object(App\Controllers\Operator_news))
 4 SYSTEMPATH\CodeIgniter.php(351): CodeIgniter\CodeIgniter->handleRequest(null, Object(Config\Cache), false)
 5 FCPATH\index.php(67): CodeIgniter\CodeIgniter->run()
 6 SYSTEMPATH\Commands\Server\rewrite.php(46): require_once('FCPATH\\index.php')
CRITICAL - 2023-10-27 06:13:19 --> Uncaught ErrorException: file_get_contents(C:\xampp\htdocs\dewibesani\app\Views\errors\html\debug.js): Failed to open stream: No such file or directory in C:\xampp\htdocs\dewibesani\app\Views\errors\html\error_exception.php:14
Stack trace:
#0 [internal function]: CodeIgniter\Debug\Exceptions->errorHandler(2, 'file_get_conten...', 'C:\\xampp\\htdocs...', 14)
#1 C:\xampp\htdocs\dewibesani\app\Views\errors\html\error_exception.php(14): file_get_contents('C:\\xampp\\htdocs...')
#2 C:\xampp\htdocs\dewibesani\system\Debug\Exceptions.php(284): include('C:\\xampp\\htdocs...')
#3 C:\xampp\htdocs\dewibesani\system\Debug\Exceptions.php(287): CodeIgniter\Debug\Exceptions->CodeIgniter\Debug\{closure}()
#4 C:\xampp\htdocs\dewibesani\system\Debug\Exceptions.php(139): CodeIgniter\Debug\Exceptions->render(Object(ErrorException), 500)
#5 [internal function]: CodeIgniter\Debug\Exceptions->exceptionHandler(Object(ErrorException))
#6 {main}
  thrown
in APPPATH\Views\errors\html\error_exception.php on line 14.
 1 [internal function]: CodeIgniter\Debug\Exceptions->shutdownHandler()
CRITICAL - 2023-10-27 06:15:00 --> Undefined variable $data
in APPPATH\Controllers\Operator_news.php on line 64.
 1 APPPATH\Controllers\Operator_news.php(64): CodeIgniter\Debug\Exceptions->errorHandler(2, 'Undefined variable $data', 'APPPATH\\Controllers\\Operator_news.php', 64)
 2 SYSTEMPATH\CodeIgniter.php(927): App\Controllers\Operator_news->change()
 3 SYSTEMPATH\CodeIgniter.php(482): CodeIgniter\CodeIgniter->runController(Object(App\Controllers\Operator_news))
 4 SYSTEMPATH\CodeIgniter.php(351): CodeIgniter\CodeIgniter->handleRequest(null, Object(Config\Cache), false)
 5 FCPATH\index.php(67): CodeIgniter\CodeIgniter->run()
 6 SYSTEMPATH\Commands\Server\rewrite.php(46): require_once('FCPATH\\index.php')
CRITICAL - 2023-10-27 06:15:00 --> Uncaught ErrorException: file_get_contents(C:\xampp\htdocs\dewibesani\app\Views\errors\html\debug.js): Failed to open stream: No such file or directory in C:\xampp\htdocs\dewibesani\app\Views\errors\html\error_exception.php:14
Stack trace:
#0 [internal function]: CodeIgniter\Debug\Exceptions->errorHandler(2, 'file_get_conten...', 'C:\\xampp\\htdocs...', 14)
#1 C:\xampp\htdocs\dewibesani\app\Views\errors\html\error_exception.php(14): file_get_contents('C:\\xampp\\htdocs...')
#2 C:\xampp\htdocs\dewibesani\system\Debug\Exceptions.php(284): include('C:\\xampp\\htdocs...')
#3 C:\xampp\htdocs\dewibesani\system\Debug\Exceptions.php(287): CodeIgniter\Debug\Exceptions->CodeIgniter\Debug\{closure}()
#4 C:\xampp\htdocs\dewibesani\system\Debug\Exceptions.php(139): CodeIgniter\Debug\Exceptions->render(Object(ErrorException), 500)
#5 [internal function]: CodeIgniter\Debug\Exceptions->exceptionHandler(Object(ErrorException))
#6 {main}
  thrown
in APPPATH\Views\errors\html\error_exception.php on line 14.
 1 [internal function]: CodeIgniter\Debug\Exceptions->shutdownHandler()
CRITICAL - 2023-10-27 06:15:48 --> unlink(): Argument #2 ($context) must be of type resource or null, string given
in APPPATH\Controllers\Operator_news.php on line 56.
 1 APPPATH\Controllers\Operator_news.php(56): unlink('FCPATH\\assets\\gambar\\profil', '1698404445_d8afa2cb31c6c1b5a0ee.jpeg')
 2 SYSTEMPATH\CodeIgniter.php(927): App\Controllers\Operator_news->change()
 3 SYSTEMPATH\CodeIgniter.php(482): CodeIgniter\CodeIgniter->runController(Object(App\Controllers\Operator_news))
 4 SYSTEMPATH\CodeIgniter.php(351): CodeIgniter\CodeIgniter->handleRequest(null, Object(Config\Cache), false)
 5 FCPATH\index.php(67): CodeIgniter\CodeIgniter->run()
 6 SYSTEMPATH\Commands\Server\rewrite.php(46): require_once('FCPATH\\index.php')
CRITICAL - 2023-10-27 06:15:48 --> Uncaught ErrorException: file_get_contents(C:\xampp\htdocs\dewibesani\app\Views\errors\html\debug.js): Failed to open stream: No such file or directory in C:\xampp\htdocs\dewibesani\app\Views\errors\html\error_exception.php:14
Stack trace:
#0 [internal function]: CodeIgniter\Debug\Exceptions->errorHandler(2, 'file_get_conten...', 'C:\\xampp\\htdocs...', 14)
#1 C:\xampp\htdocs\dewibesani\app\Views\errors\html\error_exception.php(14): file_get_contents('C:\\xampp\\htdocs...')
#2 C:\xampp\htdocs\dewibesani\system\Debug\Exceptions.php(284): include('C:\\xampp\\htdocs...')
#3 C:\xampp\htdocs\dewibesani\system\Debug\Exceptions.php(287): CodeIgniter\Debug\Exceptions->CodeIgniter\Debug\{closure}()
#4 C:\xampp\htdocs\dewibesani\system\Debug\Exceptions.php(139): CodeIgniter\Debug\Exceptions->render(Object(TypeError), 500)
#5 [internal function]: CodeIgniter\Debug\Exceptions->exceptionHandler(Object(TypeError))
#6 {main}
  thrown
in APPPATH\Views\errors\html\error_exception.php on line 14.
 1 [internal function]: CodeIgniter\Debug\Exceptions->shutdownHandler()
CRITICAL - 2023-10-27 06:22:35 --> unlink(): Argument #2 ($context) must be of type resource or null, string given
in APPPATH\Controllers\Operator_news.php on line 56.
 1 APPPATH\Controllers\Operator_news.php(56): unlink('FCPATH\\assets\\gambar\\profil', '1698404445_d8afa2cb31c6c1b5a0ee.jpeg')
 2 SYSTEMPATH\CodeIgniter.php(927): App\Controllers\Operator_news->change()
 3 SYSTEMPATH\CodeIgniter.php(482): CodeIgniter\CodeIgniter->runController(Object(App\Controllers\Operator_news))
 4 SYSTEMPATH\CodeIgniter.php(351): CodeIgniter\CodeIgniter->handleRequest(null, Object(Config\Cache), false)
 5 FCPATH\index.php(67): CodeIgniter\CodeIgniter->run()
 6 SYSTEMPATH\Commands\Server\rewrite.php(46): require_once('FCPATH\\index.php')
CRITICAL - 2023-10-27 06:22:35 --> Uncaught ErrorException: file_get_contents(C:\xampp\htdocs\dewibesani\app\Views\errors\html\debug.js): Failed to open stream: No such file or directory in C:\xampp\htdocs\dewibesani\app\Views\errors\html\error_exception.php:14
Stack trace:
#0 [internal function]: CodeIgniter\Debug\Exceptions->errorHandler(2, 'file_get_conten...', 'C:\\xampp\\htdocs...', 14)
#1 C:\xampp\htdocs\dewibesani\app\Views\errors\html\error_exception.php(14): file_get_contents('C:\\xampp\\htdocs...')
#2 C:\xampp\htdocs\dewibesani\system\Debug\Exceptions.php(284): include('C:\\xampp\\htdocs...')
#3 C:\xampp\htdocs\dewibesani\system\Debug\Exceptions.php(287): CodeIgniter\Debug\Exceptions->CodeIgniter\Debug\{closure}()
#4 C:\xampp\htdocs\dewibesani\system\Debug\Exceptions.php(139): CodeIgniter\Debug\Exceptions->render(Object(TypeError), 500)
#5 [internal function]: CodeIgniter\Debug\Exceptions->exceptionHandler(Object(TypeError))
#6 {main}
  thrown
in APPPATH\Views\errors\html\error_exception.php on line 14.
 1 [internal function]: CodeIgniter\Debug\Exceptions->shutdownHandler()
CRITICAL - 2023-10-27 06:23:28 --> Undefined variable $data
in APPPATH\Controllers\Operator_news.php on line 74.
 1 APPPATH\Controllers\Operator_news.php(74): CodeIgniter\Debug\Exceptions->errorHandler(2, 'Undefined variable $data', 'APPPATH\\Controllers\\Operator_news.php', 74)
 2 SYSTEMPATH\CodeIgniter.php(927): App\Controllers\Operator_news->change()
 3 SYSTEMPATH\CodeIgniter.php(482): CodeIgniter\CodeIgniter->runController(Object(App\Controllers\Operator_news))
 4 SYSTEMPATH\CodeIgniter.php(351): CodeIgniter\CodeIgniter->handleRequest(null, Object(Config\Cache), false)
 5 FCPATH\index.php(67): CodeIgniter\CodeIgniter->run()
 6 SYSTEMPATH\Commands\Server\rewrite.php(46): require_once('FCPATH\\index.php')
CRITICAL - 2023-10-27 06:23:28 --> Uncaught ErrorException: file_get_contents(C:\xampp\htdocs\dewibesani\app\Views\errors\html\debug.js): Failed to open stream: No such file or directory in C:\xampp\htdocs\dewibesani\app\Views\errors\html\error_exception.php:14
Stack trace:
#0 [internal function]: CodeIgniter\Debug\Exceptions->errorHandler(2, 'file_get_conten...', 'C:\\xampp\\htdocs...', 14)
#1 C:\xampp\htdocs\dewibesani\app\Views\errors\html\error_exception.php(14): file_get_contents('C:\\xampp\\htdocs...')
#2 C:\xampp\htdocs\dewibesani\system\Debug\Exceptions.php(284): include('C:\\xampp\\htdocs...')
#3 C:\xampp\htdocs\dewibesani\system\Debug\Exceptions.php(287): CodeIgniter\Debug\Exceptions->CodeIgniter\Debug\{closure}()
#4 C:\xampp\htdocs\dewibesani\system\Debug\Exceptions.php(139): CodeIgniter\Debug\Exceptions->render(Object(ErrorException), 500)
#5 [internal function]: CodeIgniter\Debug\Exceptions->exceptionHandler(Object(ErrorException))
#6 {main}
  thrown
in APPPATH\Views\errors\html\error_exception.php on line 14.
 1 [internal function]: CodeIgniter\Debug\Exceptions->shutdownHandler()
CRITICAL - 2023-10-27 06:25:38 --> unlink(): Argument #2 ($context) must be of type resource or null, string given
in APPPATH\Controllers\Operator_news.php on line 56.
 1 APPPATH\Controllers\Operator_news.php(56): unlink('FCPATH\\assets\\gambar\\profil', '1698404445_d8afa2cb31c6c1b5a0ee.jpeg')
 2 SYSTEMPATH\CodeIgniter.php(927): App\Controllers\Operator_news->change()
 3 SYSTEMPATH\CodeIgniter.php(482): CodeIgniter\CodeIgniter->runController(Object(App\Controllers\Operator_news))
 4 SYSTEMPATH\CodeIgniter.php(351): CodeIgniter\CodeIgniter->handleRequest(null, Object(Config\Cache), false)
 5 FCPATH\index.php(67): CodeIgniter\CodeIgniter->run()
 6 SYSTEMPATH\Commands\Server\rewrite.php(46): require_once('FCPATH\\index.php')
CRITICAL - 2023-10-27 06:25:38 --> Uncaught ErrorException: file_get_contents(C:\xampp\htdocs\dewibesani\app\Views\errors\html\debug.js): Failed to open stream: No such file or directory in C:\xampp\htdocs\dewibesani\app\Views\errors\html\error_exception.php:14
Stack trace:
#0 [internal function]: CodeIgniter\Debug\Exceptions->errorHandler(2, 'file_get_conten...', 'C:\\xampp\\htdocs...', 14)
#1 C:\xampp\htdocs\dewibesani\app\Views\errors\html\error_exception.php(14): file_get_contents('C:\\xampp\\htdocs...')
#2 C:\xampp\htdocs\dewibesani\system\Debug\Exceptions.php(284): include('C:\\xampp\\htdocs...')
#3 C:\xampp\htdocs\dewibesani\system\Debug\Exceptions.php(287): CodeIgniter\Debug\Exceptions->CodeIgniter\Debug\{closure}()
#4 C:\xampp\htdocs\dewibesani\system\Debug\Exceptions.php(139): CodeIgniter\Debug\Exceptions->render(Object(TypeError), 500)
#5 [internal function]: CodeIgniter\Debug\Exceptions->exceptionHandler(Object(TypeError))
#6 {main}
  thrown
in APPPATH\Views\errors\html\error_exception.php on line 14.
 1 [internal function]: CodeIgniter\Debug\Exceptions->shutdownHandler()
CRITICAL - 2023-10-27 06:25:51 --> unlink(): Argument #2 ($context) must be of type resource or null, string given
in APPPATH\Controllers\Operator_news.php on line 56.
 1 APPPATH\Controllers\Operator_news.php(56): unlink('FCPATH\\assets\\gambar\\profil', '1698404445_d8afa2cb31c6c1b5a0ee.jpeg')
 2 SYSTEMPATH\CodeIgniter.php(927): App\Controllers\Operator_news->change()
 3 SYSTEMPATH\CodeIgniter.php(482): CodeIgniter\CodeIgniter->runController(Object(App\Controllers\Operator_news))
 4 SYSTEMPATH\CodeIgniter.php(351): CodeIgniter\CodeIgniter->handleRequest(null, Object(Config\Cache), false)
 5 FCPATH\index.php(67): CodeIgniter\CodeIgniter->run()
 6 SYSTEMPATH\Commands\Server\rewrite.php(46): require_once('FCPATH\\index.php')
CRITICAL - 2023-10-27 06:25:51 --> Uncaught ErrorException: file_get_contents(C:\xampp\htdocs\dewibesani\app\Views\errors\html\debug.js): Failed to open stream: No such file or directory in C:\xampp\htdocs\dewibesani\app\Views\errors\html\error_exception.php:14
Stack trace:
#0 [internal function]: CodeIgniter\Debug\Exceptions->errorHandler(2, 'file_get_conten...', 'C:\\xampp\\htdocs...', 14)
#1 C:\xampp\htdocs\dewibesani\app\Views\errors\html\error_exception.php(14): file_get_contents('C:\\xampp\\htdocs...')
#2 C:\xampp\htdocs\dewibesani\system\Debug\Exceptions.php(284): include('C:\\xampp\\htdocs...')
#3 C:\xampp\htdocs\dewibesani\system\Debug\Exceptions.php(287): CodeIgniter\Debug\Exceptions->CodeIgniter\Debug\{closure}()
#4 C:\xampp\htdocs\dewibesani\system\Debug\Exceptions.php(139): CodeIgniter\Debug\Exceptions->render(Object(TypeError), 500)
#5 [internal function]: CodeIgniter\Debug\Exceptions->exceptionHandler(Object(TypeError))
#6 {main}
  thrown
in APPPATH\Views\errors\html\error_exception.php on line 14.
 1 [internal function]: CodeIgniter\Debug\Exceptions->shutdownHandler()
CRITICAL - 2023-10-27 06:26:23 --> unlink(): Argument #2 ($context) must be of type resource or null, string given
in APPPATH\Controllers\Operator_news.php on line 56.
 1 APPPATH\Controllers\Operator_news.php(56): unlink('FCPATH\\assets\\gambar\\profil', '1698404445_d8afa2cb31c6c1b5a0ee.jpeg')
 2 SYSTEMPATH\CodeIgniter.php(927): App\Controllers\Operator_news->change()
 3 SYSTEMPATH\CodeIgniter.php(482): CodeIgniter\CodeIgniter->runController(Object(App\Controllers\Operator_news))
 4 SYSTEMPATH\CodeIgniter.php(351): CodeIgniter\CodeIgniter->handleRequest(null, Object(Config\Cache), false)
 5 FCPATH\index.php(67): CodeIgniter\CodeIgniter->run()
 6 SYSTEMPATH\Commands\Server\rewrite.php(46): require_once('FCPATH\\index.php')
CRITICAL - 2023-10-27 06:26:23 --> Uncaught ErrorException: file_get_contents(C:\xampp\htdocs\dewibesani\app\Views\errors\html\debug.js): Failed to open stream: No such file or directory in C:\xampp\htdocs\dewibesani\app\Views\errors\html\error_exception.php:14
Stack trace:
#0 [internal function]: CodeIgniter\Debug\Exceptions->errorHandler(2, 'file_get_conten...', 'C:\\xampp\\htdocs...', 14)
#1 C:\xampp\htdocs\dewibesani\app\Views\errors\html\error_exception.php(14): file_get_contents('C:\\xampp\\htdocs...')
#2 C:\xampp\htdocs\dewibesani\system\Debug\Exceptions.php(284): include('C:\\xampp\\htdocs...')
#3 C:\xampp\htdocs\dewibesani\system\Debug\Exceptions.php(287): CodeIgniter\Debug\Exceptions->CodeIgniter\Debug\{closure}()
#4 C:\xampp\htdocs\dewibesani\system\Debug\Exceptions.php(139): CodeIgniter\Debug\Exceptions->render(Object(TypeError), 500)
#5 [internal function]: CodeIgniter\Debug\Exceptions->exceptionHandler(Object(TypeError))
#6 {main}
  thrown
in APPPATH\Views\errors\html\error_exception.php on line 14.
 1 [internal function]: CodeIgniter\Debug\Exceptions->shutdownHandler()
CRITICAL - 2023-10-27 06:26:54 --> unlink(./assets/gambar/profil/1698404445_d8afa2cb31c6c1b5a0ee.jpeg): No such file or directory
in APPPATH\Controllers\Operator_news.php on line 56.
 1 [internal function]: CodeIgniter\Debug\Exceptions->errorHandler(2, 'unlink(./assets/gambar/profil/1698404445_d8afa2cb31c6c1b5a0ee.jpeg): No such file or directory', 'APPPATH\\Controllers\\Operator_news.php', 56)
 2 APPPATH\Controllers\Operator_news.php(56): unlink('./assets/gambar/profil/1698404445_d8afa2cb31c6c1b5a0ee.jpeg')
 3 SYSTEMPATH\CodeIgniter.php(927): App\Controllers\Operator_news->change()
 4 SYSTEMPATH\CodeIgniter.php(482): CodeIgniter\CodeIgniter->runController(Object(App\Controllers\Operator_news))
 5 SYSTEMPATH\CodeIgniter.php(351): CodeIgniter\CodeIgniter->handleRequest(null, Object(Config\Cache), false)
 6 FCPATH\index.php(67): CodeIgniter\CodeIgniter->run()
 7 SYSTEMPATH\Commands\Server\rewrite.php(46): require_once('FCPATH\\index.php')
CRITICAL - 2023-10-27 06:26:54 --> Uncaught ErrorException: file_get_contents(C:\xampp\htdocs\dewibesani\app\Views\errors\html\debug.js): Failed to open stream: No such file or directory in C:\xampp\htdocs\dewibesani\app\Views\errors\html\error_exception.php:14
Stack trace:
#0 [internal function]: CodeIgniter\Debug\Exceptions->errorHandler(2, 'file_get_conten...', 'C:\\xampp\\htdocs...', 14)
#1 C:\xampp\htdocs\dewibesani\app\Views\errors\html\error_exception.php(14): file_get_contents('C:\\xampp\\htdocs...')
#2 C:\xampp\htdocs\dewibesani\system\Debug\Exceptions.php(284): include('C:\\xampp\\htdocs...')
#3 C:\xampp\htdocs\dewibesani\system\Debug\Exceptions.php(287): CodeIgniter\Debug\Exceptions->CodeIgniter\Debug\{closure}()
#4 C:\xampp\htdocs\dewibesani\system\Debug\Exceptions.php(139): CodeIgniter\Debug\Exceptions->render(Object(ErrorException), 500)
#5 [internal function]: CodeIgniter\Debug\Exceptions->exceptionHandler(Object(ErrorException))
#6 {main}
  thrown
in APPPATH\Views\errors\html\error_exception.php on line 14.
 1 [internal function]: CodeIgniter\Debug\Exceptions->shutdownHandler()
CRITICAL - 2023-10-27 06:27:15 --> unlink(./assets/gambar/profil/1698404445_d8afa2cb31c6c1b5a0ee.jpeg): No such file or directory
in APPPATH\Controllers\Operator_news.php on line 56.
 1 [internal function]: CodeIgniter\Debug\Exceptions->errorHandler(2, 'unlink(./assets/gambar/profil/1698404445_d8afa2cb31c6c1b5a0ee.jpeg): No such file or directory', 'APPPATH\\Controllers\\Operator_news.php', 56)
 2 APPPATH\Controllers\Operator_news.php(56): unlink('./assets/gambar/profil/1698404445_d8afa2cb31c6c1b5a0ee.jpeg')
 3 SYSTEMPATH\CodeIgniter.php(927): App\Controllers\Operator_news->change()
 4 SYSTEMPATH\CodeIgniter.php(482): CodeIgniter\CodeIgniter->runController(Object(App\Controllers\Operator_news))
 5 SYSTEMPATH\CodeIgniter.php(351): CodeIgniter\CodeIgniter->handleRequest(null, Object(Config\Cache), false)
 6 FCPATH\index.php(67): CodeIgniter\CodeIgniter->run()
 7 SYSTEMPATH\Commands\Server\rewrite.php(46): require_once('FCPATH\\index.php')
CRITICAL - 2023-10-27 06:27:15 --> Uncaught ErrorException: file_get_contents(C:\xampp\htdocs\dewibesani\app\Views\errors\html\debug.js): Failed to open stream: No such file or directory in C:\xampp\htdocs\dewibesani\app\Views\errors\html\error_exception.php:14
Stack trace:
#0 [internal function]: CodeIgniter\Debug\Exceptions->errorHandler(2, 'file_get_conten...', 'C:\\xampp\\htdocs...', 14)
#1 C:\xampp\htdocs\dewibesani\app\Views\errors\html\error_exception.php(14): file_get_contents('C:\\xampp\\htdocs...')
#2 C:\xampp\htdocs\dewibesani\system\Debug\Exceptions.php(284): include('C:\\xampp\\htdocs...')
#3 C:\xampp\htdocs\dewibesani\system\Debug\Exceptions.php(287): CodeIgniter\Debug\Exceptions->CodeIgniter\Debug\{closure}()
#4 C:\xampp\htdocs\dewibesani\system\Debug\Exceptions.php(139): CodeIgniter\Debug\Exceptions->render(Object(ErrorException), 500)
#5 [internal function]: CodeIgniter\Debug\Exceptions->exceptionHandler(Object(ErrorException))
#6 {main}
  thrown
in APPPATH\Views\errors\html\error_exception.php on line 14.
 1 [internal function]: CodeIgniter\Debug\Exceptions->shutdownHandler()
CRITICAL - 2023-10-27 06:27:44 --> unlink(./assets/gambar/profil/1698404445_d8afa2cb31c6c1b5a0ee.jpeg): No such file or directory
in APPPATH\Controllers\Operator_news.php on line 56.
 1 [internal function]: CodeIgniter\Debug\Exceptions->errorHandler(2, 'unlink(./assets/gambar/profil/1698404445_d8afa2cb31c6c1b5a0ee.jpeg): No such file or directory', 'APPPATH\\Controllers\\Operator_news.php', 56)
 2 APPPATH\Controllers\Operator_news.php(56): unlink('./assets/gambar/profil/1698404445_d8afa2cb31c6c1b5a0ee.jpeg')
 3 SYSTEMPATH\CodeIgniter.php(927): App\Controllers\Operator_news->change()
 4 SYSTEMPATH\CodeIgniter.php(482): CodeIgniter\CodeIgniter->runController(Object(App\Controllers\Operator_news))
 5 SYSTEMPATH\CodeIgniter.php(351): CodeIgniter\CodeIgniter->handleRequest(null, Object(Config\Cache), false)
 6 FCPATH\index.php(67): CodeIgniter\CodeIgniter->run()
 7 SYSTEMPATH\Commands\Server\rewrite.php(46): require_once('FCPATH\\index.php')
CRITICAL - 2023-10-27 06:27:44 --> Uncaught ErrorException: file_get_contents(C:\xampp\htdocs\dewibesani\app\Views\errors\html\debug.js): Failed to open stream: No such file or directory in C:\xampp\htdocs\dewibesani\app\Views\errors\html\error_exception.php:14
Stack trace:
#0 [internal function]: CodeIgniter\Debug\Exceptions->errorHandler(2, 'file_get_conten...', 'C:\\xampp\\htdocs...', 14)
#1 C:\xampp\htdocs\dewibesani\app\Views\errors\html\error_exception.php(14): file_get_contents('C:\\xampp\\htdocs...')
#2 C:\xampp\htdocs\dewibesani\system\Debug\Exceptions.php(284): include('C:\\xampp\\htdocs...')
#3 C:\xampp\htdocs\dewibesani\system\Debug\Exceptions.php(287): CodeIgniter\Debug\Exceptions->CodeIgniter\Debug\{closure}()
#4 C:\xampp\htdocs\dewibesani\system\Debug\Exceptions.php(139): CodeIgniter\Debug\Exceptions->render(Object(ErrorException), 500)
#5 [internal function]: CodeIgniter\Debug\Exceptions->exceptionHandler(Object(ErrorException))
#6 {main}
  thrown
in APPPATH\Views\errors\html\error_exception.php on line 14.
 1 [internal function]: CodeIgniter\Debug\Exceptions->shutdownHandler()
CRITICAL - 2023-10-27 06:27:50 --> unlink(./assets/gambar/profil/1698404445_d8afa2cb31c6c1b5a0ee.jpeg): No such file or directory
in APPPATH\Controllers\Operator_news.php on line 57.
 1 [internal function]: CodeIgniter\Debug\Exceptions->errorHandler(2, 'unlink(./assets/gambar/profil/1698404445_d8afa2cb31c6c1b5a0ee.jpeg): No such file or directory', 'APPPATH\\Controllers\\Operator_news.php', 57)
 2 APPPATH\Controllers\Operator_news.php(57): unlink('./assets/gambar/profil/1698404445_d8afa2cb31c6c1b5a0ee.jpeg')
 3 SYSTEMPATH\CodeIgniter.php(927): App\Controllers\Operator_news->change()
 4 SYSTEMPATH\CodeIgniter.php(482): CodeIgniter\CodeIgniter->runController(Object(App\Controllers\Operator_news))
 5 SYSTEMPATH\CodeIgniter.php(351): CodeIgniter\CodeIgniter->handleRequest(null, Object(Config\Cache), false)
 6 FCPATH\index.php(67): CodeIgniter\CodeIgniter->run()
 7 SYSTEMPATH\Commands\Server\rewrite.php(46): require_once('FCPATH\\index.php')
CRITICAL - 2023-10-27 06:27:50 --> Uncaught ErrorException: file_get_contents(C:\xampp\htdocs\dewibesani\app\Views\errors\html\debug.js): Failed to open stream: No such file or directory in C:\xampp\htdocs\dewibesani\app\Views\errors\html\error_exception.php:14
Stack trace:
#0 [internal function]: CodeIgniter\Debug\Exceptions->errorHandler(2, 'file_get_conten...', 'C:\\xampp\\htdocs...', 14)
#1 C:\xampp\htdocs\dewibesani\app\Views\errors\html\error_exception.php(14): file_get_contents('C:\\xampp\\htdocs...')
#2 C:\xampp\htdocs\dewibesani\system\Debug\Exceptions.php(284): include('C:\\xampp\\htdocs...')
#3 C:\xampp\htdocs\dewibesani\system\Debug\Exceptions.php(287): CodeIgniter\Debug\Exceptions->CodeIgniter\Debug\{closure}()
#4 C:\xampp\htdocs\dewibesani\system\Debug\Exceptions.php(139): CodeIgniter\Debug\Exceptions->render(Object(ErrorException), 500)
#5 [internal function]: CodeIgniter\Debug\Exceptions->exceptionHandler(Object(ErrorException))
#6 {main}
  thrown
in APPPATH\Views\errors\html\error_exception.php on line 14.
 1 [internal function]: CodeIgniter\Debug\Exceptions->shutdownHandler()
CRITICAL - 2023-10-27 06:27:58 --> unlink(./assets/gambar/profil/1698404445_d8afa2cb31c6c1b5a0ee.jpeg): No such file or directory
in APPPATH\Controllers\Operator_news.php on line 57.
 1 [internal function]: CodeIgniter\Debug\Exceptions->errorHandler(2, 'unlink(./assets/gambar/profil/1698404445_d8afa2cb31c6c1b5a0ee.jpeg): No such file or directory', 'APPPATH\\Controllers\\Operator_news.php', 57)
 2 APPPATH\Controllers\Operator_news.php(57): unlink('./assets/gambar/profil/1698404445_d8afa2cb31c6c1b5a0ee.jpeg')
 3 SYSTEMPATH\CodeIgniter.php(927): App\Controllers\Operator_news->change()
 4 SYSTEMPATH\CodeIgniter.php(482): CodeIgniter\CodeIgniter->runController(Object(App\Controllers\Operator_news))
 5 SYSTEMPATH\CodeIgniter.php(351): CodeIgniter\CodeIgniter->handleRequest(null, Object(Config\Cache), false)
 6 FCPATH\index.php(67): CodeIgniter\CodeIgniter->run()
 7 SYSTEMPATH\Commands\Server\rewrite.php(46): require_once('FCPATH\\index.php')
CRITICAL - 2023-10-27 06:27:58 --> Uncaught ErrorException: file_get_contents(C:\xampp\htdocs\dewibesani\app\Views\errors\html\debug.js): Failed to open stream: No such file or directory in C:\xampp\htdocs\dewibesani\app\Views\errors\html\error_exception.php:14
Stack trace:
#0 [internal function]: CodeIgniter\Debug\Exceptions->errorHandler(2, 'file_get_conten...', 'C:\\xampp\\htdocs...', 14)
#1 C:\xampp\htdocs\dewibesani\app\Views\errors\html\error_exception.php(14): file_get_contents('C:\\xampp\\htdocs...')
#2 C:\xampp\htdocs\dewibesani\system\Debug\Exceptions.php(284): include('C:\\xampp\\htdocs...')
#3 C:\xampp\htdocs\dewibesani\system\Debug\Exceptions.php(287): CodeIgniter\Debug\Exceptions->CodeIgniter\Debug\{closure}()
#4 C:\xampp\htdocs\dewibesani\system\Debug\Exceptions.php(139): CodeIgniter\Debug\Exceptions->render(Object(ErrorException), 500)
#5 [internal function]: CodeIgniter\Debug\Exceptions->exceptionHandler(Object(ErrorException))
#6 {main}
  thrown
in APPPATH\Views\errors\html\error_exception.php on line 14.
 1 [internal function]: CodeIgniter\Debug\Exceptions->shutdownHandler()
CRITICAL - 2023-10-27 06:28:02 --> unlink(./assets/gambar/profil/1698404445_d8afa2cb31c6c1b5a0ee.jpeg): No such file or directory
in APPPATH\Controllers\Operator_news.php on line 56.
 1 [internal function]: CodeIgniter\Debug\Exceptions->errorHandler(2, 'unlink(./assets/gambar/profil/1698404445_d8afa2cb31c6c1b5a0ee.jpeg): No such file or directory', 'APPPATH\\Controllers\\Operator_news.php', 56)
 2 APPPATH\Controllers\Operator_news.php(56): unlink('./assets/gambar/profil/1698404445_d8afa2cb31c6c1b5a0ee.jpeg')
 3 SYSTEMPATH\CodeIgniter.php(927): App\Controllers\Operator_news->change()
 4 SYSTEMPATH\CodeIgniter.php(482): CodeIgniter\CodeIgniter->runController(Object(App\Controllers\Operator_news))
 5 SYSTEMPATH\CodeIgniter.php(351): CodeIgniter\CodeIgniter->handleRequest(null, Object(Config\Cache), false)
 6 FCPATH\index.php(67): CodeIgniter\CodeIgniter->run()
 7 SYSTEMPATH\Commands\Server\rewrite.php(46): require_once('FCPATH\\index.php')
CRITICAL - 2023-10-27 06:28:02 --> Uncaught ErrorException: file_get_contents(C:\xampp\htdocs\dewibesani\app\Views\errors\html\debug.js): Failed to open stream: No such file or directory in C:\xampp\htdocs\dewibesani\app\Views\errors\html\error_exception.php:14
Stack trace:
#0 [internal function]: CodeIgniter\Debug\Exceptions->errorHandler(2, 'file_get_conten...', 'C:\\xampp\\htdocs...', 14)
#1 C:\xampp\htdocs\dewibesani\app\Views\errors\html\error_exception.php(14): file_get_contents('C:\\xampp\\htdocs...')
#2 C:\xampp\htdocs\dewibesani\system\Debug\Exceptions.php(284): include('C:\\xampp\\htdocs...')
#3 C:\xampp\htdocs\dewibesani\system\Debug\Exceptions.php(287): CodeIgniter\Debug\Exceptions->CodeIgniter\Debug\{closure}()
#4 C:\xampp\htdocs\dewibesani\system\Debug\Exceptions.php(139): CodeIgniter\Debug\Exceptions->render(Object(ErrorException), 500)
#5 [internal function]: CodeIgniter\Debug\Exceptions->exceptionHandler(Object(ErrorException))
#6 {main}
  thrown
in APPPATH\Views\errors\html\error_exception.php on line 14.
 1 [internal function]: CodeIgniter\Debug\Exceptions->shutdownHandler()
CRITICAL - 2023-10-27 06:28:07 --> unlink(./assets/gambar/profil/1698404445_d8afa2cb31c6c1b5a0ee.jpeg): No such file or directory
in APPPATH\Controllers\Operator_news.php on line 56.
 1 [internal function]: CodeIgniter\Debug\Exceptions->errorHandler(2, 'unlink(./assets/gambar/profil/1698404445_d8afa2cb31c6c1b5a0ee.jpeg): No such file or directory', 'APPPATH\\Controllers\\Operator_news.php', 56)
 2 APPPATH\Controllers\Operator_news.php(56): unlink('./assets/gambar/profil/1698404445_d8afa2cb31c6c1b5a0ee.jpeg')
 3 SYSTEMPATH\CodeIgniter.php(927): App\Controllers\Operator_news->change()
 4 SYSTEMPATH\CodeIgniter.php(482): CodeIgniter\CodeIgniter->runController(Object(App\Controllers\Operator_news))
 5 SYSTEMPATH\CodeIgniter.php(351): CodeIgniter\CodeIgniter->handleRequest(null, Object(Config\Cache), false)
 6 FCPATH\index.php(67): CodeIgniter\CodeIgniter->run()
 7 SYSTEMPATH\Commands\Server\rewrite.php(46): require_once('FCPATH\\index.php')
CRITICAL - 2023-10-27 06:28:07 --> Uncaught ErrorException: file_get_contents(C:\xampp\htdocs\dewibesani\app\Views\errors\html\debug.js): Failed to open stream: No such file or directory in C:\xampp\htdocs\dewibesani\app\Views\errors\html\error_exception.php:14
Stack trace:
#0 [internal function]: CodeIgniter\Debug\Exceptions->errorHandler(2, 'file_get_conten...', 'C:\\xampp\\htdocs...', 14)
#1 C:\xampp\htdocs\dewibesani\app\Views\errors\html\error_exception.php(14): file_get_contents('C:\\xampp\\htdocs...')
#2 C:\xampp\htdocs\dewibesani\system\Debug\Exceptions.php(284): include('C:\\xampp\\htdocs...')
#3 C:\xampp\htdocs\dewibesani\system\Debug\Exceptions.php(287): CodeIgniter\Debug\Exceptions->CodeIgniter\Debug\{closure}()
#4 C:\xampp\htdocs\dewibesani\system\Debug\Exceptions.php(139): CodeIgniter\Debug\Exceptions->render(Object(ErrorException), 500)
#5 [internal function]: CodeIgniter\Debug\Exceptions->exceptionHandler(Object(ErrorException))
#6 {main}
  thrown
in APPPATH\Views\errors\html\error_exception.php on line 14.
 1 [internal function]: CodeIgniter\Debug\Exceptions->shutdownHandler()
CRITICAL - 2023-10-27 06:28:13 --> unlink(./assets/gambar/profil/1698404445_d8afa2cb31c6c1b5a0ee.jpeg): No such file or directory
in APPPATH\Controllers\Operator_news.php on line 56.
 1 [internal function]: CodeIgniter\Debug\Exceptions->errorHandler(2, 'unlink(./assets/gambar/profil/1698404445_d8afa2cb31c6c1b5a0ee.jpeg): No such file or directory', 'APPPATH\\Controllers\\Operator_news.php', 56)
 2 APPPATH\Controllers\Operator_news.php(56): unlink('./assets/gambar/profil/1698404445_d8afa2cb31c6c1b5a0ee.jpeg')
 3 SYSTEMPATH\CodeIgniter.php(927): App\Controllers\Operator_news->change()
 4 SYSTEMPATH\CodeIgniter.php(482): CodeIgniter\CodeIgniter->runController(Object(App\Controllers\Operator_news))
 5 SYSTEMPATH\CodeIgniter.php(351): CodeIgniter\CodeIgniter->handleRequest(null, Object(Config\Cache), false)
 6 FCPATH\index.php(67): CodeIgniter\CodeIgniter->run()
 7 SYSTEMPATH\Commands\Server\rewrite.php(46): require_once('FCPATH\\index.php')
CRITICAL - 2023-10-27 06:28:13 --> Uncaught ErrorException: file_get_contents(C:\xampp\htdocs\dewibesani\app\Views\errors\html\debug.js): Failed to open stream: No such file or directory in C:\xampp\htdocs\dewibesani\app\Views\errors\html\error_exception.php:14
Stack trace:
#0 [internal function]: CodeIgniter\Debug\Exceptions->errorHandler(2, 'file_get_conten...', 'C:\\xampp\\htdocs...', 14)
#1 C:\xampp\htdocs\dewibesani\app\Views\errors\html\error_exception.php(14): file_get_contents('C:\\xampp\\htdocs...')
#2 C:\xampp\htdocs\dewibesani\system\Debug\Exceptions.php(284): include('C:\\xampp\\htdocs...')
#3 C:\xampp\htdocs\dewibesani\system\Debug\Exceptions.php(287): CodeIgniter\Debug\Exceptions->CodeIgniter\Debug\{closure}()
#4 C:\xampp\htdocs\dewibesani\system\Debug\Exceptions.php(139): CodeIgniter\Debug\Exceptions->render(Object(ErrorException), 500)
#5 [internal function]: CodeIgniter\Debug\Exceptions->exceptionHandler(Object(ErrorException))
#6 {main}
  thrown
in APPPATH\Views\errors\html\error_exception.php on line 14.
 1 [internal function]: CodeIgniter\Debug\Exceptions->shutdownHandler()
CRITICAL - 2023-10-27 06:28:18 --> unlink(./assets/gambar/profil/1698404445_d8afa2cb31c6c1b5a0ee.jpeg): No such file or directory
in APPPATH\Controllers\Operator_news.php on line 56.
 1 [internal function]: CodeIgniter\Debug\Exceptions->errorHandler(2, 'unlink(./assets/gambar/profil/1698404445_d8afa2cb31c6c1b5a0ee.jpeg): No such file or directory', 'APPPATH\\Controllers\\Operator_news.php', 56)
 2 APPPATH\Controllers\Operator_news.php(56): unlink('./assets/gambar/profil/1698404445_d8afa2cb31c6c1b5a0ee.jpeg')
 3 SYSTEMPATH\CodeIgniter.php(927): App\Controllers\Operator_news->change()
 4 SYSTEMPATH\CodeIgniter.php(482): CodeIgniter\CodeIgniter->runController(Object(App\Controllers\Operator_news))
 5 SYSTEMPATH\CodeIgniter.php(351): CodeIgniter\CodeIgniter->handleRequest(null, Object(Config\Cache), false)
 6 FCPATH\index.php(67): CodeIgniter\CodeIgniter->run()
 7 SYSTEMPATH\Commands\Server\rewrite.php(46): require_once('FCPATH\\index.php')
CRITICAL - 2023-10-27 06:28:18 --> Uncaught ErrorException: file_get_contents(C:\xampp\htdocs\dewibesani\app\Views\errors\html\debug.js): Failed to open stream: No such file or directory in C:\xampp\htdocs\dewibesani\app\Views\errors\html\error_exception.php:14
Stack trace:
#0 [internal function]: CodeIgniter\Debug\Exceptions->errorHandler(2, 'file_get_conten...', 'C:\\xampp\\htdocs...', 14)
#1 C:\xampp\htdocs\dewibesani\app\Views\errors\html\error_exception.php(14): file_get_contents('C:\\xampp\\htdocs...')
#2 C:\xampp\htdocs\dewibesani\system\Debug\Exceptions.php(284): include('C:\\xampp\\htdocs...')
#3 C:\xampp\htdocs\dewibesani\system\Debug\Exceptions.php(287): CodeIgniter\Debug\Exceptions->CodeIgniter\Debug\{closure}()
#4 C:\xampp\htdocs\dewibesani\system\Debug\Exceptions.php(139): CodeIgniter\Debug\Exceptions->render(Object(ErrorException), 500)
#5 [internal function]: CodeIgniter\Debug\Exceptions->exceptionHandler(Object(ErrorException))
#6 {main}
  thrown
in APPPATH\Views\errors\html\error_exception.php on line 14.
 1 [internal function]: CodeIgniter\Debug\Exceptions->shutdownHandler()
CRITICAL - 2023-10-27 06:28:27 --> unlink(./assets/gambar/profil/1698404445_d8afa2cb31c6c1b5a0ee.jpeg): No such file or directory
in APPPATH\Controllers\Operator_news.php on line 56.
 1 [internal function]: CodeIgniter\Debug\Exceptions->errorHandler(2, 'unlink(./assets/gambar/profil/1698404445_d8afa2cb31c6c1b5a0ee.jpeg): No such file or directory', 'APPPATH\\Controllers\\Operator_news.php', 56)
 2 APPPATH\Controllers\Operator_news.php(56): unlink('./assets/gambar/profil/1698404445_d8afa2cb31c6c1b5a0ee.jpeg')
 3 SYSTEMPATH\CodeIgniter.php(927): App\Controllers\Operator_news->change()
 4 SYSTEMPATH\CodeIgniter.php(482): CodeIgniter\CodeIgniter->runController(Object(App\Controllers\Operator_news))
 5 SYSTEMPATH\CodeIgniter.php(351): CodeIgniter\CodeIgniter->handleRequest(null, Object(Config\Cache), false)
 6 FCPATH\index.php(67): CodeIgniter\CodeIgniter->run()
 7 SYSTEMPATH\Commands\Server\rewrite.php(46): require_once('FCPATH\\index.php')
CRITICAL - 2023-10-27 06:28:27 --> Uncaught ErrorException: file_get_contents(C:\xampp\htdocs\dewibesani\app\Views\errors\html\debug.js): Failed to open stream: No such file or directory in C:\xampp\htdocs\dewibesani\app\Views\errors\html\error_exception.php:14
Stack trace:
#0 [internal function]: CodeIgniter\Debug\Exceptions->errorHandler(2, 'file_get_conten...', 'C:\\xampp\\htdocs...', 14)
#1 C:\xampp\htdocs\dewibesani\app\Views\errors\html\error_exception.php(14): file_get_contents('C:\\xampp\\htdocs...')
#2 C:\xampp\htdocs\dewibesani\system\Debug\Exceptions.php(284): include('C:\\xampp\\htdocs...')
#3 C:\xampp\htdocs\dewibesani\system\Debug\Exceptions.php(287): CodeIgniter\Debug\Exceptions->CodeIgniter\Debug\{closure}()
#4 C:\xampp\htdocs\dewibesani\system\Debug\Exceptions.php(139): CodeIgniter\Debug\Exceptions->render(Object(ErrorException), 500)
#5 [internal function]: CodeIgniter\Debug\Exceptions->exceptionHandler(Object(ErrorException))
#6 {main}
  thrown
in APPPATH\Views\errors\html\error_exception.php on line 14.
 1 [internal function]: CodeIgniter\Debug\Exceptions->shutdownHandler()
CRITICAL - 2023-10-27 06:29:29 --> The original file is not a valid file.
in SYSTEMPATH\HTTP\Files\UploadedFile.php on line 137.
 1 SYSTEMPATH\HTTP\Files\UploadedFile.php(137): CodeIgniter\HTTP\Exceptions\HTTPException::forInvalidFile()
 2 APPPATH\Controllers\Operator_news.php(58): CodeIgniter\HTTP\Files\UploadedFile->move('FCPATH\\assets\\gambar\\thumbnail', '1698406169_c8f3902c6a36cf0075e9')
 3 SYSTEMPATH\CodeIgniter.php(927): App\Controllers\Operator_news->change()
 4 SYSTEMPATH\CodeIgniter.php(482): CodeIgniter\CodeIgniter->runController(Object(App\Controllers\Operator_news))
 5 SYSTEMPATH\CodeIgniter.php(351): CodeIgniter\CodeIgniter->handleRequest(null, Object(Config\Cache), false)
 6 FCPATH\index.php(67): CodeIgniter\CodeIgniter->run()
 7 SYSTEMPATH\Commands\Server\rewrite.php(46): require_once('FCPATH\\index.php')
CRITICAL - 2023-10-27 06:29:29 --> Uncaught ErrorException: file_get_contents(C:\xampp\htdocs\dewibesani\app\Views\errors\html\debug.js): Failed to open stream: No such file or directory in C:\xampp\htdocs\dewibesani\app\Views\errors\html\error_exception.php:14
Stack trace:
#0 [internal function]: CodeIgniter\Debug\Exceptions->errorHandler(2, 'file_get_conten...', 'C:\\xampp\\htdocs...', 14)
#1 C:\xampp\htdocs\dewibesani\app\Views\errors\html\error_exception.php(14): file_get_contents('C:\\xampp\\htdocs...')
#2 C:\xampp\htdocs\dewibesani\system\Debug\Exceptions.php(284): include('C:\\xampp\\htdocs...')
#3 C:\xampp\htdocs\dewibesani\system\Debug\Exceptions.php(287): CodeIgniter\Debug\Exceptions->CodeIgniter\Debug\{closure}()
#4 C:\xampp\htdocs\dewibesani\system\Debug\Exceptions.php(139): CodeIgniter\Debug\Exceptions->render(Object(CodeIgniter\HTTP\Exceptions\HTTPException), 500)
#5 [internal function]: CodeIgniter\Debug\Exceptions->exceptionHandler(Object(CodeIgniter\HTTP\Exceptions\HTTPException))
#6 {main}
  thrown
in APPPATH\Views\errors\html\error_exception.php on line 14.
 1 [internal function]: CodeIgniter\Debug\Exceptions->shutdownHandler()
CRITICAL - 2023-10-27 06:29:39 --> unlink(./assets/gambar/thumbnail/1698404445_d8afa2cb31c6c1b5a0ee.jpeg): No such file or directory
in APPPATH\Controllers\Operator_news.php on line 56.
 1 [internal function]: CodeIgniter\Debug\Exceptions->errorHandler(2, 'unlink(./assets/gambar/thumbnail/1698404445_d8afa2cb31c6c1b5a0ee.jpeg): No such file or directory', 'APPPATH\\Controllers\\Operator_news.php', 56)
 2 APPPATH\Controllers\Operator_news.php(56): unlink('./assets/gambar/thumbnail/1698404445_d8afa2cb31c6c1b5a0ee.jpeg')
 3 SYSTEMPATH\CodeIgniter.php(927): App\Controllers\Operator_news->change()
 4 SYSTEMPATH\CodeIgniter.php(482): CodeIgniter\CodeIgniter->runController(Object(App\Controllers\Operator_news))
 5 SYSTEMPATH\CodeIgniter.php(351): CodeIgniter\CodeIgniter->handleRequest(null, Object(Config\Cache), false)
 6 FCPATH\index.php(67): CodeIgniter\CodeIgniter->run()
 7 SYSTEMPATH\Commands\Server\rewrite.php(46): require_once('FCPATH\\index.php')
CRITICAL - 2023-10-27 06:29:39 --> Uncaught ErrorException: file_get_contents(C:\xampp\htdocs\dewibesani\app\Views\errors\html\debug.js): Failed to open stream: No such file or directory in C:\xampp\htdocs\dewibesani\app\Views\errors\html\error_exception.php:14
Stack trace:
#0 [internal function]: CodeIgniter\Debug\Exceptions->errorHandler(2, 'file_get_conten...', 'C:\\xampp\\htdocs...', 14)
#1 C:\xampp\htdocs\dewibesani\app\Views\errors\html\error_exception.php(14): file_get_contents('C:\\xampp\\htdocs...')
#2 C:\xampp\htdocs\dewibesani\system\Debug\Exceptions.php(284): include('C:\\xampp\\htdocs...')
#3 C:\xampp\htdocs\dewibesani\system\Debug\Exceptions.php(287): CodeIgniter\Debug\Exceptions->CodeIgniter\Debug\{closure}()
#4 C:\xampp\htdocs\dewibesani\system\Debug\Exceptions.php(139): CodeIgniter\Debug\Exceptions->render(Object(ErrorException), 500)
#5 [internal function]: CodeIgniter\Debug\Exceptions->exceptionHandler(Object(ErrorException))
#6 {main}
  thrown
in APPPATH\Views\errors\html\error_exception.php on line 14.
 1 [internal function]: CodeIgniter\Debug\Exceptions->shutdownHandler()
CRITICAL - 2023-10-27 06:29:46 --> unlink(./assets/gambar/thumbnail/1698404445_d8afa2cb31c6c1b5a0ee.jpeg): No such file or directory
in APPPATH\Controllers\Operator_news.php on line 56.
 1 [internal function]: CodeIgniter\Debug\Exceptions->errorHandler(2, 'unlink(./assets/gambar/thumbnail/1698404445_d8afa2cb31c6c1b5a0ee.jpeg): No such file or directory', 'APPPATH\\Controllers\\Operator_news.php', 56)
 2 APPPATH\Controllers\Operator_news.php(56): unlink('./assets/gambar/thumbnail/1698404445_d8afa2cb31c6c1b5a0ee.jpeg')
 3 SYSTEMPATH\CodeIgniter.php(927): App\Controllers\Operator_news->change()
 4 SYSTEMPATH\CodeIgniter.php(482): CodeIgniter\CodeIgniter->runController(Object(App\Controllers\Operator_news))
 5 SYSTEMPATH\CodeIgniter.php(351): CodeIgniter\CodeIgniter->handleRequest(null, Object(Config\Cache), false)
 6 FCPATH\index.php(67): CodeIgniter\CodeIgniter->run()
 7 SYSTEMPATH\Commands\Server\rewrite.php(46): require_once('FCPATH\\index.php')
CRITICAL - 2023-10-27 06:29:46 --> Uncaught ErrorException: file_get_contents(C:\xampp\htdocs\dewibesani\app\Views\errors\html\debug.js): Failed to open stream: No such file or directory in C:\xampp\htdocs\dewibesani\app\Views\errors\html\error_exception.php:14
Stack trace:
#0 [internal function]: CodeIgniter\Debug\Exceptions->errorHandler(2, 'file_get_conten...', 'C:\\xampp\\htdocs...', 14)
#1 C:\xampp\htdocs\dewibesani\app\Views\errors\html\error_exception.php(14): file_get_contents('C:\\xampp\\htdocs...')
#2 C:\xampp\htdocs\dewibesani\system\Debug\Exceptions.php(284): include('C:\\xampp\\htdocs...')
#3 C:\xampp\htdocs\dewibesani\system\Debug\Exceptions.php(287): CodeIgniter\Debug\Exceptions->CodeIgniter\Debug\{closure}()
#4 C:\xampp\htdocs\dewibesani\system\Debug\Exceptions.php(139): CodeIgniter\Debug\Exceptions->render(Object(ErrorException), 500)
#5 [internal function]: CodeIgniter\Debug\Exceptions->exceptionHandler(Object(ErrorException))
#6 {main}
  thrown
in APPPATH\Views\errors\html\error_exception.php on line 14.
 1 [internal function]: CodeIgniter\Debug\Exceptions->shutdownHandler()
CRITICAL - 2023-10-27 08:15:50 --> syntax error, unexpected token "*"
in APPPATH\Controllers\Operator_news.php on line 60.
 1 SYSTEMPATH\Autoloader\Autoloader.php(259): CodeIgniter\Autoloader\Autoloader->includeFile('APPPATH\\Controllers\\Operator_news.php')
 2 SYSTEMPATH\Autoloader\Autoloader.php(237): CodeIgniter\Autoloader\Autoloader->loadInNamespace('App\\Controllers\\Operator_news')
 3 [internal function]: CodeIgniter\Autoloader\Autoloader->loadClass('App\\Controllers\\Operator_news')
 4 SYSTEMPATH\CodeIgniter.php(877): class_exists('\\App\\Controllers\\Operator_news', true)
 5 SYSTEMPATH\CodeIgniter.php(469): CodeIgniter\CodeIgniter->startController()
 6 SYSTEMPATH\CodeIgniter.php(351): CodeIgniter\CodeIgniter->handleRequest(null, Object(Config\Cache), false)
 7 FCPATH\index.php(67): CodeIgniter\CodeIgniter->run()
 8 SYSTEMPATH\Commands\Server\rewrite.php(46): require_once('FCPATH\\index.php')
CRITICAL - 2023-10-27 08:15:50 --> Uncaught ErrorException: file_get_contents(C:\xampp\htdocs\dewibesani\app\Views\errors\html\debug.js): Failed to open stream: No such file or directory in C:\xampp\htdocs\dewibesani\app\Views\errors\html\error_exception.php:14
Stack trace:
#0 [internal function]: CodeIgniter\Debug\Exceptions->errorHandler(2, 'file_get_conten...', 'C:\\xampp\\htdocs...', 14)
#1 C:\xampp\htdocs\dewibesani\app\Views\errors\html\error_exception.php(14): file_get_contents('C:\\xampp\\htdocs...')
#2 C:\xampp\htdocs\dewibesani\system\Debug\Exceptions.php(284): include('C:\\xampp\\htdocs...')
#3 C:\xampp\htdocs\dewibesani\system\Debug\Exceptions.php(287): CodeIgniter\Debug\Exceptions->CodeIgniter\Debug\{closure}()
#4 C:\xampp\htdocs\dewibesani\system\Debug\Exceptions.php(139): CodeIgniter\Debug\Exceptions->render(Object(ParseError), 500)
#5 [internal function]: CodeIgniter\Debug\Exceptions->exceptionHandler(Object(ParseError))
#6 {main}
  thrown
in APPPATH\Views\errors\html\error_exception.php on line 14.
 1 [internal function]: CodeIgniter\Debug\Exceptions->shutdownHandler()
CRITICAL - 2023-10-27 08:17:34 --> Invalid file: operator/video.php
in SYSTEMPATH\Exceptions\FrameworkException.php on line 33.
 1 SYSTEMPATH\View\View.php(201): CodeIgniter\Exceptions\FrameworkException::forInvalidFile('operator/video.php')
 2 SYSTEMPATH\Common.php(1134): CodeIgniter\View\View->render('operator/video', [], true)
 3 APPPATH\Controllers\Operator_video.php(16): view('operator/video', [...])
 4 SYSTEMPATH\CodeIgniter.php(927): App\Controllers\Operator_video->index()
 5 SYSTEMPATH\CodeIgniter.php(482): CodeIgniter\CodeIgniter->runController(Object(App\Controllers\Operator_video))
 6 SYSTEMPATH\CodeIgniter.php(351): CodeIgniter\CodeIgniter->handleRequest(null, Object(Config\Cache), false)
 7 FCPATH\index.php(67): CodeIgniter\CodeIgniter->run()
 8 SYSTEMPATH\Commands\Server\rewrite.php(46): require_once('FCPATH\\index.php')
CRITICAL - 2023-10-27 08:17:34 --> Uncaught ErrorException: file_get_contents(C:\xampp\htdocs\dewibesani\app\Views\errors\html\debug.js): Failed to open stream: No such file or directory in C:\xampp\htdocs\dewibesani\app\Views\errors\html\error_exception.php:14
Stack trace:
#0 [internal function]: CodeIgniter\Debug\Exceptions->errorHandler(2, 'file_get_conten...', 'C:\\xampp\\htdocs...', 14)
#1 C:\xampp\htdocs\dewibesani\app\Views\errors\html\error_exception.php(14): file_get_contents('C:\\xampp\\htdocs...')
#2 C:\xampp\htdocs\dewibesani\system\Debug\Exceptions.php(284): include('C:\\xampp\\htdocs...')
#3 C:\xampp\htdocs\dewibesani\system\Debug\Exceptions.php(287): CodeIgniter\Debug\Exceptions->CodeIgniter\Debug\{closure}()
#4 C:\xampp\htdocs\dewibesani\system\Debug\Exceptions.php(139): CodeIgniter\Debug\Exceptions->render(Object(CodeIgniter\View\Exceptions\ViewException), 500)
#5 [internal function]: CodeIgniter\Debug\Exceptions->exceptionHandler(Object(CodeIgniter\View\Exceptions\ViewException))
#6 {main}
  thrown
in APPPATH\Views\errors\html\error_exception.php on line 14.
 1 [internal function]: CodeIgniter\Debug\Exceptions->shutdownHandler()
CRITICAL - 2023-10-27 09:32:29 --> Undefined array key "link"
in APPPATH\Controllers\Operator_video.php on line 26.
 1 APPPATH\Controllers\Operator_video.php(26): CodeIgniter\Debug\Exceptions->errorHandler(2, 'Undefined array key "link"', 'APPPATH\\Controllers\\Operator_video.php', 26)
 2 SYSTEMPATH\CodeIgniter.php(927): App\Controllers\Operator_video->save()
 3 SYSTEMPATH\CodeIgniter.php(482): CodeIgniter\CodeIgniter->runController(Object(App\Controllers\Operator_video))
 4 SYSTEMPATH\CodeIgniter.php(351): CodeIgniter\CodeIgniter->handleRequest(null, Object(Config\Cache), false)
 5 FCPATH\index.php(67): CodeIgniter\CodeIgniter->run()
 6 SYSTEMPATH\Commands\Server\rewrite.php(46): require_once('FCPATH\\index.php')
CRITICAL - 2023-10-27 09:32:30 --> Uncaught ErrorException: file_get_contents(C:\xampp\htdocs\dewibesani\app\Views\errors\html\debug.js): Failed to open stream: No such file or directory in C:\xampp\htdocs\dewibesani\app\Views\errors\html\error_exception.php:14
Stack trace:
#0 [internal function]: CodeIgniter\Debug\Exceptions->errorHandler(2, 'file_get_conten...', 'C:\\xampp\\htdocs...', 14)
#1 C:\xampp\htdocs\dewibesani\app\Views\errors\html\error_exception.php(14): file_get_contents('C:\\xampp\\htdocs...')
#2 C:\xampp\htdocs\dewibesani\system\Debug\Exceptions.php(284): include('C:\\xampp\\htdocs...')
#3 C:\xampp\htdocs\dewibesani\system\Debug\Exceptions.php(287): CodeIgniter\Debug\Exceptions->CodeIgniter\Debug\{closure}()
#4 C:\xampp\htdocs\dewibesani\system\Debug\Exceptions.php(139): CodeIgniter\Debug\Exceptions->render(Object(ErrorException), 500)
#5 [internal function]: CodeIgniter\Debug\Exceptions->exceptionHandler(Object(ErrorException))
#6 {main}
  thrown
in APPPATH\Views\errors\html\error_exception.php on line 14.
 1 [internal function]: CodeIgniter\Debug\Exceptions->shutdownHandler()
CRITICAL - 2023-10-27 09:33:05 --> Undefined array key "link"
in APPPATH\Controllers\Operator_video.php on line 26.
 1 APPPATH\Controllers\Operator_video.php(26): CodeIgniter\Debug\Exceptions->errorHandler(2, 'Undefined array key "link"', 'APPPATH\\Controllers\\Operator_video.php', 26)
 2 SYSTEMPATH\CodeIgniter.php(927): App\Controllers\Operator_video->save()
 3 SYSTEMPATH\CodeIgniter.php(482): CodeIgniter\CodeIgniter->runController(Object(App\Controllers\Operator_video))
 4 SYSTEMPATH\CodeIgniter.php(351): CodeIgniter\CodeIgniter->handleRequest(null, Object(Config\Cache), false)
 5 FCPATH\index.php(67): CodeIgniter\CodeIgniter->run()
 6 SYSTEMPATH\Commands\Server\rewrite.php(46): require_once('FCPATH\\index.php')
CRITICAL - 2023-10-27 09:33:05 --> Uncaught ErrorException: file_get_contents(C:\xampp\htdocs\dewibesani\app\Views\errors\html\debug.js): Failed to open stream: No such file or directory in C:\xampp\htdocs\dewibesani\app\Views\errors\html\error_exception.php:14
Stack trace:
#0 [internal function]: CodeIgniter\Debug\Exceptions->errorHandler(2, 'file_get_conten...', 'C:\\xampp\\htdocs...', 14)
#1 C:\xampp\htdocs\dewibesani\app\Views\errors\html\error_exception.php(14): file_get_contents('C:\\xampp\\htdocs...')
#2 C:\xampp\htdocs\dewibesani\system\Debug\Exceptions.php(284): include('C:\\xampp\\htdocs...')
#3 C:\xampp\htdocs\dewibesani\system\Debug\Exceptions.php(287): CodeIgniter\Debug\Exceptions->CodeIgniter\Debug\{closure}()
#4 C:\xampp\htdocs\dewibesani\system\Debug\Exceptions.php(139): CodeIgniter\Debug\Exceptions->render(Object(ErrorException), 500)
#5 [internal function]: CodeIgniter\Debug\Exceptions->exceptionHandler(Object(ErrorException))
#6 {main}
  thrown
in APPPATH\Views\errors\html\error_exception.php on line 14.
 1 [internal function]: CodeIgniter\Debug\Exceptions->shutdownHandler()
CRITICAL - 2023-10-27 09:33:35 --> Undefined array key "link"
in APPPATH\Controllers\Operator_video.php on line 26.
 1 APPPATH\Controllers\Operator_video.php(26): CodeIgniter\Debug\Exceptions->errorHandler(2, 'Undefined array key "link"', 'APPPATH\\Controllers\\Operator_video.php', 26)
 2 SYSTEMPATH\CodeIgniter.php(927): App\Controllers\Operator_video->save()
 3 SYSTEMPATH\CodeIgniter.php(482): CodeIgniter\CodeIgniter->runController(Object(App\Controllers\Operator_video))
 4 SYSTEMPATH\CodeIgniter.php(351): CodeIgniter\CodeIgniter->handleRequest(null, Object(Config\Cache), false)
 5 FCPATH\index.php(67): CodeIgniter\CodeIgniter->run()
 6 SYSTEMPATH\Commands\Server\rewrite.php(46): require_once('FCPATH\\index.php')
CRITICAL - 2023-10-27 09:33:35 --> Uncaught ErrorException: file_get_contents(C:\xampp\htdocs\dewibesani\app\Views\errors\html\debug.js): Failed to open stream: No such file or directory in C:\xampp\htdocs\dewibesani\app\Views\errors\html\error_exception.php:14
Stack trace:
#0 [internal function]: CodeIgniter\Debug\Exceptions->errorHandler(2, 'file_get_conten...', 'C:\\xampp\\htdocs...', 14)
#1 C:\xampp\htdocs\dewibesani\app\Views\errors\html\error_exception.php(14): file_get_contents('C:\\xampp\\htdocs...')
#2 C:\xampp\htdocs\dewibesani\system\Debug\Exceptions.php(284): include('C:\\xampp\\htdocs...')
#3 C:\xampp\htdocs\dewibesani\system\Debug\Exceptions.php(287): CodeIgniter\Debug\Exceptions->CodeIgniter\Debug\{closure}()
#4 C:\xampp\htdocs\dewibesani\system\Debug\Exceptions.php(139): CodeIgniter\Debug\Exceptions->render(Object(ErrorException), 500)
#5 [internal function]: CodeIgniter\Debug\Exceptions->exceptionHandler(Object(ErrorException))
#6 {main}
  thrown
in APPPATH\Views\errors\html\error_exception.php on line 14.
 1 [internal function]: CodeIgniter\Debug\Exceptions->shutdownHandler()
CRITICAL - 2023-10-27 09:33:45 --> Undefined array key "link"
in APPPATH\Controllers\Operator_video.php on line 26.
 1 APPPATH\Controllers\Operator_video.php(26): CodeIgniter\Debug\Exceptions->errorHandler(2, 'Undefined array key "link"', 'APPPATH\\Controllers\\Operator_video.php', 26)
 2 SYSTEMPATH\CodeIgniter.php(927): App\Controllers\Operator_video->save()
 3 SYSTEMPATH\CodeIgniter.php(482): CodeIgniter\CodeIgniter->runController(Object(App\Controllers\Operator_video))
 4 SYSTEMPATH\CodeIgniter.php(351): CodeIgniter\CodeIgniter->handleRequest(null, Object(Config\Cache), false)
 5 FCPATH\index.php(67): CodeIgniter\CodeIgniter->run()
 6 SYSTEMPATH\Commands\Server\rewrite.php(46): require_once('FCPATH\\index.php')
CRITICAL - 2023-10-27 09:33:45 --> Uncaught ErrorException: file_get_contents(C:\xampp\htdocs\dewibesani\app\Views\errors\html\debug.js): Failed to open stream: No such file or directory in C:\xampp\htdocs\dewibesani\app\Views\errors\html\error_exception.php:14
Stack trace:
#0 [internal function]: CodeIgniter\Debug\Exceptions->errorHandler(2, 'file_get_conten...', 'C:\\xampp\\htdocs...', 14)
#1 C:\xampp\htdocs\dewibesani\app\Views\errors\html\error_exception.php(14): file_get_contents('C:\\xampp\\htdocs...')
#2 C:\xampp\htdocs\dewibesani\system\Debug\Exceptions.php(284): include('C:\\xampp\\htdocs...')
#3 C:\xampp\htdocs\dewibesani\system\Debug\Exceptions.php(287): CodeIgniter\Debug\Exceptions->CodeIgniter\Debug\{closure}()
#4 C:\xampp\htdocs\dewibesani\system\Debug\Exceptions.php(139): CodeIgniter\Debug\Exceptions->render(Object(ErrorException), 500)
#5 [internal function]: CodeIgniter\Debug\Exceptions->exceptionHandler(Object(ErrorException))
#6 {main}
  thrown
in APPPATH\Views\errors\html\error_exception.php on line 14.
 1 [internal function]: CodeIgniter\Debug\Exceptions->shutdownHandler()
CRITICAL - 2023-10-27 09:39:59 --> Undefined variable $thumbnail
in APPPATH\Controllers\Operator_video.php on line 41.
 1 APPPATH\Controllers\Operator_video.php(41): CodeIgniter\Debug\Exceptions->errorHandler(2, 'Undefined variable $thumbnail', 'APPPATH\\Controllers\\Operator_video.php', 41)
 2 SYSTEMPATH\CodeIgniter.php(927): App\Controllers\Operator_video->save()
 3 SYSTEMPATH\CodeIgniter.php(482): CodeIgniter\CodeIgniter->runController(Object(App\Controllers\Operator_video))
 4 SYSTEMPATH\CodeIgniter.php(351): CodeIgniter\CodeIgniter->handleRequest(null, Object(Config\Cache), false)
 5 FCPATH\index.php(67): CodeIgniter\CodeIgniter->run()
 6 SYSTEMPATH\Commands\Server\rewrite.php(46): require_once('FCPATH\\index.php')
CRITICAL - 2023-10-27 09:39:59 --> Uncaught ErrorException: file_get_contents(C:\xampp\htdocs\dewibesani\app\Views\errors\html\debug.js): Failed to open stream: No such file or directory in C:\xampp\htdocs\dewibesani\app\Views\errors\html\error_exception.php:14
Stack trace:
#0 [internal function]: CodeIgniter\Debug\Exceptions->errorHandler(2, 'file_get_conten...', 'C:\\xampp\\htdocs...', 14)
#1 C:\xampp\htdocs\dewibesani\app\Views\errors\html\error_exception.php(14): file_get_contents('C:\\xampp\\htdocs...')
#2 C:\xampp\htdocs\dewibesani\system\Debug\Exceptions.php(284): include('C:\\xampp\\htdocs...')
#3 C:\xampp\htdocs\dewibesani\system\Debug\Exceptions.php(287): CodeIgniter\Debug\Exceptions->CodeIgniter\Debug\{closure}()
#4 C:\xampp\htdocs\dewibesani\system\Debug\Exceptions.php(139): CodeIgniter\Debug\Exceptions->render(Object(ErrorException), 500)
#5 [internal function]: CodeIgniter\Debug\Exceptions->exceptionHandler(Object(ErrorException))
#6 {main}
  thrown
in APPPATH\Views\errors\html\error_exception.php on line 14.
 1 [internal function]: CodeIgniter\Debug\Exceptions->shutdownHandler()
CRITICAL - 2023-10-27 09:41:04 --> Invalid file: operator/videodetail.php
in SYSTEMPATH\Exceptions\FrameworkException.php on line 33.
 1 SYSTEMPATH\View\View.php(201): CodeIgniter\Exceptions\FrameworkException::forInvalidFile('operator/videodetail.php')
 2 SYSTEMPATH\Common.php(1134): CodeIgniter\View\View->render('operator/videodetail', [], true)
 3 APPPATH\Controllers\Operator_video.php(62): view('operator/videodetail', [...])
 4 SYSTEMPATH\CodeIgniter.php(927): App\Controllers\Operator_video->detail('17')
 5 SYSTEMPATH\CodeIgniter.php(482): CodeIgniter\CodeIgniter->runController(Object(App\Controllers\Operator_video))
 6 SYSTEMPATH\CodeIgniter.php(351): CodeIgniter\CodeIgniter->handleRequest(null, Object(Config\Cache), false)
 7 FCPATH\index.php(67): CodeIgniter\CodeIgniter->run()
 8 SYSTEMPATH\Commands\Server\rewrite.php(46): require_once('FCPATH\\index.php')
CRITICAL - 2023-10-27 09:41:04 --> Uncaught ErrorException: file_get_contents(C:\xampp\htdocs\dewibesani\app\Views\errors\html\debug.js): Failed to open stream: No such file or directory in C:\xampp\htdocs\dewibesani\app\Views\errors\html\error_exception.php:14
Stack trace:
#0 [internal function]: CodeIgniter\Debug\Exceptions->errorHandler(2, 'file_get_conten...', 'C:\\xampp\\htdocs...', 14)
#1 C:\xampp\htdocs\dewibesani\app\Views\errors\html\error_exception.php(14): file_get_contents('C:\\xampp\\htdocs...')
#2 C:\xampp\htdocs\dewibesani\system\Debug\Exceptions.php(284): include('C:\\xampp\\htdocs...')
#3 C:\xampp\htdocs\dewibesani\system\Debug\Exceptions.php(287): CodeIgniter\Debug\Exceptions->CodeIgniter\Debug\{closure}()
#4 C:\xampp\htdocs\dewibesani\system\Debug\Exceptions.php(139): CodeIgniter\Debug\Exceptions->render(Object(CodeIgniter\View\Exceptions\ViewException), 500)
#5 [internal function]: CodeIgniter\Debug\Exceptions->exceptionHandler(Object(CodeIgniter\View\Exceptions\ViewException))
#6 {main}
  thrown
in APPPATH\Views\errors\html\error_exception.php on line 14.
 1 [internal function]: CodeIgniter\Debug\Exceptions->shutdownHandler()
