ERROR - 2023-02-08 09:20:24 --> Error connecting to the database: mysqli_sql_exception: Unknown database 'estu' in C:\xampp\htdocs\bpn\system\Database\MySQLi\Connection.php:171
Stack trace:
#0 C:\xampp\htdocs\bpn\system\Database\MySQLi\Connection.php(171): mysqli->real_connect('localhost', 'root', '', 'estu', 3306, '', 0)
#1 C:\xampp\htdocs\bpn\system\Database\BaseConnection.php(382): CodeIgniter\Database\MySQLi\Connection->connect(false)
#2 C:\xampp\htdocs\bpn\system\Database\BaseConnection.php(561): CodeIgniter\Database\BaseConnection->initialize()
#3 C:\xampp\htdocs\bpn\app\Controllers\Root.php(15): CodeIgniter\Database\BaseConnection->query('select tentang ...')
#4 C:\xampp\htdocs\bpn\system\CodeIgniter.php(927): App\Controllers\Root->index()
#5 C:\xampp\htdocs\bpn\system\CodeIgniter.php(482): CodeIgniter\CodeIgniter->runController(Object(App\Controllers\Root))
#6 C:\xampp\htdocs\bpn\system\CodeIgniter.php(351): CodeIgniter\CodeIgniter->handleRequest(NULL, Object(Config\Cache), false)
#7 C:\xampp\htdocs\bpn\public\index.php(67): CodeIgniter\CodeIgniter->run()
#8 C:\xampp\htdocs\bpn\system\Commands\Server\rewrite.php(46): require_once('C:\\xampp\\htdocs...')
#9 {main}

Next CodeIgniter\Database\Exceptions\DatabaseException: Unknown database 'estu' in C:\xampp\htdocs\bpn\system\Database\MySQLi\Connection.php:215
Stack trace:
#0 C:\xampp\htdocs\bpn\system\Database\BaseConnection.php(382): CodeIgniter\Database\MySQLi\Connection->connect(false)
#1 C:\xampp\htdocs\bpn\system\Database\BaseConnection.php(561): CodeIgniter\Database\BaseConnection->initialize()
#2 C:\xampp\htdocs\bpn\app\Controllers\Root.php(15): CodeIgniter\Database\BaseConnection->query('select tentang ...')
#3 C:\xampp\htdocs\bpn\system\CodeIgniter.php(927): App\Controllers\Root->index()
#4 C:\xampp\htdocs\bpn\system\CodeIgniter.php(482): CodeIgniter\CodeIgniter->runController(Object(App\Controllers\Root))
#5 C:\xampp\htdocs\bpn\system\CodeIgniter.php(351): CodeIgniter\CodeIgniter->handleRequest(NULL, Object(Config\Cache), false)
#6 C:\xampp\htdocs\bpn\public\index.php(67): CodeIgniter\CodeIgniter->run()
#7 C:\xampp\htdocs\bpn\system\Commands\Server\rewrite.php(46): require_once('C:\\xampp\\htdocs...')
#8 {main}
CRITICAL - 2023-02-08 09:20:24 --> Unable to connect to the database.
Main connection [MySQLi]: Unknown database 'estu'
in SYSTEMPATH\Database\BaseConnection.php on line 418.
 1 SYSTEMPATH\Database\BaseConnection.php(561): CodeIgniter\Database\BaseConnection->initialize()
 2 APPPATH\Controllers\Root.php(15): CodeIgniter\Database\BaseConnection->query('select tentang from admin')
 3 SYSTEMPATH\CodeIgniter.php(927): App\Controllers\Root->index()
 4 SYSTEMPATH\CodeIgniter.php(482): CodeIgniter\CodeIgniter->runController(Object(App\Controllers\Root))
 5 SYSTEMPATH\CodeIgniter.php(351): CodeIgniter\CodeIgniter->handleRequest(null, Object(Config\Cache), false)
 6 FCPATH\index.php(67): CodeIgniter\CodeIgniter->run()
 7 SYSTEMPATH\Commands\Server\rewrite.php(46): require_once('FCPATH\\index.php')
ERROR - 2023-02-08 09:20:25 --> Error connecting to the database: mysqli_sql_exception: Unknown database 'estu' in C:\xampp\htdocs\bpn\system\Database\MySQLi\Connection.php:171
Stack trace:
#0 C:\xampp\htdocs\bpn\system\Database\MySQLi\Connection.php(171): mysqli->real_connect('localhost', 'root', '', 'estu', 3306, '', 0)
#1 C:\xampp\htdocs\bpn\system\Database\BaseConnection.php(382): CodeIgniter\Database\MySQLi\Connection->connect(false)
#2 C:\xampp\htdocs\bpn\system\Database\BaseConnection.php(561): CodeIgniter\Database\BaseConnection->initialize()
#3 C:\xampp\htdocs\bpn\app\Controllers\Root.php(15): CodeIgniter\Database\BaseConnection->query('select tentang ...')
#4 C:\xampp\htdocs\bpn\system\CodeIgniter.php(927): App\Controllers\Root->index()
#5 C:\xampp\htdocs\bpn\system\CodeIgniter.php(482): CodeIgniter\CodeIgniter->runController(Object(App\Controllers\Root))
#6 C:\xampp\htdocs\bpn\system\CodeIgniter.php(351): CodeIgniter\CodeIgniter->handleRequest(NULL, Object(Config\Cache), false)
#7 C:\xampp\htdocs\bpn\public\index.php(67): CodeIgniter\CodeIgniter->run()
#8 C:\xampp\htdocs\bpn\system\Commands\Server\rewrite.php(46): require_once('C:\\xampp\\htdocs...')
#9 {main}

Next CodeIgniter\Database\Exceptions\DatabaseException: Unknown database 'estu' in C:\xampp\htdocs\bpn\system\Database\MySQLi\Connection.php:215
Stack trace:
#0 C:\xampp\htdocs\bpn\system\Database\BaseConnection.php(382): CodeIgniter\Database\MySQLi\Connection->connect(false)
#1 C:\xampp\htdocs\bpn\system\Database\BaseConnection.php(561): CodeIgniter\Database\BaseConnection->initialize()
#2 C:\xampp\htdocs\bpn\app\Controllers\Root.php(15): CodeIgniter\Database\BaseConnection->query('select tentang ...')
#3 C:\xampp\htdocs\bpn\system\CodeIgniter.php(927): App\Controllers\Root->index()
#4 C:\xampp\htdocs\bpn\system\CodeIgniter.php(482): CodeIgniter\CodeIgniter->runController(Object(App\Controllers\Root))
#5 C:\xampp\htdocs\bpn\system\CodeIgniter.php(351): CodeIgniter\CodeIgniter->handleRequest(NULL, Object(Config\Cache), false)
#6 C:\xampp\htdocs\bpn\public\index.php(67): CodeIgniter\CodeIgniter->run()
#7 C:\xampp\htdocs\bpn\system\Commands\Server\rewrite.php(46): require_once('C:\\xampp\\htdocs...')
#8 {main}
CRITICAL - 2023-02-08 09:20:25 --> Unable to connect to the database.
Main connection [MySQLi]: Unknown database 'estu'
in SYSTEMPATH\Database\BaseConnection.php on line 418.
 1 SYSTEMPATH\Database\BaseConnection.php(561): CodeIgniter\Database\BaseConnection->initialize()
 2 APPPATH\Controllers\Root.php(15): CodeIgniter\Database\BaseConnection->query('select tentang from admin')
 3 SYSTEMPATH\CodeIgniter.php(927): App\Controllers\Root->index()
 4 SYSTEMPATH\CodeIgniter.php(482): CodeIgniter\CodeIgniter->runController(Object(App\Controllers\Root))
 5 SYSTEMPATH\CodeIgniter.php(351): CodeIgniter\CodeIgniter->handleRequest(null, Object(Config\Cache), false)
 6 FCPATH\index.php(67): CodeIgniter\CodeIgniter->run()
 7 SYSTEMPATH\Commands\Server\rewrite.php(46): require_once('FCPATH\\index.php')
CRITICAL - 2023-02-08 09:45:43 --> Undefined array key "max (nilai)"
in APPPATH\Views\admin\data.php on line 45.
 1 APPPATH\Views\admin\data.php(45): CodeIgniter\Debug\Exceptions->errorHandler(2, 'Undefined array key "max (nilai)"', 'APPPATH\\Views\\admin\\data.php', 45)
 2 SYSTEMPATH\View\View.php(213): include('APPPATH\\Views\\admin\\data.php')
 3 SYSTEMPATH\View\View.php(216): CodeIgniter\View\View->CodeIgniter\View\{closure}()
 4 SYSTEMPATH\Common.php(1134): CodeIgniter\View\View->render('admin/data', [], true)
 5 APPPATH\Controllers\Admin.php(10): view('admin/data')
 6 SYSTEMPATH\CodeIgniter.php(927): App\Controllers\Admin->index()
 7 SYSTEMPATH\CodeIgniter.php(482): CodeIgniter\CodeIgniter->runController(Object(App\Controllers\Admin))
 8 SYSTEMPATH\CodeIgniter.php(351): CodeIgniter\CodeIgniter->handleRequest(null, Object(Config\Cache), false)
 9 FCPATH\index.php(67): CodeIgniter\CodeIgniter->run()
10 SYSTEMPATH\Commands\Server\rewrite.php(46): require_once('FCPATH\\index.php')
