ERROR - 2022-11-16 06:59:59 --> mysqli_sql_exception: Table 'estu.informasi' doesn't exist in C:\xampp\htdocs\estu\system\Database\MySQLi\Connection.php:292
Stack trace:
#0 C:\xampp\htdocs\estu\system\Database\MySQLi\Connection.php(292): mysqli->query('select * from i...', 0)
#1 C:\xampp\htdocs\estu\system\Database\BaseConnection.php(666): CodeIgniter\Database\MySQLi\Connection->execute('select * from i...')
#2 C:\xampp\htdocs\estu\system\Database\BaseConnection.php(593): CodeIgniter\Database\BaseConnection->simpleQuery('select * from i...')
#3 C:\xampp\htdocs\estu\app\Views\situs\bagiantopbar.php(4): CodeIgniter\Database\BaseConnection->query('select * from i...')
#4 C:\xampp\htdocs\estu\system\View\View.php(213): include('C:\\xampp\\htdocs...')
#5 C:\xampp\htdocs\estu\system\View\View.php(216): CodeIgniter\View\View->CodeIgniter\View\{closure}()
#6 C:\xampp\htdocs\estu\system\Common.php(1134): CodeIgniter\View\View->render('situs/bagiantop...', Array, true)
#7 C:\xampp\htdocs\estu\app\Views\situs\landing.php(7): view('situs/bagiantop...')
#8 C:\xampp\htdocs\estu\system\View\View.php(213): include('C:\\xampp\\htdocs...')
#9 C:\xampp\htdocs\estu\system\View\View.php(216): CodeIgniter\View\View->CodeIgniter\View\{closure}()
#10 C:\xampp\htdocs\estu\system\Common.php(1134): CodeIgniter\View\View->render('situs/landing', Array, true)
#11 C:\xampp\htdocs\estu\app\Controllers\Root.php(9): view('situs/landing')
#12 C:\xampp\htdocs\estu\system\CodeIgniter.php(927): App\Controllers\Root->index()
#13 C:\xampp\htdocs\estu\system\CodeIgniter.php(482): CodeIgniter\CodeIgniter->runController(Object(App\Controllers\Root))
#14 C:\xampp\htdocs\estu\system\CodeIgniter.php(351): CodeIgniter\CodeIgniter->handleRequest(NULL, Object(Config\Cache), false)
#15 C:\xampp\htdocs\estu\public\index.php(67): CodeIgniter\CodeIgniter->run()
#16 C:\xampp\htdocs\estu\system\Commands\Server\rewrite.php(46): require_once('C:\\xampp\\htdocs...')
#17 {main}
CRITICAL - 2022-11-16 06:59:59 --> Call to a member function getRow() on bool
in APPPATH\Views\situs\bagiantopbar.php on line 4.
 1 SYSTEMPATH\View\View.php(213): include()
 2 SYSTEMPATH\View\View.php(216): CodeIgniter\View\View->CodeIgniter\View\{closure}()
 3 SYSTEMPATH\Common.php(1134): CodeIgniter\View\View->render('situs/bagiantopbar', [], true)
 4 APPPATH\Views\situs\landing.php(7): view('situs/bagiantopbar')
 5 SYSTEMPATH\View\View.php(213): include('APPPATH\\Views\\situs\\landing.php')
 6 SYSTEMPATH\View\View.php(216): CodeIgniter\View\View->CodeIgniter\View\{closure}()
 7 SYSTEMPATH\Common.php(1134): CodeIgniter\View\View->render('situs/landing', [], true)
 8 APPPATH\Controllers\Root.php(9): view('situs/landing')
 9 SYSTEMPATH\CodeIgniter.php(927): App\Controllers\Root->index()
10 SYSTEMPATH\CodeIgniter.php(482): CodeIgniter\CodeIgniter->runController(Object(App\Controllers\Root))
11 SYSTEMPATH\CodeIgniter.php(351): CodeIgniter\CodeIgniter->handleRequest(null, Object(Config\Cache), false)
12 FCPATH\index.php(67): CodeIgniter\CodeIgniter->run()
13 SYSTEMPATH\Commands\Server\rewrite.php(46): require_once('FCPATH\\index.php')
ERROR - 2022-11-16 07:00:00 --> mysqli_sql_exception: Table 'estu.informasi' doesn't exist in C:\xampp\htdocs\estu\system\Database\MySQLi\Connection.php:292
Stack trace:
#0 C:\xampp\htdocs\estu\system\Database\MySQLi\Connection.php(292): mysqli->query('select * from i...', 0)
#1 C:\xampp\htdocs\estu\system\Database\BaseConnection.php(666): CodeIgniter\Database\MySQLi\Connection->execute('select * from i...')
#2 C:\xampp\htdocs\estu\system\Database\BaseConnection.php(593): CodeIgniter\Database\BaseConnection->simpleQuery('select * from i...')
#3 C:\xampp\htdocs\estu\app\Views\situs\bagiantopbar.php(4): CodeIgniter\Database\BaseConnection->query('select * from i...')
#4 C:\xampp\htdocs\estu\system\View\View.php(213): include('C:\\xampp\\htdocs...')
#5 C:\xampp\htdocs\estu\system\View\View.php(216): CodeIgniter\View\View->CodeIgniter\View\{closure}()
#6 C:\xampp\htdocs\estu\system\Common.php(1134): CodeIgniter\View\View->render('situs/bagiantop...', Array, true)
#7 C:\xampp\htdocs\estu\app\Views\situs\landing.php(7): view('situs/bagiantop...')
#8 C:\xampp\htdocs\estu\system\View\View.php(213): include('C:\\xampp\\htdocs...')
#9 C:\xampp\htdocs\estu\system\View\View.php(216): CodeIgniter\View\View->CodeIgniter\View\{closure}()
#10 C:\xampp\htdocs\estu\system\Common.php(1134): CodeIgniter\View\View->render('situs/landing', Array, true)
#11 C:\xampp\htdocs\estu\app\Controllers\Root.php(9): view('situs/landing')
#12 C:\xampp\htdocs\estu\system\CodeIgniter.php(927): App\Controllers\Root->index()
#13 C:\xampp\htdocs\estu\system\CodeIgniter.php(482): CodeIgniter\CodeIgniter->runController(Object(App\Controllers\Root))
#14 C:\xampp\htdocs\estu\system\CodeIgniter.php(351): CodeIgniter\CodeIgniter->handleRequest(NULL, Object(Config\Cache), false)
#15 C:\xampp\htdocs\estu\public\index.php(67): CodeIgniter\CodeIgniter->run()
#16 C:\xampp\htdocs\estu\system\Commands\Server\rewrite.php(46): require_once('C:\\xampp\\htdocs...')
#17 {main}
CRITICAL - 2022-11-16 07:00:00 --> Call to a member function getRow() on bool
in APPPATH\Views\situs\bagiantopbar.php on line 4.
 1 SYSTEMPATH\View\View.php(213): include()
 2 SYSTEMPATH\View\View.php(216): CodeIgniter\View\View->CodeIgniter\View\{closure}()
 3 SYSTEMPATH\Common.php(1134): CodeIgniter\View\View->render('situs/bagiantopbar', [], true)
 4 APPPATH\Views\situs\landing.php(7): view('situs/bagiantopbar')
 5 SYSTEMPATH\View\View.php(213): include('APPPATH\\Views\\situs\\landing.php')
 6 SYSTEMPATH\View\View.php(216): CodeIgniter\View\View->CodeIgniter\View\{closure}()
 7 SYSTEMPATH\Common.php(1134): CodeIgniter\View\View->render('situs/landing', [], true)
 8 APPPATH\Controllers\Root.php(9): view('situs/landing')
 9 SYSTEMPATH\CodeIgniter.php(927): App\Controllers\Root->index()
10 SYSTEMPATH\CodeIgniter.php(482): CodeIgniter\CodeIgniter->runController(Object(App\Controllers\Root))
11 SYSTEMPATH\CodeIgniter.php(351): CodeIgniter\CodeIgniter->handleRequest(null, Object(Config\Cache), false)
12 FCPATH\index.php(67): CodeIgniter\CodeIgniter->run()
13 SYSTEMPATH\Commands\Server\rewrite.php(46): require_once('FCPATH\\index.php')
ERROR - 2022-11-16 07:00:00 --> mysqli_sql_exception: Table 'estu.informasi' doesn't exist in C:\xampp\htdocs\estu\system\Database\MySQLi\Connection.php:292
Stack trace:
#0 C:\xampp\htdocs\estu\system\Database\MySQLi\Connection.php(292): mysqli->query('select * from i...', 0)
#1 C:\xampp\htdocs\estu\system\Database\BaseConnection.php(666): CodeIgniter\Database\MySQLi\Connection->execute('select * from i...')
#2 C:\xampp\htdocs\estu\system\Database\BaseConnection.php(593): CodeIgniter\Database\BaseConnection->simpleQuery('select * from i...')
#3 C:\xampp\htdocs\estu\app\Views\situs\bagiantopbar.php(4): CodeIgniter\Database\BaseConnection->query('select * from i...')
#4 C:\xampp\htdocs\estu\system\View\View.php(213): include('C:\\xampp\\htdocs...')
#5 C:\xampp\htdocs\estu\system\View\View.php(216): CodeIgniter\View\View->CodeIgniter\View\{closure}()
#6 C:\xampp\htdocs\estu\system\Common.php(1134): CodeIgniter\View\View->render('situs/bagiantop...', Array, true)
#7 C:\xampp\htdocs\estu\app\Views\situs\landing.php(7): view('situs/bagiantop...')
#8 C:\xampp\htdocs\estu\system\View\View.php(213): include('C:\\xampp\\htdocs...')
#9 C:\xampp\htdocs\estu\system\View\View.php(216): CodeIgniter\View\View->CodeIgniter\View\{closure}()
#10 C:\xampp\htdocs\estu\system\Common.php(1134): CodeIgniter\View\View->render('situs/landing', Array, true)
#11 C:\xampp\htdocs\estu\app\Controllers\Root.php(9): view('situs/landing')
#12 C:\xampp\htdocs\estu\system\CodeIgniter.php(927): App\Controllers\Root->index()
#13 C:\xampp\htdocs\estu\system\CodeIgniter.php(482): CodeIgniter\CodeIgniter->runController(Object(App\Controllers\Root))
#14 C:\xampp\htdocs\estu\system\CodeIgniter.php(351): CodeIgniter\CodeIgniter->handleRequest(NULL, Object(Config\Cache), false)
#15 C:\xampp\htdocs\estu\public\index.php(67): CodeIgniter\CodeIgniter->run()
#16 C:\xampp\htdocs\estu\system\Commands\Server\rewrite.php(46): require_once('C:\\xampp\\htdocs...')
#17 {main}
CRITICAL - 2022-11-16 07:00:00 --> Call to a member function getRow() on bool
in APPPATH\Views\situs\bagiantopbar.php on line 4.
 1 SYSTEMPATH\View\View.php(213): include()
 2 SYSTEMPATH\View\View.php(216): CodeIgniter\View\View->CodeIgniter\View\{closure}()
 3 SYSTEMPATH\Common.php(1134): CodeIgniter\View\View->render('situs/bagiantopbar', [], true)
 4 APPPATH\Views\situs\landing.php(7): view('situs/bagiantopbar')
 5 SYSTEMPATH\View\View.php(213): include('APPPATH\\Views\\situs\\landing.php')
 6 SYSTEMPATH\View\View.php(216): CodeIgniter\View\View->CodeIgniter\View\{closure}()
 7 SYSTEMPATH\Common.php(1134): CodeIgniter\View\View->render('situs/landing', [], true)
 8 APPPATH\Controllers\Root.php(9): view('situs/landing')
 9 SYSTEMPATH\CodeIgniter.php(927): App\Controllers\Root->index()
10 SYSTEMPATH\CodeIgniter.php(482): CodeIgniter\CodeIgniter->runController(Object(App\Controllers\Root))
11 SYSTEMPATH\CodeIgniter.php(351): CodeIgniter\CodeIgniter->handleRequest(null, Object(Config\Cache), false)
12 FCPATH\index.php(67): CodeIgniter\CodeIgniter->run()
13 SYSTEMPATH\Commands\Server\rewrite.php(46): require_once('FCPATH\\index.php')
CRITICAL - 2022-11-16 07:04:24 --> Class "App\Models\Karyawanmodel" not found
in APPPATH\Controllers\Karyawan.php on line 7.
 1 SYSTEMPATH\CodeIgniter.php(927): App\Controllers\Karyawan->index()
 2 SYSTEMPATH\CodeIgniter.php(482): CodeIgniter\CodeIgniter->runController(Object(App\Controllers\Karyawan))
 3 SYSTEMPATH\CodeIgniter.php(351): CodeIgniter\CodeIgniter->handleRequest(null, Object(Config\Cache), false)
 4 FCPATH\index.php(67): CodeIgniter\CodeIgniter->run()
 5 SYSTEMPATH\Commands\Server\rewrite.php(46): require_once('FCPATH\\index.php')
ERROR - 2022-11-16 07:04:55 --> mysqli_sql_exception: Table 'estu.karyawan' doesn't exist in C:\xampp\htdocs\estu\system\Database\MySQLi\Connection.php:292
Stack trace:
#0 C:\xampp\htdocs\estu\system\Database\MySQLi\Connection.php(292): mysqli->query('SELECT *\nFROM `...', 0)
#1 C:\xampp\htdocs\estu\system\Database\BaseConnection.php(666): CodeIgniter\Database\MySQLi\Connection->execute('SELECT *\nFROM `...')
#2 C:\xampp\htdocs\estu\system\Database\BaseConnection.php(593): CodeIgniter\Database\BaseConnection->simpleQuery('SELECT *\nFROM `...')
#3 C:\xampp\htdocs\estu\system\Database\BaseBuilder.php(1585): CodeIgniter\Database\BaseConnection->query('SELECT *\nFROM `...', Array, false)
#4 C:\xampp\htdocs\estu\app\Models\Databasemodel.php(6): CodeIgniter\Database\BaseBuilder->get()
#5 C:\xampp\htdocs\estu\app\Controllers\Karyawan.php(8): App\Models\Databasemodel->getAll('karyawan')
#6 C:\xampp\htdocs\estu\system\CodeIgniter.php(927): App\Controllers\Karyawan->index()
#7 C:\xampp\htdocs\estu\system\CodeIgniter.php(482): CodeIgniter\CodeIgniter->runController(Object(App\Controllers\Karyawan))
#8 C:\xampp\htdocs\estu\system\CodeIgniter.php(351): CodeIgniter\CodeIgniter->handleRequest(NULL, Object(Config\Cache), false)
#9 C:\xampp\htdocs\estu\public\index.php(67): CodeIgniter\CodeIgniter->run()
#10 C:\xampp\htdocs\estu\system\Commands\Server\rewrite.php(46): require_once('C:\\xampp\\htdocs...')
#11 {main}
CRITICAL - 2022-11-16 07:04:55 --> Call to a member function getResultArray() on bool
in APPPATH\Models\Databasemodel.php on line 6.
 1 APPPATH\Controllers\Karyawan.php(8): App\Models\Databasemodel->getAll('karyawan')
 2 SYSTEMPATH\CodeIgniter.php(927): App\Controllers\Karyawan->index()
 3 SYSTEMPATH\CodeIgniter.php(482): CodeIgniter\CodeIgniter->runController(Object(App\Controllers\Karyawan))
 4 SYSTEMPATH\CodeIgniter.php(351): CodeIgniter\CodeIgniter->handleRequest(null, Object(Config\Cache), false)
 5 FCPATH\index.php(67): CodeIgniter\CodeIgniter->run()
 6 SYSTEMPATH\Commands\Server\rewrite.php(46): require_once('FCPATH\\index.php')
CRITICAL - 2022-11-16 07:06:12 --> Undefined array key "kodepegawai"
in APPPATH\Views\admin\karyawan.php on line 59.
 1 APPPATH\Views\admin\karyawan.php(59): CodeIgniter\Debug\Exceptions->errorHandler(2, 'Undefined array key "kodepegawai"', 'APPPATH\\Views\\admin\\karyawan.php', 59)
 2 SYSTEMPATH\View\View.php(213): include('APPPATH\\Views\\admin\\karyawan.php')
 3 SYSTEMPATH\View\View.php(216): CodeIgniter\View\View->CodeIgniter\View\{closure}()
 4 SYSTEMPATH\Common.php(1134): CodeIgniter\View\View->render('admin/karyawan', [], true)
 5 APPPATH\Controllers\Karyawan.php(9): view('admin/karyawan', [...])
 6 SYSTEMPATH\CodeIgniter.php(927): App\Controllers\Karyawan->index()
 7 SYSTEMPATH\CodeIgniter.php(482): CodeIgniter\CodeIgniter->runController(Object(App\Controllers\Karyawan))
 8 SYSTEMPATH\CodeIgniter.php(351): CodeIgniter\CodeIgniter->handleRequest(null, Object(Config\Cache), false)
 9 FCPATH\index.php(67): CodeIgniter\CodeIgniter->run()
10 SYSTEMPATH\Commands\Server\rewrite.php(46): require_once('FCPATH\\index.php')
CRITICAL - 2022-11-16 07:08:06 --> You must set the database table to be used with your query.
in SYSTEMPATH\Database\BaseConnection.php on line 845.
 1 SYSTEMPATH\Model.php(587): CodeIgniter\Database\BaseConnection->table(null)
 2 SYSTEMPATH\Model.php(764): CodeIgniter\Model->builder()
 3 APPPATH\Controllers\Karyawan.php(34): CodeIgniter\Model->__call('where', [...])
 4 SYSTEMPATH\CodeIgniter.php(927): App\Controllers\Karyawan->tampildata('1')
 5 SYSTEMPATH\CodeIgniter.php(482): CodeIgniter\CodeIgniter->runController(Object(App\Controllers\Karyawan))
 6 SYSTEMPATH\CodeIgniter.php(351): CodeIgniter\CodeIgniter->handleRequest(null, Object(Config\Cache), false)
 7 FCPATH\index.php(67): CodeIgniter\CodeIgniter->run()
 8 SYSTEMPATH\Commands\Server\rewrite.php(46): require_once('FCPATH\\index.php')
CRITICAL - 2022-11-16 07:13:48 --> Class "App\Models\Kriteriamodel" not found
in APPPATH\Controllers\Kriteria.php on line 7.
 1 SYSTEMPATH\CodeIgniter.php(927): App\Controllers\Kriteria->index()
 2 SYSTEMPATH\CodeIgniter.php(482): CodeIgniter\CodeIgniter->runController(Object(App\Controllers\Kriteria))
 3 SYSTEMPATH\CodeIgniter.php(351): CodeIgniter\CodeIgniter->handleRequest(null, Object(Config\Cache), false)
 4 FCPATH\index.php(67): CodeIgniter\CodeIgniter->run()
 5 SYSTEMPATH\Commands\Server\rewrite.php(46): require_once('FCPATH\\index.php')
CRITICAL - 2022-11-16 07:17:12 --> syntax error, unexpected token "=>"
in APPPATH\Controllers\Skema.php on line 19.
 1 SYSTEMPATH\Autoloader\Autoloader.php(259): CodeIgniter\Autoloader\Autoloader->includeFile('APPPATH\\Controllers\\Skema.php')
 2 SYSTEMPATH\Autoloader\Autoloader.php(237): CodeIgniter\Autoloader\Autoloader->loadInNamespace('App\\Controllers\\Skema')
 3 [internal function]: CodeIgniter\Autoloader\Autoloader->loadClass('App\\Controllers\\Skema')
 4 SYSTEMPATH\CodeIgniter.php(877): class_exists('\\App\\Controllers\\Skema', true)
 5 SYSTEMPATH\CodeIgniter.php(469): CodeIgniter\CodeIgniter->startController()
 6 SYSTEMPATH\CodeIgniter.php(351): CodeIgniter\CodeIgniter->handleRequest(null, Object(Config\Cache), false)
 7 FCPATH\index.php(67): CodeIgniter\CodeIgniter->run()
 8 SYSTEMPATH\Commands\Server\rewrite.php(46): require_once('FCPATH\\index.php')
CRITICAL - 2022-11-16 07:17:17 --> syntax error, unexpected token "=>"
in APPPATH\Controllers\Skema.php on line 19.
 1 SYSTEMPATH\Autoloader\Autoloader.php(259): CodeIgniter\Autoloader\Autoloader->includeFile('APPPATH\\Controllers\\Skema.php')
 2 SYSTEMPATH\Autoloader\Autoloader.php(237): CodeIgniter\Autoloader\Autoloader->loadInNamespace('App\\Controllers\\Skema')
 3 [internal function]: CodeIgniter\Autoloader\Autoloader->loadClass('App\\Controllers\\Skema')
 4 SYSTEMPATH\CodeIgniter.php(877): class_exists('\\App\\Controllers\\Skema', true)
 5 SYSTEMPATH\CodeIgniter.php(469): CodeIgniter\CodeIgniter->startController()
 6 SYSTEMPATH\CodeIgniter.php(351): CodeIgniter\CodeIgniter->handleRequest(null, Object(Config\Cache), false)
 7 FCPATH\index.php(67): CodeIgniter\CodeIgniter->run()
 8 SYSTEMPATH\Commands\Server\rewrite.php(46): require_once('FCPATH\\index.php')
CRITICAL - 2022-11-16 07:17:28 --> syntax error, unexpected token "=>"
in APPPATH\Controllers\Skema.php on line 19.
 1 SYSTEMPATH\Autoloader\Autoloader.php(259): CodeIgniter\Autoloader\Autoloader->includeFile('APPPATH\\Controllers\\Skema.php')
 2 SYSTEMPATH\Autoloader\Autoloader.php(237): CodeIgniter\Autoloader\Autoloader->loadInNamespace('App\\Controllers\\Skema')
 3 [internal function]: CodeIgniter\Autoloader\Autoloader->loadClass('App\\Controllers\\Skema')
 4 SYSTEMPATH\CodeIgniter.php(877): class_exists('\\App\\Controllers\\Skema', true)
 5 SYSTEMPATH\CodeIgniter.php(469): CodeIgniter\CodeIgniter->startController()
 6 SYSTEMPATH\CodeIgniter.php(351): CodeIgniter\CodeIgniter->handleRequest(null, Object(Config\Cache), false)
 7 FCPATH\index.php(67): CodeIgniter\CodeIgniter->run()
 8 SYSTEMPATH\Commands\Server\rewrite.php(46): require_once('FCPATH\\index.php')
CRITICAL - 2022-11-16 07:17:48 --> syntax error, unexpected token "}"
in APPPATH\Controllers\Skema.php on line 22.
 1 SYSTEMPATH\Autoloader\Autoloader.php(259): CodeIgniter\Autoloader\Autoloader->includeFile('APPPATH\\Controllers\\Skema.php')
 2 SYSTEMPATH\Autoloader\Autoloader.php(237): CodeIgniter\Autoloader\Autoloader->loadInNamespace('App\\Controllers\\Skema')
 3 [internal function]: CodeIgniter\Autoloader\Autoloader->loadClass('App\\Controllers\\Skema')
 4 SYSTEMPATH\CodeIgniter.php(877): class_exists('\\App\\Controllers\\Skema', true)
 5 SYSTEMPATH\CodeIgniter.php(469): CodeIgniter\CodeIgniter->startController()
 6 SYSTEMPATH\CodeIgniter.php(351): CodeIgniter\CodeIgniter->handleRequest(null, Object(Config\Cache), false)
 7 FCPATH\index.php(67): CodeIgniter\CodeIgniter->run()
 8 SYSTEMPATH\Commands\Server\rewrite.php(46): require_once('FCPATH\\index.php')
CRITICAL - 2022-11-16 07:29:45 --> Invalid file: admin/nilai.php
in SYSTEMPATH\Exceptions\FrameworkException.php on line 33.
 1 SYSTEMPATH\View\View.php(201): CodeIgniter\Exceptions\FrameworkException::forInvalidFile('admin/nilai.php')
 2 SYSTEMPATH\Common.php(1134): CodeIgniter\View\View->render('admin/nilai', [], true)
 3 APPPATH\Controllers\Nilai.php(8): view('admin/nilai', [...])
 4 SYSTEMPATH\CodeIgniter.php(927): App\Controllers\Nilai->index()
 5 SYSTEMPATH\CodeIgniter.php(482): CodeIgniter\CodeIgniter->runController(Object(App\Controllers\Nilai))
 6 SYSTEMPATH\CodeIgniter.php(351): CodeIgniter\CodeIgniter->handleRequest(null, Object(Config\Cache), false)
 7 FCPATH\index.php(67): CodeIgniter\CodeIgniter->run()
 8 SYSTEMPATH\Commands\Server\rewrite.php(46): require_once('FCPATH\\index.php')
CRITICAL - 2022-11-16 07:38:34 --> syntax error, unexpected variable "$data"
in APPPATH\Controllers\Nilai.php on line 8.
 1 SYSTEMPATH\Autoloader\Autoloader.php(259): CodeIgniter\Autoloader\Autoloader->includeFile('APPPATH\\Controllers\\Nilai.php')
 2 SYSTEMPATH\Autoloader\Autoloader.php(237): CodeIgniter\Autoloader\Autoloader->loadInNamespace('App\\Controllers\\Nilai')
 3 [internal function]: CodeIgniter\Autoloader\Autoloader->loadClass('App\\Controllers\\Nilai')
 4 SYSTEMPATH\CodeIgniter.php(877): class_exists('\\App\\Controllers\\Nilai', true)
 5 SYSTEMPATH\CodeIgniter.php(469): CodeIgniter\CodeIgniter->startController()
 6 SYSTEMPATH\CodeIgniter.php(351): CodeIgniter\CodeIgniter->handleRequest(null, Object(Config\Cache), false)
 7 FCPATH\index.php(67): CodeIgniter\CodeIgniter->run()
 8 SYSTEMPATH\Commands\Server\rewrite.php(46): require_once('FCPATH\\index.php')
CRITICAL - 2022-11-16 07:38:39 --> Invalid file: admin/nilai.php
in SYSTEMPATH\Exceptions\FrameworkException.php on line 33.
 1 SYSTEMPATH\View\View.php(201): CodeIgniter\Exceptions\FrameworkException::forInvalidFile('admin/nilai.php')
 2 SYSTEMPATH\Common.php(1134): CodeIgniter\View\View->render('admin/nilai', [], true)
 3 APPPATH\Controllers\Nilai.php(9): view('admin/nilai', [...])
 4 SYSTEMPATH\CodeIgniter.php(927): App\Controllers\Nilai->index()
 5 SYSTEMPATH\CodeIgniter.php(482): CodeIgniter\CodeIgniter->runController(Object(App\Controllers\Nilai))
 6 SYSTEMPATH\CodeIgniter.php(351): CodeIgniter\CodeIgniter->handleRequest(null, Object(Config\Cache), false)
 7 FCPATH\index.php(67): CodeIgniter\CodeIgniter->run()
 8 SYSTEMPATH\Commands\Server\rewrite.php(46): require_once('FCPATH\\index.php')
CRITICAL - 2022-11-16 07:40:38 --> Undefined variable $b
in APPPATH\Views\admin\nilai.php on line 37.
 1 APPPATH\Views\admin\nilai.php(37): CodeIgniter\Debug\Exceptions->errorHandler(2, 'Undefined variable $b', 'APPPATH\\Views\\admin\\nilai.php', 37)
 2 SYSTEMPATH\View\View.php(213): include('APPPATH\\Views\\admin\\nilai.php')
 3 SYSTEMPATH\View\View.php(216): CodeIgniter\View\View->CodeIgniter\View\{closure}()
 4 SYSTEMPATH\Common.php(1134): CodeIgniter\View\View->render('admin/nilai', [], true)
 5 APPPATH\Controllers\Nilai.php(9): view('admin/nilai', [...])
 6 SYSTEMPATH\CodeIgniter.php(927): App\Controllers\Nilai->index()
 7 SYSTEMPATH\CodeIgniter.php(482): CodeIgniter\CodeIgniter->runController(Object(App\Controllers\Nilai))
 8 SYSTEMPATH\CodeIgniter.php(351): CodeIgniter\CodeIgniter->handleRequest(null, Object(Config\Cache), false)
 9 FCPATH\index.php(67): CodeIgniter\CodeIgniter->run()
10 SYSTEMPATH\Commands\Server\rewrite.php(46): require_once('FCPATH\\index.php')
CRITICAL - 2022-11-16 07:41:08 --> count(): Argument #1 ($var) must be of type Countable|array, string given
in APPPATH\Views\admin\nilai.php on line 72.
 1 SYSTEMPATH\View\View.php(213): include()
 2 SYSTEMPATH\View\View.php(216): CodeIgniter\View\View->CodeIgniter\View\{closure}()
 3 SYSTEMPATH\Common.php(1134): CodeIgniter\View\View->render('admin/nilai', [], true)
 4 APPPATH\Controllers\Nilai.php(9): view('admin/nilai', [...])
 5 SYSTEMPATH\CodeIgniter.php(927): App\Controllers\Nilai->index()
 6 SYSTEMPATH\CodeIgniter.php(482): CodeIgniter\CodeIgniter->runController(Object(App\Controllers\Nilai))
 7 SYSTEMPATH\CodeIgniter.php(351): CodeIgniter\CodeIgniter->handleRequest(null, Object(Config\Cache), false)
 8 FCPATH\index.php(67): CodeIgniter\CodeIgniter->run()
 9 SYSTEMPATH\Commands\Server\rewrite.php(46): require_once('FCPATH\\index.php')
CRITICAL - 2022-11-16 07:46:30 --> Undefined variable $i
in APPPATH\Views\admin\nilai.php on line 4.
 1 APPPATH\Views\admin\nilai.php(4): CodeIgniter\Debug\Exceptions->errorHandler(2, 'Undefined variable $i', 'APPPATH\\Views\\admin\\nilai.php', 4)
 2 SYSTEMPATH\View\View.php(213): include('APPPATH\\Views\\admin\\nilai.php')
 3 SYSTEMPATH\View\View.php(216): CodeIgniter\View\View->CodeIgniter\View\{closure}()
 4 SYSTEMPATH\Common.php(1134): CodeIgniter\View\View->render('admin/nilai', [], true)
 5 APPPATH\Controllers\Nilai.php(19): view('admin/nilai', [...])
 6 SYSTEMPATH\CodeIgniter.php(927): App\Controllers\Nilai->tampildata()
 7 SYSTEMPATH\CodeIgniter.php(482): CodeIgniter\CodeIgniter->runController(Object(App\Controllers\Nilai))
 8 SYSTEMPATH\CodeIgniter.php(351): CodeIgniter\CodeIgniter->handleRequest(null, Object(Config\Cache), false)
 9 FCPATH\index.php(67): CodeIgniter\CodeIgniter->run()
10 SYSTEMPATH\Commands\Server\rewrite.php(46): require_once('FCPATH\\index.php')
CRITICAL - 2022-11-16 07:55:08 --> Undefined array key "kodekriteria"
in APPPATH\Views\admin\nilai.php on line 74.
 1 APPPATH\Views\admin\nilai.php(74): CodeIgniter\Debug\Exceptions->errorHandler(2, 'Undefined array key "kodekriteria"', 'APPPATH\\Views\\admin\\nilai.php', 74)
 2 SYSTEMPATH\View\View.php(213): include('APPPATH\\Views\\admin\\nilai.php')
 3 SYSTEMPATH\View\View.php(216): CodeIgniter\View\View->CodeIgniter\View\{closure}()
 4 SYSTEMPATH\Common.php(1134): CodeIgniter\View\View->render('admin/nilai', [], true)
 5 APPPATH\Controllers\Nilai.php(19): view('admin/nilai', [...])
 6 SYSTEMPATH\CodeIgniter.php(927): App\Controllers\Nilai->tampildata()
 7 SYSTEMPATH\CodeIgniter.php(482): CodeIgniter\CodeIgniter->runController(Object(App\Controllers\Nilai))
 8 SYSTEMPATH\CodeIgniter.php(351): CodeIgniter\CodeIgniter->handleRequest(null, Object(Config\Cache), false)
 9 FCPATH\index.php(67): CodeIgniter\CodeIgniter->run()
10 SYSTEMPATH\Commands\Server\rewrite.php(46): require_once('FCPATH\\index.php')
CRITICAL - 2022-11-16 07:57:03 --> Uninitialized string offset 2023
in APPPATH\Views\admin\nilai.php on line 113.
 1 APPPATH\Views\admin\nilai.php(113): CodeIgniter\Debug\Exceptions->errorHandler(2, 'Uninitialized string offset 2023', 'APPPATH\\Views\\admin\\nilai.php', 113)
 2 SYSTEMPATH\View\View.php(213): include('APPPATH\\Views\\admin\\nilai.php')
 3 SYSTEMPATH\View\View.php(216): CodeIgniter\View\View->CodeIgniter\View\{closure}()
 4 SYSTEMPATH\Common.php(1134): CodeIgniter\View\View->render('admin/nilai', [], true)
 5 APPPATH\Controllers\Nilai.php(19): view('admin/nilai', [...])
 6 SYSTEMPATH\CodeIgniter.php(927): App\Controllers\Nilai->tampildata()
 7 SYSTEMPATH\CodeIgniter.php(482): CodeIgniter\CodeIgniter->runController(Object(App\Controllers\Nilai))
 8 SYSTEMPATH\CodeIgniter.php(351): CodeIgniter\CodeIgniter->handleRequest(null, Object(Config\Cache), false)
 9 FCPATH\index.php(67): CodeIgniter\CodeIgniter->run()
10 SYSTEMPATH\Commands\Server\rewrite.php(46): require_once('FCPATH\\index.php')
CRITICAL - 2022-11-16 08:06:28 --> Undefined variable $dbm
in APPPATH\Controllers\Nilai.php on line 27.
 1 APPPATH\Controllers\Nilai.php(27): CodeIgniter\Debug\Exceptions->errorHandler(2, 'Undefined variable $dbm', 'APPPATH\\Controllers\\Nilai.php', 27)
 2 SYSTEMPATH\CodeIgniter.php(927): App\Controllers\Nilai->simpandata()
 3 SYSTEMPATH\CodeIgniter.php(482): CodeIgniter\CodeIgniter->runController(Object(App\Controllers\Nilai))
 4 SYSTEMPATH\CodeIgniter.php(351): CodeIgniter\CodeIgniter->handleRequest(null, Object(Config\Cache), false)
 5 FCPATH\index.php(67): CodeIgniter\CodeIgniter->run()
 6 SYSTEMPATH\Commands\Server\rewrite.php(46): require_once('FCPATH\\index.php')
CRITICAL - 2022-11-16 08:09:40 --> Array to string conversion
in APPPATH\Views\admin\nilai.php on line 90.
 1 APPPATH\Views\admin\nilai.php(90): CodeIgniter\Debug\Exceptions->errorHandler(2, 'Array to string conversion', 'APPPATH\\Views\\admin\\nilai.php', 90)
 2 SYSTEMPATH\View\View.php(213): include('APPPATH\\Views\\admin\\nilai.php')
 3 SYSTEMPATH\View\View.php(216): CodeIgniter\View\View->CodeIgniter\View\{closure}()
 4 SYSTEMPATH\Common.php(1134): CodeIgniter\View\View->render('admin/nilai', [], true)
 5 APPPATH\Controllers\Nilai.php(19): view('admin/nilai', [...])
 6 SYSTEMPATH\CodeIgniter.php(927): App\Controllers\Nilai->tampildata()
 7 SYSTEMPATH\CodeIgniter.php(482): CodeIgniter\CodeIgniter->runController(Object(App\Controllers\Nilai))
 8 SYSTEMPATH\CodeIgniter.php(351): CodeIgniter\CodeIgniter->handleRequest(null, Object(Config\Cache), false)
 9 FCPATH\index.php(67): CodeIgniter\CodeIgniter->run()
10 SYSTEMPATH\Commands\Server\rewrite.php(46): require_once('FCPATH\\index.php')
