CRITICAL - 2023-08-13 09:30:00 --> Undefined array key 6
in APPPATH\Views\pen\landing.php on line 147.
 1 APPPATH\Views\pen\landing.php(147): CodeIgniter\Debug\Exceptions->errorHandler(2, 'Undefined array key 6', 'APPPATH\\Views\\pen\\landing.php', 147)
 2 SYSTEMPATH\View\View.php(213): include('APPPATH\\Views\\pen\\landing.php')
 3 SYSTEMPATH\View\View.php(216): CodeIgniter\View\View->CodeIgniter\View\{closure}()
 4 SYSTEMPATH\Common.php(1134): CodeIgniter\View\View->render('pen/landing', [], true)
 5 APPPATH\Controllers\Penjualan.php(17): view('pen/landing')
 6 SYSTEMPATH\CodeIgniter.php(927): App\Controllers\Penjualan->index()
 7 SYSTEMPATH\CodeIgniter.php(482): CodeIgniter\CodeIgniter->runController(Object(App\Controllers\Penjualan))
 8 SYSTEMPATH\CodeIgniter.php(351): CodeIgniter\CodeIgniter->handleRequest(null, Object(Config\Cache), false)
 9 FCPATH\index.php(67): CodeIgniter\CodeIgniter->run()
10 SYSTEMPATH\Commands\Server\rewrite.php(46): require_once('FCPATH\\index.php')
CRITICAL - 2023-08-13 09:30:01 --> Uncaught ErrorException: file_get_contents(C:\xampp\htdocs\mochan\app\Views\errors\html\debug.js): Failed to open stream: No such file or directory in C:\xampp\htdocs\mochan\app\Views\errors\html\error_exception.php:14
Stack trace:
#0 [internal function]: CodeIgniter\Debug\Exceptions->errorHandler(2, 'file_get_conten...', 'C:\\xampp\\htdocs...', 14)
#1 C:\xampp\htdocs\mochan\app\Views\errors\html\error_exception.php(14): file_get_contents('C:\\xampp\\htdocs...')
#2 C:\xampp\htdocs\mochan\system\Debug\Exceptions.php(284): include('C:\\xampp\\htdocs...')
#3 C:\xampp\htdocs\mochan\system\Debug\Exceptions.php(287): CodeIgniter\Debug\Exceptions->CodeIgniter\Debug\{closure}()
#4 C:\xampp\htdocs\mochan\system\Debug\Exceptions.php(139): CodeIgniter\Debug\Exceptions->render(Object(ErrorException), 500)
#5 [internal function]: CodeIgniter\Debug\Exceptions->exceptionHandler(Object(ErrorException))
#6 {main}
  thrown
in APPPATH\Views\errors\html\error_exception.php on line 14.
 1 [internal function]: CodeIgniter\Debug\Exceptions->shutdownHandler()
